2025-12-09 17:34:48,548 INFO o.a.j.u.JMeterUtils: Setting Locale to en_EN
2025-12-09 17:34:48,567 INFO o.a.j.JMeter: Loading user properties from: C:\apache-jmeter\bin\user.properties
2025-12-09 17:34:48,568 INFO o.a.j.JMeter: Loading system properties from: C:\apache-jmeter\bin\system.properties
2025-12-09 17:34:48,568 INFO o.a.j.JMeter: Setting JMeter property: BASE_URL=http://localhost:8080
2025-12-09 17:34:48,568 INFO o.a.j.JMeter: Setting JMeter property: duration=300
2025-12-09 17:34:48,576 INFO o.a.j.JMeter: Copyright (c) 1998-2024 The Apache Software Foundation
2025-12-09 17:34:48,577 INFO o.a.j.JMeter: Version 5.6.3
2025-12-09 17:34:48,577 INFO o.a.j.JMeter: java.version=25.0.1
2025-12-09 17:34:48,577 INFO o.a.j.JMeter: java.vm.name=Java HotSpot(TM) 64-Bit Server VM
2025-12-09 17:34:48,577 INFO o.a.j.JMeter: os.name=Windows 10
2025-12-09 17:34:48,577 INFO o.a.j.JMeter: os.arch=amd64
2025-12-09 17:34:48,577 INFO o.a.j.JMeter: os.version=10.0
2025-12-09 17:34:48,577 INFO o.a.j.JMeter: file.encoding=UTF-8
2025-12-09 17:34:48,578 INFO o.a.j.JMeter: java.awt.headless=true
2025-12-09 17:34:48,578 INFO o.a.j.JMeter: Max memory     =1073741824
2025-12-09 17:34:48,578 INFO o.a.j.JMeter: Available Processors =16
2025-12-09 17:34:48,594 INFO o.a.j.JMeter: Default Locale=English (EN)
2025-12-09 17:34:48,594 INFO o.a.j.JMeter: JMeter  Locale=English (EN)
2025-12-09 17:34:48,594 INFO o.a.j.JMeter: JMeterHome=C:\apache-jmeter
2025-12-09 17:34:48,594 INFO o.a.j.JMeter: user.dir  =C:\Users\Imad ADAOUMOUM\Downloads\recordinglabs\benchmark-rest-services
2025-12-09 17:34:48,595 INFO o.a.j.JMeter: PWD       =C:\Users\Imad ADAOUMOUM\Downloads\recordinglabs\benchmark-rest-services
2025-12-09 17:34:48,600 INFO o.a.j.JMeter: IP: 10.5.0.2 Name: DESKTOP-T08ES81 FullName: 10.5.0.2
2025-12-09 17:34:48,614 INFO o.a.j.s.FileServer: Default base='C:\Users\Imad ADAOUMOUM\Downloads\recordinglabs\benchmark-rest-services'
2025-12-09 17:34:48,615 INFO o.a.j.s.FileServer: Set new base='C:\Users\Imad ADAOUMOUM\Downloads\recordinglabs\benchmark-rest-services\jmeter\test-plans'
2025-12-09 17:34:48,855 INFO o.a.j.s.SaveService: Testplan (JMX) version: 2.2. Testlog (JTL) version: 2.2
2025-12-09 17:34:48,877 INFO o.a.j.s.SaveService: Using SaveService properties version 5.0
2025-12-09 17:34:48,880 INFO o.a.j.s.SaveService: Using SaveService properties file encoding UTF-8
2025-12-09 17:34:48,884 INFO o.a.j.s.SaveService: Loading file: jmeter\test-plans\3-mixed-operations.jmx
2025-12-09 17:34:48,940 INFO o.a.j.p.h.s.HTTPSamplerBase: Parser for text/html is org.apache.jmeter.protocol.http.parser.LagartoBasedHtmlParser
2025-12-09 17:34:48,940 INFO o.a.j.p.h.s.HTTPSamplerBase: Parser for application/xhtml+xml is org.apache.jmeter.protocol.http.parser.LagartoBasedHtmlParser
2025-12-09 17:34:48,940 INFO o.a.j.p.h.s.HTTPSamplerBase: Parser for application/xml is org.apache.jmeter.protocol.http.parser.LagartoBasedHtmlParser
2025-12-09 17:34:48,940 INFO o.a.j.p.h.s.HTTPSamplerBase: Parser for text/xml is org.apache.jmeter.protocol.http.parser.LagartoBasedHtmlParser
2025-12-09 17:34:48,940 INFO o.a.j.p.h.s.HTTPSamplerBase: Parser for text/vnd.wap.wml is org.apache.jmeter.protocol.http.parser.RegexpHTMLParser
2025-12-09 17:34:48,940 INFO o.a.j.p.h.s.HTTPSamplerBase: Parser for text/css is org.apache.jmeter.protocol.http.parser.CssParser
2025-12-09 17:34:48,973 INFO o.a.j.s.SampleResult: Note: Sample TimeStamps are START times
2025-12-09 17:34:48,973 INFO o.a.j.s.SampleResult: sampleresult.default.encoding is set to UTF-8
2025-12-09 17:34:48,973 INFO o.a.j.s.SampleResult: sampleresult.useNanoTime=true
2025-12-09 17:34:48,973 INFO o.a.j.s.SampleResult: sampleresult.nanoThreadSleep=5000
2025-12-09 17:34:48,981 INFO o.a.j.JMeter: Creating summariser <summary>
2025-12-09 17:34:48,990 INFO o.a.j.e.StandardJMeterEngine: Running the test!
2025-12-09 17:34:48,991 INFO o.a.j.s.SampleEvent: List of sample_variables: []
2025-12-09 17:34:48,991 INFO o.a.j.s.SampleEvent: List of sample_variables: []
2025-12-09 17:34:48,995 INFO o.a.j.e.u.CompoundVariable: Note: Function class names must contain the string: '.functions.'
2025-12-09 17:34:48,995 INFO o.a.j.e.u.CompoundVariable: Note: Function class names must not contain the string: '.gui.'
2025-12-09 17:34:49,084 INFO o.a.j.v.b.BackendListener: InfluxDB Backend Listener: Starting worker with class: class org.apache.jmeter.visualizers.backend.influxdb.InfluxdbBackendListenerClient and queue capacity: 5000
2025-12-09 17:34:49,085 INFO o.a.j.v.b.BackendListener: InfluxDB Backend Listener: Started  worker with class: class org.apache.jmeter.visualizers.backend.influxdb.InfluxdbBackendListenerClient
2025-12-09 17:34:49,248 INFO o.a.j.JMeter: Running test (1765298089248)
2025-12-09 17:34:49,266 INFO o.a.j.e.StandardJMeterEngine: Starting ThreadGroup: 1 : Threads: 50 -> 100
2025-12-09 17:34:49,266 INFO o.a.j.e.StandardJMeterEngine: Starting 100 threads for group Threads: 50 -> 100.
2025-12-09 17:34:49,266 INFO o.a.j.e.StandardJMeterEngine: Thread will continue on error
2025-12-09 17:34:49,266 INFO o.a.j.t.ThreadGroup: Starting thread group... number=1 threads=100 ramp-up=120 delayedStart=false
2025-12-09 17:34:49,342 ERROR o.a.j.v.b.i.HttpMetricsSender: Error writing metrics to influxDB Url: http://localhost:8086/write?db=jmeter, responseCode: 401, responseBody: {"code":"unauthorized","message":"unauthorized access"}
2025-12-09 17:34:49,343 INFO o.a.j.t.ThreadGroup: Started thread group number 1
2025-12-09 17:34:49,343 INFO o.a.j.e.StandardJMeterEngine: All thread groups have been started
2025-12-09 17:34:49,371 INFO o.a.j.t.JMeterThread: Thread started: Threads: 50 -> 100 1-1
2025-12-09 17:34:49,373 INFO o.a.j.s.FileServer: Stored: ../data/item-ids.csv
2025-12-09 17:34:49,392 INFO o.a.j.s.FileServer: Stored: ../data/category-ids.csv
2025-12-09 17:34:49,403 INFO o.a.j.p.h.s.HTTPHCAbstractImpl: Local host = DESKTOP-T08ES81
2025-12-09 17:34:49,415 INFO o.a.j.p.h.s.HTTPHC4Impl: HTTP request retry count = 0
2025-12-09 17:34:50,552 INFO o.a.j.t.JMeterThread: Thread started: Threads: 50 -> 100 1-2
2025-12-09 17:34:51,762 INFO o.a.j.t.JMeterThread: Thread started: Threads: 50 -> 100 1-3
2025-12-09 17:34:52,951 INFO o.a.j.t.JMeterThread: Thread started: Threads: 50 -> 100 1-4
2025-12-09 17:34:54,164 INFO o.a.j.t.JMeterThread: Thread started: Threads: 50 -> 100 1-5
2025-12-09 17:34:54,274 ERROR o.a.j.v.b.i.HttpMetricsSender: Error writing metrics to influxDB Url: http://localhost:8086/write?db=jmeter, responseCode: 401, responseBody: {"code":"unauthorized","message":"unauthorized access"}
2025-12-09 17:34:55,349 INFO o.a.j.t.JMeterThread: Thread started: Threads: 50 -> 100 1-6
2025-12-09 17:34:56,550 INFO o.a.j.t.JMeterThread: Thread started: Threads: 50 -> 100 1-7
2025-12-09 17:34:57,759 INFO o.a.j.t.JMeterThread: Thread started: Threads: 50 -> 100 1-8
2025-12-09 17:34:58,957 INFO o.a.j.t.JMeterThread: Thread started: Threads: 50 -> 100 1-9
2025-12-09 17:34:59,288 ERROR o.a.j.v.b.i.HttpMetricsSender: Error writing metrics to influxDB Url: http://localhost:8086/write?db=jmeter, responseCode: 401, responseBody: {"code":"unauthorized","message":"unauthorized access"}
2025-12-09 17:35:00,002 INFO o.a.j.r.Summariser: summary +   3034 in 00:00:11 =  282.2/s Avg:    16 Min:     1 Max:    86 Err:   998 (32.89%) Active: 9 Started: 9 Finished: 0
2025-12-09 17:35:00,139 INFO o.a.j.t.JMeterThread: Thread started: Threads: 50 -> 100 1-10
2025-12-09 17:35:01,335 INFO o.a.j.t.JMeterThread: Thread started: Threads: 50 -> 100 1-11
2025-12-09 17:35:02,539 INFO o.a.j.t.JMeterThread: Thread started: Threads: 50 -> 100 1-12
2025-12-09 17:35:03,743 INFO o.a.j.t.JMeterThread: Thread started: Threads: 50 -> 100 1-13
2025-12-09 17:35:04,280 ERROR o.a.j.v.b.i.HttpMetricsSender: Error writing metrics to influxDB Url: http://localhost:8086/write?db=jmeter, responseCode: 401, responseBody: {"code":"unauthorized","message":"unauthorized access"}
2025-12-09 17:35:04,930 INFO o.a.j.t.JMeterThread: Thread started: Threads: 50 -> 100 1-14
2025-12-09 17:35:06,132 INFO o.a.j.t.JMeterThread: Thread started: Threads: 50 -> 100 1-15
2025-12-09 17:35:07,351 INFO o.a.j.t.JMeterThread: Thread started: Threads: 50 -> 100 1-16
2025-12-09 17:35:08,544 INFO o.a.j.t.JMeterThread: Thread started: Threads: 50 -> 100 1-17
2025-12-09 17:35:09,279 ERROR o.a.j.v.b.i.HttpMetricsSender: Error writing metrics to influxDB Url: http://localhost:8086/write?db=jmeter, responseCode: 401, responseBody: {"code":"unauthorized","message":"unauthorized access"}
2025-12-09 17:35:09,741 INFO o.a.j.t.JMeterThread: Thread started: Threads: 50 -> 100 1-18
2025-12-09 17:35:10,938 INFO o.a.j.t.JMeterThread: Thread started: Threads: 50 -> 100 1-19
2025-12-09 17:35:12,129 INFO o.a.j.t.JMeterThread: Thread started: Threads: 50 -> 100 1-20
2025-12-09 17:35:13,327 INFO o.a.j.t.JMeterThread: Thread started: Threads: 50 -> 100 1-21
2025-12-09 17:35:14,269 ERROR o.a.j.v.b.i.HttpMetricsSender: Error writing metrics to influxDB Url: http://localhost:8086/write?db=jmeter, responseCode: 401, responseBody: {"code":"unauthorized","message":"unauthorized access"}
2025-12-09 17:35:14,525 INFO o.a.j.t.JMeterThread: Thread started: Threads: 50 -> 100 1-22
2025-12-09 17:35:15,732 INFO o.a.j.t.JMeterThread: Thread started: Threads: 50 -> 100 1-23
2025-12-09 17:35:16,938 INFO o.a.j.t.JMeterThread: Thread started: Threads: 50 -> 100 1-24
2025-12-09 17:35:18,135 INFO o.a.j.t.JMeterThread: Thread started: Threads: 50 -> 100 1-25
2025-12-09 17:35:19,270 ERROR o.a.j.v.b.i.HttpMetricsSender: Error writing metrics to influxDB Url: http://localhost:8086/write?db=jmeter, responseCode: 401, responseBody: {"code":"unauthorized","message":"unauthorized access"}
2025-12-09 17:35:19,324 INFO o.a.j.t.JMeterThread: Thread started: Threads: 50 -> 100 1-26
2025-12-09 17:35:20,534 INFO o.a.j.t.JMeterThread: Thread started: Threads: 50 -> 100 1-27
2025-12-09 17:35:21,720 INFO o.a.j.t.JMeterThread: Thread started: Threads: 50 -> 100 1-28
2025-12-09 17:35:22,925 INFO o.a.j.t.JMeterThread: Thread started: Threads: 50 -> 100 1-29
2025-12-09 17:35:24,131 INFO o.a.j.t.JMeterThread: Thread started: Threads: 50 -> 100 1-30
2025-12-09 17:35:24,267 ERROR o.a.j.v.b.i.HttpMetricsSender: Error writing metrics to influxDB Url: http://localhost:8086/write?db=jmeter, responseCode: 401, responseBody: {"code":"unauthorized","message":"unauthorized access"}
2025-12-09 17:35:25,330 INFO o.a.j.t.JMeterThread: Thread started: Threads: 50 -> 100 1-31
2025-12-09 17:35:26,537 INFO o.a.j.t.JMeterThread: Thread started: Threads: 50 -> 100 1-32
2025-12-09 17:35:27,721 INFO o.a.j.t.JMeterThread: Thread started: Threads: 50 -> 100 1-33
2025-12-09 17:35:28,930 INFO o.a.j.t.JMeterThread: Thread started: Threads: 50 -> 100 1-34
2025-12-09 17:35:29,275 ERROR o.a.j.v.b.i.HttpMetricsSender: Error writing metrics to influxDB Url: http://localhost:8086/write?db=jmeter, responseCode: 401, responseBody: {"code":"unauthorized","message":"unauthorized access"}
2025-12-09 17:35:30,001 INFO o.a.j.r.Summariser: summary +  19797 in 00:00:30 =  659.9/s Avg:    32 Min:     0 Max:   551 Err: 11027 (55.70%) Active: 34 Started: 34 Finished: 0
2025-12-09 17:35:30,002 INFO o.a.j.r.Summariser: summary =  22831 in 00:00:41 =  560.2/s Avg:    30 Min:     0 Max:   551 Err: 12025 (52.67%)
2025-12-09 17:35:30,118 INFO o.a.j.t.JMeterThread: Thread started: Threads: 50 -> 100 1-35
2025-12-09 17:35:31,325 INFO o.a.j.t.JMeterThread: Thread started: Threads: 50 -> 100 1-36
2025-12-09 17:35:32,535 INFO o.a.j.t.JMeterThread: Thread started: Threads: 50 -> 100 1-37
2025-12-09 17:35:33,734 INFO o.a.j.t.JMeterThread: Thread started: Threads: 50 -> 100 1-38
2025-12-09 17:35:34,294 ERROR o.a.j.v.b.i.HttpMetricsSender: Error writing metrics to influxDB Url: http://localhost:8086/write?db=jmeter, responseCode: 401, responseBody: {"code":"unauthorized","message":"unauthorized access"}
2025-12-09 17:35:34,931 INFO o.a.j.t.JMeterThread: Thread started: Threads: 50 -> 100 1-39
2025-12-09 17:35:36,127 INFO o.a.j.t.JMeterThread: Thread started: Threads: 50 -> 100 1-40
2025-12-09 17:35:37,326 INFO o.a.j.t.JMeterThread: Thread started: Threads: 50 -> 100 1-41
2025-12-09 17:35:38,514 INFO o.a.j.t.JMeterThread: Thread started: Threads: 50 -> 100 1-42
2025-12-09 17:35:39,276 ERROR o.a.j.v.b.i.HttpMetricsSender: Error writing metrics to influxDB Url: http://localhost:8086/write?db=jmeter, responseCode: 401, responseBody: {"code":"unauthorized","message":"unauthorized access"}
2025-12-09 17:35:39,730 INFO o.a.j.t.JMeterThread: Thread started: Threads: 50 -> 100 1-43
2025-12-09 17:35:40,918 INFO o.a.j.t.JMeterThread: Thread started: Threads: 50 -> 100 1-44
2025-12-09 17:35:42,130 INFO o.a.j.t.JMeterThread: Thread started: Threads: 50 -> 100 1-45
2025-12-09 17:35:43,322 INFO o.a.j.t.JMeterThread: Thread started: Threads: 50 -> 100 1-46
2025-12-09 17:35:44,282 ERROR o.a.j.v.b.i.HttpMetricsSender: Error writing metrics to influxDB Url: http://localhost:8086/write?db=jmeter, responseCode: 401, responseBody: {"code":"unauthorized","message":"unauthorized access"}
2025-12-09 17:35:44,529 INFO o.a.j.t.JMeterThread: Thread started: Threads: 50 -> 100 1-47
2025-12-09 17:35:45,718 INFO o.a.j.t.JMeterThread: Thread started: Threads: 50 -> 100 1-48
2025-12-09 17:35:46,927 INFO o.a.j.t.JMeterThread: Thread started: Threads: 50 -> 100 1-49
2025-12-09 17:35:48,110 INFO o.a.j.t.JMeterThread: Thread started: Threads: 50 -> 100 1-50
2025-12-09 17:35:49,275 INFO o.a.j.t.JMeterThread: Stopping because end time detected by thread: Threads: 50 -> 100 1-7
2025-12-09 17:35:49,275 INFO o.a.j.t.JMeterThread: Thread finished: Threads: 50 -> 100 1-7
2025-12-09 17:35:49,283 INFO o.a.j.t.JMeterThread: Stopping because end time detected by thread: Threads: 50 -> 100 1-10
2025-12-09 17:35:49,283 INFO o.a.j.t.JMeterThread: Thread finished: Threads: 50 -> 100 1-10
2025-12-09 17:35:49,283 INFO o.a.j.t.JMeterThread: Stopping because end time detected by thread: Threads: 50 -> 100 1-8
2025-12-09 17:35:49,284 INFO o.a.j.t.JMeterThread: Thread finished: Threads: 50 -> 100 1-8
2025-12-09 17:35:49,285 INFO o.a.j.t.JMeterThread: Stopping because end time detected by thread: Threads: 50 -> 100 1-6
2025-12-09 17:35:49,285 INFO o.a.j.t.JMeterThread: Thread finished: Threads: 50 -> 100 1-6
2025-12-09 17:35:49,290 ERROR o.a.j.v.b.i.HttpMetricsSender: Error writing metrics to influxDB Url: http://localhost:8086/write?db=jmeter, responseCode: 401, responseBody: {"code":"unauthorized","message":"unauthorized access"}
2025-12-09 17:35:49,295 INFO o.a.j.t.JMeterThread: Stopping because end time detected by thread: Threads: 50 -> 100 1-9
2025-12-09 17:35:49,295 INFO o.a.j.t.JMeterThread: Thread finished: Threads: 50 -> 100 1-9
2025-12-09 17:35:49,298 INFO o.a.j.t.JMeterThread: Stopping because end time detected by thread: Threads: 50 -> 100 1-12
2025-12-09 17:35:49,298 INFO o.a.j.t.JMeterThread: Stopping because end time detected by thread: Threads: 50 -> 100 1-18
2025-12-09 17:35:49,298 INFO o.a.j.t.JMeterThread: Thread finished: Threads: 50 -> 100 1-12
2025-12-09 17:35:49,298 INFO o.a.j.t.JMeterThread: Stopping because end time detected by thread: Threads: 50 -> 100 1-11
2025-12-09 17:35:49,298 INFO o.a.j.t.JMeterThread: Thread finished: Threads: 50 -> 100 1-18
2025-12-09 17:35:49,298 INFO o.a.j.t.JMeterThread: Stopping because end time detected by thread: Threads: 50 -> 100 1-22
2025-12-09 17:35:49,298 INFO o.a.j.t.JMeterThread: Thread finished: Threads: 50 -> 100 1-11
2025-12-09 17:35:49,298 INFO o.a.j.t.JMeterThread: Thread finished: Threads: 50 -> 100 1-22
2025-12-09 17:35:49,298 INFO o.a.j.t.JMeterThread: Stopping because end time detected by thread: Threads: 50 -> 100 1-20
2025-12-09 17:35:49,298 INFO o.a.j.t.JMeterThread: Thread finished: Threads: 50 -> 100 1-20
2025-12-09 17:35:49,299 INFO o.a.j.t.JMeterThread: Stopping because end time detected by thread: Threads: 50 -> 100 1-24
2025-12-09 17:35:49,299 INFO o.a.j.t.JMeterThread: Thread finished: Threads: 50 -> 100 1-24
2025-12-09 17:35:49,300 INFO o.a.j.t.JMeterThread: Stopping because end time detected by thread: Threads: 50 -> 100 1-19
2025-12-09 17:35:49,300 INFO o.a.j.t.JMeterThread: Thread finished: Threads: 50 -> 100 1-19
2025-12-09 17:35:49,303 INFO o.a.j.t.JMeterThread: Stopping because end time detected by thread: Threads: 50 -> 100 1-26
2025-12-09 17:35:49,303 INFO o.a.j.t.JMeterThread: Stopping because end time detected by thread: Threads: 50 -> 100 1-35
2025-12-09 17:35:49,303 INFO o.a.j.t.JMeterThread: Stopping because end time detected by thread: Threads: 50 -> 100 1-27
2025-12-09 17:35:49,303 INFO o.a.j.t.JMeterThread: Thread finished: Threads: 50 -> 100 1-26
2025-12-09 17:35:49,303 INFO o.a.j.t.JMeterThread: Thread finished: Threads: 50 -> 100 1-27
2025-12-09 17:35:49,303 INFO o.a.j.t.JMeterThread: Stopping because end time detected by thread: Threads: 50 -> 100 1-25
2025-12-09 17:35:49,303 INFO o.a.j.t.JMeterThread: Thread finished: Threads: 50 -> 100 1-35
2025-12-09 17:35:49,303 INFO o.a.j.t.JMeterThread: Thread finished: Threads: 50 -> 100 1-25
2025-12-09 17:35:49,308 INFO o.a.j.t.JMeterThread: Stopping because end time detected by thread: Threads: 50 -> 100 1-38
2025-12-09 17:35:49,308 INFO o.a.j.t.JMeterThread: Stopping because end time detected by thread: Threads: 50 -> 100 1-44
2025-12-09 17:35:49,308 INFO o.a.j.t.JMeterThread: Stopping because end time detected by thread: Threads: 50 -> 100 1-45
2025-12-09 17:35:49,308 INFO o.a.j.t.JMeterThread: Stopping because end time detected by thread: Threads: 50 -> 100 1-39
2025-12-09 17:35:49,308 INFO o.a.j.t.JMeterThread: Thread finished: Threads: 50 -> 100 1-38
2025-12-09 17:35:49,308 INFO o.a.j.t.JMeterThread: Thread finished: Threads: 50 -> 100 1-45
2025-12-09 17:35:49,308 INFO o.a.j.t.JMeterThread: Thread finished: Threads: 50 -> 100 1-44
2025-12-09 17:35:49,308 INFO o.a.j.t.JMeterThread: Thread finished: Threads: 50 -> 100 1-39
2025-12-09 17:35:49,311 INFO o.a.j.t.JMeterThread: Thread started: Threads: 50 -> 100 1-51
2025-12-09 17:35:49,314 INFO o.a.j.t.JMeterThread: Stopping because end time detected by thread: Threads: 50 -> 100 1-51
2025-12-09 17:35:49,314 INFO o.a.j.t.JMeterThread: Thread finished: Threads: 50 -> 100 1-51
2025-12-09 17:35:49,316 INFO o.a.j.t.JMeterThread: Stopping because end time detected by thread: Threads: 50 -> 100 1-33
2025-12-09 17:35:49,316 INFO o.a.j.t.JMeterThread: Stopping because end time detected by thread: Threads: 50 -> 100 1-50
2025-12-09 17:35:49,316 INFO o.a.j.t.JMeterThread: Thread finished: Threads: 50 -> 100 1-33
2025-12-09 17:35:49,316 INFO o.a.j.t.JMeterThread: Thread finished: Threads: 50 -> 100 1-50
2025-12-09 17:35:49,317 INFO o.a.j.t.JMeterThread: Stopping because end time detected by thread: Threads: 50 -> 100 1-5
2025-12-09 17:35:49,317 INFO o.a.j.t.JMeterThread: Thread finished: Threads: 50 -> 100 1-5
2025-12-09 17:35:49,318 INFO o.a.j.t.JMeterThread: Stopping because end time detected by thread: Threads: 50 -> 100 1-42
2025-12-09 17:35:49,318 INFO o.a.j.t.JMeterThread: Stopping because end time detected by thread: Threads: 50 -> 100 1-46
2025-12-09 17:35:49,318 INFO o.a.j.t.JMeterThread: Thread finished: Threads: 50 -> 100 1-42
2025-12-09 17:35:49,318 INFO o.a.j.t.JMeterThread: Thread finished: Threads: 50 -> 100 1-46
2025-12-09 17:35:49,327 INFO o.a.j.t.JMeterThread: Stopping because end time detected by thread: Threads: 50 -> 100 1-32
2025-12-09 17:35:49,327 INFO o.a.j.t.JMeterThread: Stopping because end time detected by thread: Threads: 50 -> 100 1-31
2025-12-09 17:35:49,327 INFO o.a.j.t.JMeterThread: Thread finished: Threads: 50 -> 100 1-31
2025-12-09 17:35:49,327 INFO o.a.j.t.JMeterThread: Thread finished: Threads: 50 -> 100 1-32
2025-12-09 17:35:49,333 INFO o.a.j.t.JMeterThread: Stopping because end time detected by thread: Threads: 50 -> 100 1-14
2025-12-09 17:35:49,333 INFO o.a.j.t.JMeterThread: Stopping because end time detected by thread: Threads: 50 -> 100 1-43
2025-12-09 17:35:49,333 INFO o.a.j.t.JMeterThread: Stopping because end time detected by thread: Threads: 50 -> 100 1-34
2025-12-09 17:35:49,333 INFO o.a.j.t.JMeterThread: Thread finished: Threads: 50 -> 100 1-43
2025-12-09 17:35:49,333 INFO o.a.j.t.JMeterThread: Thread finished: Threads: 50 -> 100 1-34
2025-12-09 17:35:49,333 INFO o.a.j.t.JMeterThread: Thread finished: Threads: 50 -> 100 1-14
2025-12-09 17:35:49,333 INFO o.a.j.t.JMeterThread: Stopping because end time detected by thread: Threads: 50 -> 100 1-49
2025-12-09 17:35:49,333 INFO o.a.j.t.JMeterThread: Thread finished: Threads: 50 -> 100 1-49
2025-12-09 17:35:49,335 INFO o.a.j.t.JMeterThread: Stopping because end time detected by thread: Threads: 50 -> 100 1-28
2025-12-09 17:35:49,335 INFO o.a.j.t.JMeterThread: Stopping because end time detected by thread: Threads: 50 -> 100 1-3
2025-12-09 17:35:49,336 INFO o.a.j.t.JMeterThread: Thread finished: Threads: 50 -> 100 1-28
2025-12-09 17:35:49,336 INFO o.a.j.t.JMeterThread: Thread finished: Threads: 50 -> 100 1-3
2025-12-09 17:35:49,340 INFO o.a.j.t.JMeterThread: Stopping because end time detected by thread: Threads: 50 -> 100 1-1
2025-12-09 17:35:49,340 INFO o.a.j.t.JMeterThread: Thread finished: Threads: 50 -> 100 1-1
2025-12-09 17:35:49,344 INFO o.a.j.t.JMeterThread: Stopping because end time detected by thread: Threads: 50 -> 100 1-23
2025-12-09 17:35:49,344 INFO o.a.j.t.JMeterThread: Thread finished: Threads: 50 -> 100 1-23
2025-12-09 17:35:49,347 INFO o.a.j.t.JMeterThread: Stopping because end time detected by thread: Threads: 50 -> 100 1-2
2025-12-09 17:35:49,347 INFO o.a.j.t.JMeterThread: Thread finished: Threads: 50 -> 100 1-2
2025-12-09 17:35:49,350 INFO o.a.j.t.JMeterThread: Stopping because end time detected by thread: Threads: 50 -> 100 1-36
2025-12-09 17:35:49,350 INFO o.a.j.t.JMeterThread: Stopping because end time detected by thread: Threads: 50 -> 100 1-4
2025-12-09 17:35:49,350 INFO o.a.j.t.JMeterThread: Thread finished: Threads: 50 -> 100 1-4
2025-12-09 17:35:49,351 INFO o.a.j.t.JMeterThread: Thread finished: Threads: 50 -> 100 1-36
2025-12-09 17:35:49,354 INFO o.a.j.t.JMeterThread: Stopping because end time detected by thread: Threads: 50 -> 100 1-16
2025-12-09 17:35:49,354 INFO o.a.j.t.JMeterThread: Thread finished: Threads: 50 -> 100 1-16
2025-12-09 17:35:49,355 INFO o.a.j.t.JMeterThread: Stopping because end time detected by thread: Threads: 50 -> 100 1-41
2025-12-09 17:35:49,355 INFO o.a.j.t.JMeterThread: Thread finished: Threads: 50 -> 100 1-41
2025-12-09 17:35:49,359 INFO o.a.j.t.JMeterThread: Stopping because end time detected by thread: Threads: 50 -> 100 1-21
2025-12-09 17:35:49,359 INFO o.a.j.t.JMeterThread: Stopping because end time detected by thread: Threads: 50 -> 100 1-47
2025-12-09 17:35:49,359 INFO o.a.j.t.JMeterThread: Thread finished: Threads: 50 -> 100 1-21
2025-12-09 17:35:49,359 INFO o.a.j.t.JMeterThread: Thread finished: Threads: 50 -> 100 1-47
2025-12-09 17:35:49,360 INFO o.a.j.t.JMeterThread: Stopping because end time detected by thread: Threads: 50 -> 100 1-30
2025-12-09 17:35:49,360 INFO o.a.j.t.JMeterThread: Thread finished: Threads: 50 -> 100 1-30
2025-12-09 17:35:49,365 INFO o.a.j.t.JMeterThread: Stopping because end time detected by thread: Threads: 50 -> 100 1-40
2025-12-09 17:35:49,365 INFO o.a.j.t.JMeterThread: Thread finished: Threads: 50 -> 100 1-40
2025-12-09 17:35:49,370 INFO o.a.j.t.JMeterThread: Stopping because end time detected by thread: Threads: 50 -> 100 1-17
2025-12-09 17:35:49,371 INFO o.a.j.t.JMeterThread: Thread finished: Threads: 50 -> 100 1-17
2025-12-09 17:35:49,379 INFO o.a.j.t.JMeterThread: Stopping because end time detected by thread: Threads: 50 -> 100 1-29
2025-12-09 17:35:49,379 INFO o.a.j.t.JMeterThread: Thread finished: Threads: 50 -> 100 1-29
2025-12-09 17:35:49,391 INFO o.a.j.t.JMeterThread: Stopping because end time detected by thread: Threads: 50 -> 100 1-48
2025-12-09 17:35:49,392 INFO o.a.j.t.JMeterThread: Thread finished: Threads: 50 -> 100 1-48
2025-12-09 17:35:49,406 INFO o.a.j.t.JMeterThread: Stopping because end time detected by thread: Threads: 50 -> 100 1-37
2025-12-09 17:35:49,407 INFO o.a.j.t.JMeterThread: Thread finished: Threads: 50 -> 100 1-37
2025-12-09 17:35:49,410 INFO o.a.j.t.JMeterThread: Stopping because end time detected by thread: Threads: 50 -> 100 1-13
2025-12-09 17:35:49,410 INFO o.a.j.t.JMeterThread: Thread finished: Threads: 50 -> 100 1-13
2025-12-09 17:35:49,410 INFO o.a.j.t.JMeterThread: Stopping because end time detected by thread: Threads: 50 -> 100 1-15
2025-12-09 17:35:49,410 INFO o.a.j.t.JMeterThread: Thread finished: Threads: 50 -> 100 1-15
2025-12-09 17:35:50,511 INFO o.a.j.t.JMeterThread: Thread started: Threads: 50 -> 100 1-52
2025-12-09 17:35:50,513 INFO o.a.j.t.JMeterThread: Stopping because end time detected by thread: Threads: 50 -> 100 1-52
2025-12-09 17:35:50,514 INFO o.a.j.t.JMeterThread: Thread finished: Threads: 50 -> 100 1-52
2025-12-09 17:35:51,721 INFO o.a.j.t.JMeterThread: Thread started: Threads: 50 -> 100 1-53
2025-12-09 17:35:51,723 INFO o.a.j.t.JMeterThread: Stopping because end time detected by thread: Threads: 50 -> 100 1-53
2025-12-09 17:35:51,723 INFO o.a.j.t.JMeterThread: Thread finished: Threads: 50 -> 100 1-53
2025-12-09 17:35:52,923 INFO o.a.j.t.JMeterThread: Thread started: Threads: 50 -> 100 1-54
2025-12-09 17:35:52,925 INFO o.a.j.t.JMeterThread: Stopping because end time detected by thread: Threads: 50 -> 100 1-54
2025-12-09 17:35:52,925 INFO o.a.j.t.JMeterThread: Thread finished: Threads: 50 -> 100 1-54
2025-12-09 17:35:54,116 INFO o.a.j.t.JMeterThread: Thread started: Threads: 50 -> 100 1-55
2025-12-09 17:35:54,118 INFO o.a.j.t.JMeterThread: Stopping because end time detected by thread: Threads: 50 -> 100 1-55
2025-12-09 17:35:54,118 INFO o.a.j.t.JMeterThread: Thread finished: Threads: 50 -> 100 1-55
2025-12-09 17:35:54,258 ERROR o.a.j.v.b.i.HttpMetricsSender: Error writing metrics to influxDB Url: http://localhost:8086/write?db=jmeter, responseCode: 401, responseBody: {"code":"unauthorized","message":"unauthorized access"}
2025-12-09 17:35:55,315 INFO o.a.j.t.JMeterThread: Thread started: Threads: 50 -> 100 1-56
2025-12-09 17:35:55,317 INFO o.a.j.t.JMeterThread: Stopping because end time detected by thread: Threads: 50 -> 100 1-56
2025-12-09 17:35:55,317 INFO o.a.j.t.JMeterThread: Thread finished: Threads: 50 -> 100 1-56
2025-12-09 17:35:56,512 INFO o.a.j.t.JMeterThread: Thread started: Threads: 50 -> 100 1-57
2025-12-09 17:35:56,514 INFO o.a.j.t.JMeterThread: Stopping because end time detected by thread: Threads: 50 -> 100 1-57
2025-12-09 17:35:56,514 INFO o.a.j.t.JMeterThread: Thread finished: Threads: 50 -> 100 1-57
2025-12-09 17:35:57,719 INFO o.a.j.t.JMeterThread: Thread started: Threads: 50 -> 100 1-58
2025-12-09 17:35:57,725 INFO o.a.j.t.JMeterThread: Stopping because end time detected by thread: Threads: 50 -> 100 1-58
2025-12-09 17:35:57,725 INFO o.a.j.t.JMeterThread: Thread finished: Threads: 50 -> 100 1-58
2025-12-09 17:35:58,916 INFO o.a.j.t.JMeterThread: Thread started: Threads: 50 -> 100 1-59
2025-12-09 17:35:58,918 INFO o.a.j.t.JMeterThread: Stopping because end time detected by thread: Threads: 50 -> 100 1-59
2025-12-09 17:35:58,919 INFO o.a.j.t.JMeterThread: Thread finished: Threads: 50 -> 100 1-59
2025-12-09 17:35:59,248 ERROR o.a.j.v.b.i.HttpMetricsSender: Error writing metrics to influxDB Url: http://localhost:8086/write?db=jmeter, responseCode: 401, responseBody: {"code":"unauthorized","message":"unauthorized access"}
2025-12-09 17:36:00,107 INFO o.a.j.t.JMeterThread: Thread started: Threads: 50 -> 100 1-60
2025-12-09 17:36:00,118 INFO o.a.j.r.Summariser: summary +  20975 in 00:00:30 =  696.5/s Avg:    38 Min:     0 Max:   518 Err: 16849 (80.33%) Active: 1 Started: 60 Finished: 59
2025-12-09 17:36:00,118 INFO o.a.j.r.Summariser: summary =  43806 in 00:01:11 =  618.1/s Avg:    34 Min:     0 Max:   551 Err: 28874 (65.91%)
2025-12-09 17:36:00,118 INFO o.a.j.t.JMeterThread: Stopping because end time detected by thread: Threads: 50 -> 100 1-60
2025-12-09 17:36:00,118 INFO o.a.j.t.JMeterThread: Thread finished: Threads: 50 -> 100 1-60
2025-12-09 17:36:01,311 INFO o.a.j.t.JMeterThread: Thread started: Threads: 50 -> 100 1-61
2025-12-09 17:36:01,314 INFO o.a.j.t.JMeterThread: Stopping because end time detected by thread: Threads: 50 -> 100 1-61
2025-12-09 17:36:01,314 INFO o.a.j.t.JMeterThread: Thread finished: Threads: 50 -> 100 1-61
2025-12-09 17:36:02,504 INFO o.a.j.t.JMeterThread: Thread started: Threads: 50 -> 100 1-62
2025-12-09 17:36:02,511 INFO o.a.j.t.JMeterThread: Stopping because end time detected by thread: Threads: 50 -> 100 1-62
2025-12-09 17:36:02,511 INFO o.a.j.t.JMeterThread: Thread finished: Threads: 50 -> 100 1-62
2025-12-09 17:36:03,718 INFO o.a.j.t.JMeterThread: Thread started: Threads: 50 -> 100 1-63
2025-12-09 17:36:03,720 INFO o.a.j.t.JMeterThread: Stopping because end time detected by thread: Threads: 50 -> 100 1-63
2025-12-09 17:36:03,720 INFO o.a.j.t.JMeterThread: Thread finished: Threads: 50 -> 100 1-63
2025-12-09 17:36:04,247 ERROR o.a.j.v.b.i.HttpMetricsSender: Error writing metrics to influxDB Url: http://localhost:8086/write?db=jmeter, responseCode: 401, responseBody: {"code":"unauthorized","message":"unauthorized access"}
2025-12-09 17:36:04,905 INFO o.a.j.t.JMeterThread: Thread started: Threads: 50 -> 100 1-64
2025-12-09 17:36:04,916 INFO o.a.j.t.JMeterThread: Stopping because end time detected by thread: Threads: 50 -> 100 1-64
2025-12-09 17:36:04,916 INFO o.a.j.t.JMeterThread: Thread finished: Threads: 50 -> 100 1-64
2025-12-09 17:36:06,117 INFO o.a.j.t.JMeterThread: Thread started: Threads: 50 -> 100 1-65
2025-12-09 17:36:06,127 INFO o.a.j.t.JMeterThread: Stopping because end time detected by thread: Threads: 50 -> 100 1-65
2025-12-09 17:36:06,128 INFO o.a.j.t.JMeterThread: Thread finished: Threads: 50 -> 100 1-65
2025-12-09 17:36:07,302 INFO o.a.j.t.JMeterThread: Thread started: Threads: 50 -> 100 1-66
2025-12-09 17:36:07,305 INFO o.a.j.t.JMeterThread: Stopping because end time detected by thread: Threads: 50 -> 100 1-66
2025-12-09 17:36:07,305 INFO o.a.j.t.JMeterThread: Thread finished: Threads: 50 -> 100 1-66
2025-12-09 17:36:08,517 INFO o.a.j.t.JMeterThread: Thread started: Threads: 50 -> 100 1-67
2025-12-09 17:36:08,519 INFO o.a.j.t.JMeterThread: Stopping because end time detected by thread: Threads: 50 -> 100 1-67
2025-12-09 17:36:08,519 INFO o.a.j.t.JMeterThread: Thread finished: Threads: 50 -> 100 1-67
2025-12-09 17:36:09,247 ERROR o.a.j.v.b.i.HttpMetricsSender: Error writing metrics to influxDB Url: http://localhost:8086/write?db=jmeter, responseCode: 401, responseBody: {"code":"unauthorized","message":"unauthorized access"}
2025-12-09 17:36:09,715 INFO o.a.j.t.JMeterThread: Thread started: Threads: 50 -> 100 1-68
2025-12-09 17:36:09,717 INFO o.a.j.t.JMeterThread: Stopping because end time detected by thread: Threads: 50 -> 100 1-68
2025-12-09 17:36:09,717 INFO o.a.j.t.JMeterThread: Thread finished: Threads: 50 -> 100 1-68
2025-12-09 17:36:10,907 INFO o.a.j.t.JMeterThread: Thread started: Threads: 50 -> 100 1-69
2025-12-09 17:36:10,909 INFO o.a.j.t.JMeterThread: Stopping because end time detected by thread: Threads: 50 -> 100 1-69
2025-12-09 17:36:10,909 INFO o.a.j.t.JMeterThread: Thread finished: Threads: 50 -> 100 1-69
2025-12-09 17:36:12,114 INFO o.a.j.t.JMeterThread: Thread started: Threads: 50 -> 100 1-70
2025-12-09 17:36:12,116 INFO o.a.j.t.JMeterThread: Stopping because end time detected by thread: Threads: 50 -> 100 1-70
2025-12-09 17:36:12,116 INFO o.a.j.t.JMeterThread: Thread finished: Threads: 50 -> 100 1-70
2025-12-09 17:36:13,314 INFO o.a.j.t.JMeterThread: Thread started: Threads: 50 -> 100 1-71
2025-12-09 17:36:13,316 INFO o.a.j.t.JMeterThread: Stopping because end time detected by thread: Threads: 50 -> 100 1-71
2025-12-09 17:36:13,316 INFO o.a.j.t.JMeterThread: Thread finished: Threads: 50 -> 100 1-71
2025-12-09 17:36:14,247 ERROR o.a.j.v.b.i.HttpMetricsSender: Error writing metrics to influxDB Url: http://localhost:8086/write?db=jmeter, responseCode: 401, responseBody: {"code":"unauthorized","message":"unauthorized access"}
2025-12-09 17:36:14,508 INFO o.a.j.t.JMeterThread: Thread started: Threads: 50 -> 100 1-72
2025-12-09 17:36:14,510 INFO o.a.j.t.JMeterThread: Stopping because end time detected by thread: Threads: 50 -> 100 1-72
2025-12-09 17:36:14,510 INFO o.a.j.t.JMeterThread: Thread finished: Threads: 50 -> 100 1-72
2025-12-09 17:36:15,711 INFO o.a.j.t.JMeterThread: Thread started: Threads: 50 -> 100 1-73
2025-12-09 17:36:15,713 INFO o.a.j.t.JMeterThread: Stopping because end time detected by thread: Threads: 50 -> 100 1-73
2025-12-09 17:36:15,713 INFO o.a.j.t.JMeterThread: Thread finished: Threads: 50 -> 100 1-73
2025-12-09 17:36:16,903 INFO o.a.j.t.JMeterThread: Thread started: Threads: 50 -> 100 1-74
2025-12-09 17:36:16,905 INFO o.a.j.t.JMeterThread: Stopping because end time detected by thread: Threads: 50 -> 100 1-74
2025-12-09 17:36:16,905 INFO o.a.j.t.JMeterThread: Thread finished: Threads: 50 -> 100 1-74
2025-12-09 17:36:18,101 INFO o.a.j.t.JMeterThread: Thread started: Threads: 50 -> 100 1-75
2025-12-09 17:36:18,103 INFO o.a.j.t.JMeterThread: Stopping because end time detected by thread: Threads: 50 -> 100 1-75
2025-12-09 17:36:18,103 INFO o.a.j.t.JMeterThread: Thread finished: Threads: 50 -> 100 1-75
2025-12-09 17:36:19,247 ERROR o.a.j.v.b.i.HttpMetricsSender: Error writing metrics to influxDB Url: http://localhost:8086/write?db=jmeter, responseCode: 401, responseBody: {"code":"unauthorized","message":"unauthorized access"}
2025-12-09 17:36:19,314 INFO o.a.j.t.JMeterThread: Thread started: Threads: 50 -> 100 1-76
2025-12-09 17:36:19,317 INFO o.a.j.t.JMeterThread: Stopping because end time detected by thread: Threads: 50 -> 100 1-76
2025-12-09 17:36:19,317 INFO o.a.j.t.JMeterThread: Thread finished: Threads: 50 -> 100 1-76
2025-12-09 17:36:20,515 INFO o.a.j.t.JMeterThread: Thread started: Threads: 50 -> 100 1-77
2025-12-09 17:36:20,517 INFO o.a.j.t.JMeterThread: Stopping because end time detected by thread: Threads: 50 -> 100 1-77
2025-12-09 17:36:20,517 INFO o.a.j.t.JMeterThread: Thread finished: Threads: 50 -> 100 1-77
2025-12-09 17:36:21,713 INFO o.a.j.t.JMeterThread: Thread started: Threads: 50 -> 100 1-78
2025-12-09 17:36:21,716 INFO o.a.j.t.JMeterThread: Stopping because end time detected by thread: Threads: 50 -> 100 1-78
2025-12-09 17:36:21,716 INFO o.a.j.t.JMeterThread: Thread finished: Threads: 50 -> 100 1-78
2025-12-09 17:36:22,898 INFO o.a.j.t.JMeterThread: Thread started: Threads: 50 -> 100 1-79
2025-12-09 17:36:22,900 INFO o.a.j.t.JMeterThread: Stopping because end time detected by thread: Threads: 50 -> 100 1-79
2025-12-09 17:36:22,900 INFO o.a.j.t.JMeterThread: Thread finished: Threads: 50 -> 100 1-79
2025-12-09 17:36:24,115 INFO o.a.j.t.JMeterThread: Thread started: Threads: 50 -> 100 1-80
2025-12-09 17:36:24,117 INFO o.a.j.t.JMeterThread: Stopping because end time detected by thread: Threads: 50 -> 100 1-80
2025-12-09 17:36:24,117 INFO o.a.j.t.JMeterThread: Thread finished: Threads: 50 -> 100 1-80
2025-12-09 17:36:24,247 ERROR o.a.j.v.b.i.HttpMetricsSender: Error writing metrics to influxDB Url: http://localhost:8086/write?db=jmeter, responseCode: 401, responseBody: {"code":"unauthorized","message":"unauthorized access"}
2025-12-09 17:36:25,300 INFO o.a.j.t.JMeterThread: Thread started: Threads: 50 -> 100 1-81
2025-12-09 17:36:25,302 INFO o.a.j.t.JMeterThread: Stopping because end time detected by thread: Threads: 50 -> 100 1-81
2025-12-09 17:36:25,303 INFO o.a.j.t.JMeterThread: Thread finished: Threads: 50 -> 100 1-81
2025-12-09 17:36:26,493 INFO o.a.j.t.JMeterThread: Thread started: Threads: 50 -> 100 1-82
2025-12-09 17:36:26,495 INFO o.a.j.t.JMeterThread: Stopping because end time detected by thread: Threads: 50 -> 100 1-82
2025-12-09 17:36:26,495 INFO o.a.j.t.JMeterThread: Thread finished: Threads: 50 -> 100 1-82
2025-12-09 17:36:27,704 INFO o.a.j.t.JMeterThread: Thread started: Threads: 50 -> 100 1-83
2025-12-09 17:36:27,706 INFO o.a.j.t.JMeterThread: Stopping because end time detected by thread: Threads: 50 -> 100 1-83
2025-12-09 17:36:27,706 INFO o.a.j.t.JMeterThread: Thread finished: Threads: 50 -> 100 1-83
2025-12-09 17:36:28,895 INFO o.a.j.t.JMeterThread: Thread started: Threads: 50 -> 100 1-84
2025-12-09 17:36:28,906 INFO o.a.j.t.JMeterThread: Stopping because end time detected by thread: Threads: 50 -> 100 1-84
2025-12-09 17:36:28,906 INFO o.a.j.t.JMeterThread: Thread finished: Threads: 50 -> 100 1-84
2025-12-09 17:36:29,247 ERROR o.a.j.v.b.i.HttpMetricsSender: Error writing metrics to influxDB Url: http://localhost:8086/write?db=jmeter, responseCode: 401, responseBody: {"code":"unauthorized","message":"unauthorized access"}
2025-12-09 17:36:30,096 INFO o.a.j.t.JMeterThread: Thread started: Threads: 50 -> 100 1-85
2025-12-09 17:36:30,098 INFO o.a.j.r.Summariser: summary +     25 in 00:00:30 =    0.8/s Avg:     2 Min:     1 Max:    11 Err:    21 (84.00%) Active: 1 Started: 85 Finished: 84
2025-12-09 17:36:30,098 INFO o.a.j.r.Summariser: summary =  43831 in 00:01:41 =  434.6/s Avg:    34 Min:     0 Max:   551 Err: 28895 (65.92%)
2025-12-09 17:36:30,099 INFO o.a.j.t.JMeterThread: Stopping because end time detected by thread: Threads: 50 -> 100 1-85
2025-12-09 17:36:30,099 INFO o.a.j.t.JMeterThread: Thread finished: Threads: 50 -> 100 1-85
2025-12-09 17:36:31,292 INFO o.a.j.t.JMeterThread: Thread started: Threads: 50 -> 100 1-86
2025-12-09 17:36:31,294 INFO o.a.j.t.JMeterThread: Stopping because end time detected by thread: Threads: 50 -> 100 1-86
2025-12-09 17:36:31,295 INFO o.a.j.t.JMeterThread: Thread finished: Threads: 50 -> 100 1-86
2025-12-09 17:36:32,503 INFO o.a.j.t.JMeterThread: Thread started: Threads: 50 -> 100 1-87
2025-12-09 17:36:32,506 INFO o.a.j.t.JMeterThread: Stopping because end time detected by thread: Threads: 50 -> 100 1-87
2025-12-09 17:36:32,506 INFO o.a.j.t.JMeterThread: Thread finished: Threads: 50 -> 100 1-87
2025-12-09 17:36:33,697 INFO o.a.j.t.JMeterThread: Thread started: Threads: 50 -> 100 1-88
2025-12-09 17:36:33,699 INFO o.a.j.t.JMeterThread: Stopping because end time detected by thread: Threads: 50 -> 100 1-88
2025-12-09 17:36:33,699 INFO o.a.j.t.JMeterThread: Thread finished: Threads: 50 -> 100 1-88
2025-12-09 17:36:34,248 ERROR o.a.j.v.b.i.HttpMetricsSender: Error writing metrics to influxDB Url: http://localhost:8086/write?db=jmeter, responseCode: 401, responseBody: {"code":"unauthorized","message":"unauthorized access"}
2025-12-09 17:36:34,894 INFO o.a.j.t.JMeterThread: Thread started: Threads: 50 -> 100 1-89
2025-12-09 17:36:34,896 INFO o.a.j.t.JMeterThread: Stopping because end time detected by thread: Threads: 50 -> 100 1-89
2025-12-09 17:36:34,896 INFO o.a.j.t.JMeterThread: Thread finished: Threads: 50 -> 100 1-89
2025-12-09 17:36:36,087 INFO o.a.j.t.JMeterThread: Thread started: Threads: 50 -> 100 1-90
2025-12-09 17:36:36,089 INFO o.a.j.t.JMeterThread: Stopping because end time detected by thread: Threads: 50 -> 100 1-90
2025-12-09 17:36:36,089 INFO o.a.j.t.JMeterThread: Thread finished: Threads: 50 -> 100 1-90
2025-12-09 17:36:37,300 INFO o.a.j.t.JMeterThread: Thread started: Threads: 50 -> 100 1-91
2025-12-09 17:36:37,303 INFO o.a.j.t.JMeterThread: Stopping because end time detected by thread: Threads: 50 -> 100 1-91
2025-12-09 17:36:37,303 INFO o.a.j.t.JMeterThread: Thread finished: Threads: 50 -> 100 1-91
2025-12-09 17:36:38,498 INFO o.a.j.t.JMeterThread: Thread started: Threads: 50 -> 100 1-92
2025-12-09 17:36:38,500 INFO o.a.j.t.JMeterThread: Stopping because end time detected by thread: Threads: 50 -> 100 1-92
2025-12-09 17:36:38,500 INFO o.a.j.t.JMeterThread: Thread finished: Threads: 50 -> 100 1-92
2025-12-09 17:36:39,247 ERROR o.a.j.v.b.i.HttpMetricsSender: Error writing metrics to influxDB Url: http://localhost:8086/write?db=jmeter, responseCode: 401, responseBody: {"code":"unauthorized","message":"unauthorized access"}
2025-12-09 17:36:39,687 INFO o.a.j.t.JMeterThread: Thread started: Threads: 50 -> 100 1-93
2025-12-09 17:36:39,689 INFO o.a.j.t.JMeterThread: Stopping because end time detected by thread: Threads: 50 -> 100 1-93
2025-12-09 17:36:39,689 INFO o.a.j.t.JMeterThread: Thread finished: Threads: 50 -> 100 1-93
2025-12-09 17:36:40,893 INFO o.a.j.t.JMeterThread: Thread started: Threads: 50 -> 100 1-94
2025-12-09 17:36:40,900 INFO o.a.j.t.JMeterThread: Stopping because end time detected by thread: Threads: 50 -> 100 1-94
2025-12-09 17:36:40,900 INFO o.a.j.t.JMeterThread: Thread finished: Threads: 50 -> 100 1-94
2025-12-09 17:36:42,092 INFO o.a.j.t.JMeterThread: Thread started: Threads: 50 -> 100 1-95
2025-12-09 17:36:42,094 INFO o.a.j.t.JMeterThread: Stopping because end time detected by thread: Threads: 50 -> 100 1-95
2025-12-09 17:36:42,094 INFO o.a.j.t.JMeterThread: Thread finished: Threads: 50 -> 100 1-95
2025-12-09 17:36:43,287 INFO o.a.j.t.JMeterThread: Thread started: Threads: 50 -> 100 1-96
2025-12-09 17:36:43,289 INFO o.a.j.t.JMeterThread: Stopping because end time detected by thread: Threads: 50 -> 100 1-96
2025-12-09 17:36:43,289 INFO o.a.j.t.JMeterThread: Thread finished: Threads: 50 -> 100 1-96
2025-12-09 17:36:44,246 ERROR o.a.j.v.b.i.HttpMetricsSender: Error writing metrics to influxDB Url: http://localhost:8086/write?db=jmeter, responseCode: 401, responseBody: {"code":"unauthorized","message":"unauthorized access"}
2025-12-09 17:36:44,485 INFO o.a.j.t.JMeterThread: Thread started: Threads: 50 -> 100 1-97
2025-12-09 17:36:44,487 INFO o.a.j.t.JMeterThread: Stopping because end time detected by thread: Threads: 50 -> 100 1-97
2025-12-09 17:36:44,487 INFO o.a.j.t.JMeterThread: Thread finished: Threads: 50 -> 100 1-97
2025-12-09 17:36:45,692 INFO o.a.j.t.JMeterThread: Thread started: Threads: 50 -> 100 1-98
2025-12-09 17:36:45,698 INFO o.a.j.t.JMeterThread: Stopping because end time detected by thread: Threads: 50 -> 100 1-98
2025-12-09 17:36:45,698 INFO o.a.j.t.JMeterThread: Thread finished: Threads: 50 -> 100 1-98
2025-12-09 17:36:46,895 INFO o.a.j.t.JMeterThread: Thread started: Threads: 50 -> 100 1-99
2025-12-09 17:36:46,897 INFO o.a.j.t.JMeterThread: Stopping because end time detected by thread: Threads: 50 -> 100 1-99
2025-12-09 17:36:46,897 INFO o.a.j.t.JMeterThread: Thread finished: Threads: 50 -> 100 1-99
2025-12-09 17:36:48,091 INFO o.a.j.t.JMeterThread: Thread started: Threads: 50 -> 100 1-100
2025-12-09 17:36:48,103 INFO o.a.j.t.JMeterThread: Stopping because end time detected by thread: Threads: 50 -> 100 1-100
2025-12-09 17:36:48,104 INFO o.a.j.t.JMeterThread: Thread finished: Threads: 50 -> 100 1-100
2025-12-09 17:36:48,104 INFO o.a.j.e.StandardJMeterEngine: Notifying test listeners of end of test
2025-12-09 17:36:48,104 INFO o.a.j.s.FileServer: Close: ../data/item-ids.csv
2025-12-09 17:36:48,104 INFO o.a.j.s.FileServer: Close: ../data/category-ids.csv
2025-12-09 17:36:48,105 INFO o.a.j.v.b.BackendListener: Worker ended
2025-12-09 17:36:48,105 INFO o.a.j.v.b.i.InfluxdbBackendListenerClient: Sending last metrics to InfluxDB
2025-12-09 17:36:48,110 INFO o.a.j.v.b.i.HttpMetricsSender: Destroying 
2025-12-09 17:36:48,111 ERROR o.a.j.v.b.i.HttpMetricsSender: Error writing metrics to influxDB Url: http://localhost:8086/write?db=jmeter, responseCode: 401, responseBody: {"code":"unauthorized","message":"unauthorized access"}
2025-12-09 17:36:48,113 INFO o.a.j.r.Summariser: summary +     15 in 00:00:18 =    0.8/s Avg:     2 Min:     1 Max:    13 Err:    12 (80.00%) Active: 0 Started: 100 Finished: 100
2025-12-09 17:36:48,113 INFO o.a.j.r.Summariser: summary =  43846 in 00:01:59 =  368.9/s Avg:    34 Min:     0 Max:   551 Err: 28907 (65.93%)
