2025-12-09 17:34:48,643 INFO o.a.j.u.JMeterUtils: Setting Locale to en_EN
2025-12-09 17:34:48,662 INFO o.a.j.JMeter: Loading user properties from: C:\apache-jmeter\bin\user.properties
2025-12-09 17:34:48,663 INFO o.a.j.JMeter: Loading system properties from: C:\apache-jmeter\bin\system.properties
2025-12-09 17:34:48,663 INFO o.a.j.JMeter: Setting JMeter property: BASE_URL=http://localhost:8082
2025-12-09 17:34:48,664 INFO o.a.j.JMeter: Setting JMeter property: duration=300
2025-12-09 17:34:48,671 INFO o.a.j.JMeter: Copyright (c) 1998-2024 The Apache Software Foundation
2025-12-09 17:34:48,672 INFO o.a.j.JMeter: Version 5.6.3
2025-12-09 17:34:48,672 INFO o.a.j.JMeter: java.version=25.0.1
2025-12-09 17:34:48,672 INFO o.a.j.JMeter: java.vm.name=Java HotSpot(TM) 64-Bit Server VM
2025-12-09 17:34:48,672 INFO o.a.j.JMeter: os.name=Windows 10
2025-12-09 17:34:48,672 INFO o.a.j.JMeter: os.arch=amd64
2025-12-09 17:34:48,672 INFO o.a.j.JMeter: os.version=10.0
2025-12-09 17:34:48,672 INFO o.a.j.JMeter: file.encoding=UTF-8
2025-12-09 17:34:48,672 INFO o.a.j.JMeter: java.awt.headless=true
2025-12-09 17:34:48,673 INFO o.a.j.JMeter: Max memory     =1073741824
2025-12-09 17:34:48,673 INFO o.a.j.JMeter: Available Processors =16
2025-12-09 17:34:48,693 INFO o.a.j.JMeter: Default Locale=English (EN)
2025-12-09 17:34:48,694 INFO o.a.j.JMeter: JMeter  Locale=English (EN)
2025-12-09 17:34:48,694 INFO o.a.j.JMeter: JMeterHome=C:\apache-jmeter
2025-12-09 17:34:48,694 INFO o.a.j.JMeter: user.dir  =C:\Users\Imad ADAOUMOUM\Downloads\recordinglabs\benchmark-rest-services
2025-12-09 17:34:48,695 INFO o.a.j.JMeter: PWD       =C:\Users\Imad ADAOUMOUM\Downloads\recordinglabs\benchmark-rest-services
2025-12-09 17:34:48,697 INFO o.a.j.JMeter: IP: 10.5.0.2 Name: DESKTOP-T08ES81 FullName: 10.5.0.2
2025-12-09 17:34:48,711 INFO o.a.j.s.FileServer: Default base='C:\Users\Imad ADAOUMOUM\Downloads\recordinglabs\benchmark-rest-services'
2025-12-09 17:34:48,712 INFO o.a.j.s.FileServer: Set new base='C:\Users\Imad ADAOUMOUM\Downloads\recordinglabs\benchmark-rest-services\jmeter\test-plans'
2025-12-09 17:34:48,946 INFO o.a.j.s.SaveService: Testplan (JMX) version: 2.2. Testlog (JTL) version: 2.2
2025-12-09 17:34:48,963 INFO o.a.j.s.SaveService: Using SaveService properties version 5.0
2025-12-09 17:34:48,966 INFO o.a.j.s.SaveService: Using SaveService properties file encoding UTF-8
2025-12-09 17:34:48,969 INFO o.a.j.s.SaveService: Loading file: jmeter\test-plans\3-mixed-operations.jmx
2025-12-09 17:34:49,030 INFO o.a.j.p.h.s.HTTPSamplerBase: Parser for text/html is org.apache.jmeter.protocol.http.parser.LagartoBasedHtmlParser
2025-12-09 17:34:49,030 INFO o.a.j.p.h.s.HTTPSamplerBase: Parser for application/xhtml+xml is org.apache.jmeter.protocol.http.parser.LagartoBasedHtmlParser
2025-12-09 17:34:49,030 INFO o.a.j.p.h.s.HTTPSamplerBase: Parser for application/xml is org.apache.jmeter.protocol.http.parser.LagartoBasedHtmlParser
2025-12-09 17:34:49,030 INFO o.a.j.p.h.s.HTTPSamplerBase: Parser for text/xml is org.apache.jmeter.protocol.http.parser.LagartoBasedHtmlParser
2025-12-09 17:34:49,030 INFO o.a.j.p.h.s.HTTPSamplerBase: Parser for text/vnd.wap.wml is org.apache.jmeter.protocol.http.parser.RegexpHTMLParser
2025-12-09 17:34:49,030 INFO o.a.j.p.h.s.HTTPSamplerBase: Parser for text/css is org.apache.jmeter.protocol.http.parser.CssParser
2025-12-09 17:34:49,057 INFO o.a.j.s.SampleResult: Note: Sample TimeStamps are START times
2025-12-09 17:34:49,057 INFO o.a.j.s.SampleResult: sampleresult.default.encoding is set to UTF-8
2025-12-09 17:34:49,057 INFO o.a.j.s.SampleResult: sampleresult.useNanoTime=true
2025-12-09 17:34:49,057 INFO o.a.j.s.SampleResult: sampleresult.nanoThreadSleep=5000
2025-12-09 17:34:49,066 INFO o.a.j.JMeter: Creating summariser <summary>
2025-12-09 17:34:49,075 INFO o.a.j.e.StandardJMeterEngine: Running the test!
2025-12-09 17:34:49,076 INFO o.a.j.s.SampleEvent: List of sample_variables: []
2025-12-09 17:34:49,076 INFO o.a.j.s.SampleEvent: List of sample_variables: []
2025-12-09 17:34:49,079 INFO o.a.j.e.u.CompoundVariable: Note: Function class names must contain the string: '.functions.'
2025-12-09 17:34:49,079 INFO o.a.j.e.u.CompoundVariable: Note: Function class names must not contain the string: '.gui.'
2025-12-09 17:34:49,169 INFO o.a.j.v.b.BackendListener: InfluxDB Backend Listener: Starting worker with class: class org.apache.jmeter.visualizers.backend.influxdb.InfluxdbBackendListenerClient and queue capacity: 5000
2025-12-09 17:34:49,170 INFO o.a.j.v.b.BackendListener: InfluxDB Backend Listener: Started  worker with class: class org.apache.jmeter.visualizers.backend.influxdb.InfluxdbBackendListenerClient
2025-12-09 17:34:49,374 INFO o.a.j.JMeter: Running test (1765298089373)
2025-12-09 17:34:49,392 INFO o.a.j.e.StandardJMeterEngine: Starting ThreadGroup: 1 : Threads: 50 -> 100
2025-12-09 17:34:49,392 INFO o.a.j.e.StandardJMeterEngine: Starting 100 threads for group Threads: 50 -> 100.
2025-12-09 17:34:49,392 INFO o.a.j.e.StandardJMeterEngine: Thread will continue on error
2025-12-09 17:34:49,392 INFO o.a.j.t.ThreadGroup: Starting thread group... number=1 threads=100 ramp-up=120 delayedStart=false
2025-12-09 17:34:49,447 INFO o.a.j.t.ThreadGroup: Started thread group number 1
2025-12-09 17:34:49,447 INFO o.a.j.e.StandardJMeterEngine: All thread groups have been started
2025-12-09 17:34:49,464 ERROR o.a.j.v.b.i.HttpMetricsSender: Error writing metrics to influxDB Url: http://localhost:8086/write?db=jmeter, responseCode: 401, responseBody: {"code":"unauthorized","message":"unauthorized access"}
2025-12-09 17:34:49,489 INFO o.a.j.t.JMeterThread: Thread started: Threads: 50 -> 100 1-1
2025-12-09 17:34:49,491 INFO o.a.j.s.FileServer: Stored: ../data/item-ids.csv
2025-12-09 17:34:49,506 INFO o.a.j.s.FileServer: Stored: ../data/category-ids.csv
2025-12-09 17:34:49,520 INFO o.a.j.p.h.s.HTTPHCAbstractImpl: Local host = DESKTOP-T08ES81
2025-12-09 17:34:49,525 INFO o.a.j.p.h.s.HTTPHC4Impl: HTTP request retry count = 0
2025-12-09 17:34:50,688 INFO o.a.j.t.JMeterThread: Thread started: Threads: 50 -> 100 1-2
2025-12-09 17:34:51,883 INFO o.a.j.t.JMeterThread: Thread started: Threads: 50 -> 100 1-3
2025-12-09 17:34:53,079 INFO o.a.j.t.JMeterThread: Thread started: Threads: 50 -> 100 1-4
2025-12-09 17:34:54,280 INFO o.a.j.t.JMeterThread: Thread started: Threads: 50 -> 100 1-5
2025-12-09 17:34:54,398 ERROR o.a.j.v.b.i.HttpMetricsSender: Error writing metrics to influxDB Url: http://localhost:8086/write?db=jmeter, responseCode: 401, responseBody: {"code":"unauthorized","message":"unauthorized access"}
2025-12-09 17:34:55,475 INFO o.a.j.t.JMeterThread: Thread started: Threads: 50 -> 100 1-6
2025-12-09 17:34:56,682 INFO o.a.j.t.JMeterThread: Thread started: Threads: 50 -> 100 1-7
2025-12-09 17:34:57,874 INFO o.a.j.t.JMeterThread: Thread started: Threads: 50 -> 100 1-8
2025-12-09 17:34:59,072 INFO o.a.j.t.JMeterThread: Thread started: Threads: 50 -> 100 1-9
2025-12-09 17:34:59,396 ERROR o.a.j.v.b.i.HttpMetricsSender: Error writing metrics to influxDB Url: http://localhost:8086/write?db=jmeter, responseCode: 401, responseBody: {"code":"unauthorized","message":"unauthorized access"}
2025-12-09 17:35:00,010 INFO o.a.j.r.Summariser: summary +   2742 in 00:00:11 =  257.8/s Avg:    17 Min:     1 Max:   218 Err:   922 (33.63%) Active: 9 Started: 9 Finished: 0
2025-12-09 17:35:00,280 INFO o.a.j.t.JMeterThread: Thread started: Threads: 50 -> 100 1-10
2025-12-09 17:35:01,469 INFO o.a.j.t.JMeterThread: Thread started: Threads: 50 -> 100 1-11
2025-12-09 17:35:02,673 INFO o.a.j.t.JMeterThread: Thread started: Threads: 50 -> 100 1-12
2025-12-09 17:35:03,872 INFO o.a.j.t.JMeterThread: Thread started: Threads: 50 -> 100 1-13
2025-12-09 17:35:04,402 ERROR o.a.j.v.b.i.HttpMetricsSender: Error writing metrics to influxDB Url: http://localhost:8086/write?db=jmeter, responseCode: 401, responseBody: {"code":"unauthorized","message":"unauthorized access"}
2025-12-09 17:35:05,073 INFO o.a.j.t.JMeterThread: Thread started: Threads: 50 -> 100 1-14
2025-12-09 17:35:06,261 INFO o.a.j.t.JMeterThread: Thread started: Threads: 50 -> 100 1-15
2025-12-09 17:35:07,472 INFO o.a.j.t.JMeterThread: Thread started: Threads: 50 -> 100 1-16
2025-12-09 17:35:08,669 INFO o.a.j.t.JMeterThread: Thread started: Threads: 50 -> 100 1-17
2025-12-09 17:35:09,437 ERROR o.a.j.v.b.i.HttpMetricsSender: Error writing metrics to influxDB Url: http://localhost:8086/write?db=jmeter, responseCode: 401, responseBody: {"code":"unauthorized","message":"unauthorized access"}
2025-12-09 17:35:09,878 INFO o.a.j.t.JMeterThread: Thread started: Threads: 50 -> 100 1-18
2025-12-09 17:35:11,069 INFO o.a.j.t.JMeterThread: Thread started: Threads: 50 -> 100 1-19
2025-12-09 17:35:12,268 INFO o.a.j.t.JMeterThread: Thread started: Threads: 50 -> 100 1-20
2025-12-09 17:35:13,465 INFO o.a.j.t.JMeterThread: Thread started: Threads: 50 -> 100 1-21
2025-12-09 17:35:14,391 ERROR o.a.j.v.b.i.HttpMetricsSender: Error writing metrics to influxDB Url: http://localhost:8086/write?db=jmeter, responseCode: 401, responseBody: {"code":"unauthorized","message":"unauthorized access"}
2025-12-09 17:35:14,669 INFO o.a.j.t.JMeterThread: Thread started: Threads: 50 -> 100 1-22
2025-12-09 17:35:15,857 INFO o.a.j.t.JMeterThread: Thread started: Threads: 50 -> 100 1-23
2025-12-09 17:35:17,068 INFO o.a.j.t.JMeterThread: Thread started: Threads: 50 -> 100 1-24
2025-12-09 17:35:18,266 INFO o.a.j.t.JMeterThread: Thread started: Threads: 50 -> 100 1-25
2025-12-09 17:35:19,403 ERROR o.a.j.v.b.i.HttpMetricsSender: Error writing metrics to influxDB Url: http://localhost:8086/write?db=jmeter, responseCode: 401, responseBody: {"code":"unauthorized","message":"unauthorized access"}
2025-12-09 17:35:19,467 INFO o.a.j.t.JMeterThread: Thread started: Threads: 50 -> 100 1-26
2025-12-09 17:35:20,664 INFO o.a.j.t.JMeterThread: Thread started: Threads: 50 -> 100 1-27
2025-12-09 17:35:21,865 INFO o.a.j.t.JMeterThread: Thread started: Threads: 50 -> 100 1-28
2025-12-09 17:35:23,067 INFO o.a.j.t.JMeterThread: Thread started: Threads: 50 -> 100 1-29
2025-12-09 17:35:24,263 INFO o.a.j.t.JMeterThread: Thread started: Threads: 50 -> 100 1-30
2025-12-09 17:35:24,396 ERROR o.a.j.v.b.i.HttpMetricsSender: Error writing metrics to influxDB Url: http://localhost:8086/write?db=jmeter, responseCode: 401, responseBody: {"code":"unauthorized","message":"unauthorized access"}
2025-12-09 17:35:25,460 INFO o.a.j.t.JMeterThread: Thread started: Threads: 50 -> 100 1-31
2025-12-09 17:35:26,665 INFO o.a.j.t.JMeterThread: Thread started: Threads: 50 -> 100 1-32
2025-12-09 17:35:27,857 INFO o.a.j.t.JMeterThread: Thread started: Threads: 50 -> 100 1-33
2025-12-09 17:35:29,062 INFO o.a.j.t.JMeterThread: Thread started: Threads: 50 -> 100 1-34
2025-12-09 17:35:29,388 ERROR o.a.j.v.b.i.HttpMetricsSender: Error writing metrics to influxDB Url: http://localhost:8086/write?db=jmeter, responseCode: 401, responseBody: {"code":"unauthorized","message":"unauthorized access"}
2025-12-09 17:35:30,002 INFO o.a.j.r.Summariser: summary +  13534 in 00:00:30 =  451.3/s Avg:    47 Min:     1 Max:   568 Err:  4531 (33.48%) Active: 34 Started: 34 Finished: 0
2025-12-09 17:35:30,003 INFO o.a.j.r.Summariser: summary =  16276 in 00:00:41 =  400.6/s Avg:    42 Min:     1 Max:   568 Err:  5453 (33.50%)
2025-12-09 17:35:30,263 INFO o.a.j.t.JMeterThread: Thread started: Threads: 50 -> 100 1-35
2025-12-09 17:35:31,464 INFO o.a.j.t.JMeterThread: Thread started: Threads: 50 -> 100 1-36
2025-12-09 17:35:32,660 INFO o.a.j.t.JMeterThread: Thread started: Threads: 50 -> 100 1-37
2025-12-09 17:35:33,861 INFO o.a.j.t.JMeterThread: Thread started: Threads: 50 -> 100 1-38
2025-12-09 17:35:34,391 ERROR o.a.j.v.b.i.HttpMetricsSender: Error writing metrics to influxDB Url: http://localhost:8086/write?db=jmeter, responseCode: 401, responseBody: {"code":"unauthorized","message":"unauthorized access"}
2025-12-09 17:35:35,062 INFO o.a.j.t.JMeterThread: Thread started: Threads: 50 -> 100 1-39
2025-12-09 17:35:36,250 INFO o.a.j.t.JMeterThread: Thread started: Threads: 50 -> 100 1-40
2025-12-09 17:35:37,460 INFO o.a.j.t.JMeterThread: Thread started: Threads: 50 -> 100 1-41
2025-12-09 17:35:38,655 INFO o.a.j.t.JMeterThread: Thread started: Threads: 50 -> 100 1-42
2025-12-09 17:35:39,395 ERROR o.a.j.v.b.i.HttpMetricsSender: Error writing metrics to influxDB Url: http://localhost:8086/write?db=jmeter, responseCode: 401, responseBody: {"code":"unauthorized","message":"unauthorized access"}
2025-12-09 17:35:39,860 INFO o.a.j.t.JMeterThread: Thread started: Threads: 50 -> 100 1-43
2025-12-09 17:35:41,058 INFO o.a.j.t.JMeterThread: Thread started: Threads: 50 -> 100 1-44
2025-12-09 17:35:42,259 INFO o.a.j.t.JMeterThread: Thread started: Threads: 50 -> 100 1-45
2025-12-09 17:35:43,459 INFO o.a.j.t.JMeterThread: Thread started: Threads: 50 -> 100 1-46
2025-12-09 17:35:44,415 ERROR o.a.j.v.b.i.HttpMetricsSender: Error writing metrics to influxDB Url: http://localhost:8086/write?db=jmeter, responseCode: 401, responseBody: {"code":"unauthorized","message":"unauthorized access"}
2025-12-09 17:35:44,658 INFO o.a.j.t.JMeterThread: Thread started: Threads: 50 -> 100 1-47
2025-12-09 17:35:45,857 INFO o.a.j.t.JMeterThread: Thread started: Threads: 50 -> 100 1-48
2025-12-09 17:35:47,064 INFO o.a.j.t.JMeterThread: Thread started: Threads: 50 -> 100 1-49
2025-12-09 17:35:48,245 INFO o.a.j.t.JMeterThread: Thread started: Threads: 50 -> 100 1-50
2025-12-09 17:35:49,409 INFO o.a.j.t.JMeterThread: Stopping because end time detected by thread: Threads: 50 -> 100 1-13
2025-12-09 17:35:49,409 INFO o.a.j.t.JMeterThread: Stopping because end time detected by thread: Threads: 50 -> 100 1-8
2025-12-09 17:35:49,409 INFO o.a.j.t.JMeterThread: Stopping because end time detected by thread: Threads: 50 -> 100 1-11
2025-12-09 17:35:49,410 INFO o.a.j.t.JMeterThread: Thread finished: Threads: 50 -> 100 1-8
2025-12-09 17:35:49,410 INFO o.a.j.t.JMeterThread: Thread finished: Threads: 50 -> 100 1-13
2025-12-09 17:35:49,410 INFO o.a.j.t.JMeterThread: Thread finished: Threads: 50 -> 100 1-11
2025-12-09 17:35:49,410 INFO o.a.j.t.JMeterThread: Stopping because end time detected by thread: Threads: 50 -> 100 1-3
2025-12-09 17:35:49,410 INFO o.a.j.t.JMeterThread: Thread finished: Threads: 50 -> 100 1-3
2025-12-09 17:35:49,410 INFO o.a.j.t.JMeterThread: Stopping because end time detected by thread: Threads: 50 -> 100 1-2
2025-12-09 17:35:49,410 INFO o.a.j.t.JMeterThread: Stopping because end time detected by thread: Threads: 50 -> 100 1-4
2025-12-09 17:35:49,411 INFO o.a.j.t.JMeterThread: Thread finished: Threads: 50 -> 100 1-2
2025-12-09 17:35:49,411 INFO o.a.j.t.JMeterThread: Thread finished: Threads: 50 -> 100 1-4
2025-12-09 17:35:49,413 INFO o.a.j.t.JMeterThread: Stopping because end time detected by thread: Threads: 50 -> 100 1-16
2025-12-09 17:35:49,414 INFO o.a.j.t.JMeterThread: Thread finished: Threads: 50 -> 100 1-16
2025-12-09 17:35:49,414 INFO o.a.j.t.JMeterThread: Stopping because end time detected by thread: Threads: 50 -> 100 1-20
2025-12-09 17:35:49,414 INFO o.a.j.t.JMeterThread: Stopping because end time detected by thread: Threads: 50 -> 100 1-5
2025-12-09 17:35:49,414 INFO o.a.j.t.JMeterThread: Thread finished: Threads: 50 -> 100 1-20
2025-12-09 17:35:49,414 INFO o.a.j.t.JMeterThread: Stopping because end time detected by thread: Threads: 50 -> 100 1-12
2025-12-09 17:35:49,414 INFO o.a.j.t.JMeterThread: Thread finished: Threads: 50 -> 100 1-5
2025-12-09 17:35:49,414 INFO o.a.j.t.JMeterThread: Thread finished: Threads: 50 -> 100 1-12
2025-12-09 17:35:49,414 ERROR o.a.j.v.b.i.HttpMetricsSender: Error writing metrics to influxDB Url: http://localhost:8086/write?db=jmeter, responseCode: 401, responseBody: {"code":"unauthorized","message":"unauthorized access"}
2025-12-09 17:35:49,417 INFO o.a.j.t.JMeterThread: Stopping because end time detected by thread: Threads: 50 -> 100 1-19
2025-12-09 17:35:49,417 INFO o.a.j.t.JMeterThread: Thread finished: Threads: 50 -> 100 1-19
2025-12-09 17:35:49,417 INFO o.a.j.t.JMeterThread: Stopping because end time detected by thread: Threads: 50 -> 100 1-21
2025-12-09 17:35:49,417 INFO o.a.j.t.JMeterThread: Thread finished: Threads: 50 -> 100 1-21
2025-12-09 17:35:49,418 INFO o.a.j.t.JMeterThread: Stopping because end time detected by thread: Threads: 50 -> 100 1-18
2025-12-09 17:35:49,418 INFO o.a.j.t.JMeterThread: Thread finished: Threads: 50 -> 100 1-18
2025-12-09 17:35:49,420 INFO o.a.j.t.JMeterThread: Stopping because end time detected by thread: Threads: 50 -> 100 1-9
2025-12-09 17:35:49,420 INFO o.a.j.t.JMeterThread: Stopping because end time detected by thread: Threads: 50 -> 100 1-35
2025-12-09 17:35:49,420 INFO o.a.j.t.JMeterThread: Thread finished: Threads: 50 -> 100 1-35
2025-12-09 17:35:49,420 INFO o.a.j.t.JMeterThread: Thread finished: Threads: 50 -> 100 1-9
2025-12-09 17:35:49,422 INFO o.a.j.t.JMeterThread: Stopping because end time detected by thread: Threads: 50 -> 100 1-24
2025-12-09 17:35:49,422 INFO o.a.j.t.JMeterThread: Thread finished: Threads: 50 -> 100 1-24
2025-12-09 17:35:49,422 INFO o.a.j.t.JMeterThread: Stopping because end time detected by thread: Threads: 50 -> 100 1-25
2025-12-09 17:35:49,422 INFO o.a.j.t.JMeterThread: Stopping because end time detected by thread: Threads: 50 -> 100 1-23
2025-12-09 17:35:49,422 INFO o.a.j.t.JMeterThread: Thread finished: Threads: 50 -> 100 1-25
2025-12-09 17:35:49,422 INFO o.a.j.t.JMeterThread: Stopping because end time detected by thread: Threads: 50 -> 100 1-36
2025-12-09 17:35:49,422 INFO o.a.j.t.JMeterThread: Thread finished: Threads: 50 -> 100 1-23
2025-12-09 17:35:49,423 INFO o.a.j.t.JMeterThread: Thread finished: Threads: 50 -> 100 1-36
2025-12-09 17:35:49,423 INFO o.a.j.t.JMeterThread: Stopping because end time detected by thread: Threads: 50 -> 100 1-26
2025-12-09 17:35:49,423 INFO o.a.j.t.JMeterThread: Stopping because end time detected by thread: Threads: 50 -> 100 1-39
2025-12-09 17:35:49,423 INFO o.a.j.t.JMeterThread: Thread finished: Threads: 50 -> 100 1-39
2025-12-09 17:35:49,423 INFO o.a.j.t.JMeterThread: Stopping because end time detected by thread: Threads: 50 -> 100 1-33
2025-12-09 17:35:49,423 INFO o.a.j.t.JMeterThread: Thread finished: Threads: 50 -> 100 1-33
2025-12-09 17:35:49,423 INFO o.a.j.t.JMeterThread: Thread finished: Threads: 50 -> 100 1-26
2025-12-09 17:35:49,424 INFO o.a.j.t.JMeterThread: Stopping because end time detected by thread: Threads: 50 -> 100 1-6
2025-12-09 17:35:49,424 INFO o.a.j.t.JMeterThread: Thread finished: Threads: 50 -> 100 1-6
2025-12-09 17:35:49,424 INFO o.a.j.t.JMeterThread: Stopping because end time detected by thread: Threads: 50 -> 100 1-14
2025-12-09 17:35:49,424 INFO o.a.j.t.JMeterThread: Thread finished: Threads: 50 -> 100 1-14
2025-12-09 17:35:49,425 INFO o.a.j.t.JMeterThread: Stopping because end time detected by thread: Threads: 50 -> 100 1-34
2025-12-09 17:35:49,425 INFO o.a.j.t.JMeterThread: Thread finished: Threads: 50 -> 100 1-34
2025-12-09 17:35:49,426 INFO o.a.j.t.JMeterThread: Stopping because end time detected by thread: Threads: 50 -> 100 1-47
2025-12-09 17:35:49,426 INFO o.a.j.t.JMeterThread: Stopping because end time detected by thread: Threads: 50 -> 100 1-37
2025-12-09 17:35:49,426 INFO o.a.j.t.JMeterThread: Stopping because end time detected by thread: Threads: 50 -> 100 1-27
2025-12-09 17:35:49,426 INFO o.a.j.t.JMeterThread: Thread finished: Threads: 50 -> 100 1-47
2025-12-09 17:35:49,426 INFO o.a.j.t.JMeterThread: Thread finished: Threads: 50 -> 100 1-37
2025-12-09 17:35:49,426 INFO o.a.j.t.JMeterThread: Thread finished: Threads: 50 -> 100 1-27
2025-12-09 17:35:49,427 INFO o.a.j.t.JMeterThread: Stopping because end time detected by thread: Threads: 50 -> 100 1-44
2025-12-09 17:35:49,427 INFO o.a.j.t.JMeterThread: Thread finished: Threads: 50 -> 100 1-44
2025-12-09 17:35:49,427 INFO o.a.j.t.JMeterThread: Stopping because end time detected by thread: Threads: 50 -> 100 1-28
2025-12-09 17:35:49,427 INFO o.a.j.t.JMeterThread: Thread finished: Threads: 50 -> 100 1-28
2025-12-09 17:35:49,428 INFO o.a.j.t.JMeterThread: Stopping because end time detected by thread: Threads: 50 -> 100 1-42
2025-12-09 17:35:49,428 INFO o.a.j.t.JMeterThread: Thread finished: Threads: 50 -> 100 1-42
2025-12-09 17:35:49,429 INFO o.a.j.t.JMeterThread: Stopping because end time detected by thread: Threads: 50 -> 100 1-43
2025-12-09 17:35:49,429 INFO o.a.j.t.JMeterThread: Thread finished: Threads: 50 -> 100 1-43
2025-12-09 17:35:49,429 INFO o.a.j.t.JMeterThread: Stopping because end time detected by thread: Threads: 50 -> 100 1-50
2025-12-09 17:35:49,429 INFO o.a.j.t.JMeterThread: Stopping because end time detected by thread: Threads: 50 -> 100 1-22
2025-12-09 17:35:49,429 INFO o.a.j.t.JMeterThread: Thread finished: Threads: 50 -> 100 1-50
2025-12-09 17:35:49,429 INFO o.a.j.t.JMeterThread: Stopping because end time detected by thread: Threads: 50 -> 100 1-48
2025-12-09 17:35:49,429 INFO o.a.j.t.JMeterThread: Stopping because end time detected by thread: Threads: 50 -> 100 1-10
2025-12-09 17:35:49,429 INFO o.a.j.t.JMeterThread: Thread finished: Threads: 50 -> 100 1-22
2025-12-09 17:35:49,429 INFO o.a.j.t.JMeterThread: Stopping because end time detected by thread: Threads: 50 -> 100 1-46
2025-12-09 17:35:49,429 INFO o.a.j.t.JMeterThread: Thread finished: Threads: 50 -> 100 1-48
2025-12-09 17:35:49,429 INFO o.a.j.t.JMeterThread: Thread finished: Threads: 50 -> 100 1-10
2025-12-09 17:35:49,429 INFO o.a.j.t.JMeterThread: Thread finished: Threads: 50 -> 100 1-46
2025-12-09 17:35:49,431 INFO o.a.j.t.JMeterThread: Stopping because end time detected by thread: Threads: 50 -> 100 1-45
2025-12-09 17:35:49,431 INFO o.a.j.t.JMeterThread: Stopping because end time detected by thread: Threads: 50 -> 100 1-17
2025-12-09 17:35:49,431 INFO o.a.j.t.JMeterThread: Stopping because end time detected by thread: Threads: 50 -> 100 1-15
2025-12-09 17:35:49,431 INFO o.a.j.t.JMeterThread: Thread finished: Threads: 50 -> 100 1-45
2025-12-09 17:35:49,431 INFO o.a.j.t.JMeterThread: Thread finished: Threads: 50 -> 100 1-15
2025-12-09 17:35:49,431 INFO o.a.j.t.JMeterThread: Thread finished: Threads: 50 -> 100 1-17
2025-12-09 17:35:49,435 INFO o.a.j.t.JMeterThread: Stopping because end time detected by thread: Threads: 50 -> 100 1-1
2025-12-09 17:35:49,435 INFO o.a.j.t.JMeterThread: Thread finished: Threads: 50 -> 100 1-1
2025-12-09 17:35:49,436 INFO o.a.j.t.JMeterThread: Stopping because end time detected by thread: Threads: 50 -> 100 1-32
2025-12-09 17:35:49,436 INFO o.a.j.t.JMeterThread: Thread finished: Threads: 50 -> 100 1-32
2025-12-09 17:35:49,439 INFO o.a.j.t.JMeterThread: Stopping because end time detected by thread: Threads: 50 -> 100 1-40
2025-12-09 17:35:49,440 INFO o.a.j.t.JMeterThread: Thread finished: Threads: 50 -> 100 1-40
2025-12-09 17:35:49,440 INFO o.a.j.t.JMeterThread: Stopping because end time detected by thread: Threads: 50 -> 100 1-38
2025-12-09 17:35:49,440 INFO o.a.j.t.JMeterThread: Thread finished: Threads: 50 -> 100 1-38
2025-12-09 17:35:49,441 INFO o.a.j.t.JMeterThread: Stopping because end time detected by thread: Threads: 50 -> 100 1-49
2025-12-09 17:35:49,441 INFO o.a.j.t.JMeterThread: Thread finished: Threads: 50 -> 100 1-49
2025-12-09 17:35:49,442 INFO o.a.j.t.JMeterThread: Stopping because end time detected by thread: Threads: 50 -> 100 1-7
2025-12-09 17:35:49,442 INFO o.a.j.t.JMeterThread: Stopping because end time detected by thread: Threads: 50 -> 100 1-31
2025-12-09 17:35:49,442 INFO o.a.j.t.JMeterThread: Thread finished: Threads: 50 -> 100 1-7
2025-12-09 17:35:49,442 INFO o.a.j.t.JMeterThread: Thread finished: Threads: 50 -> 100 1-31
2025-12-09 17:35:49,443 INFO o.a.j.t.JMeterThread: Stopping because end time detected by thread: Threads: 50 -> 100 1-29
2025-12-09 17:35:49,443 INFO o.a.j.t.JMeterThread: Thread finished: Threads: 50 -> 100 1-29
2025-12-09 17:35:49,447 INFO o.a.j.t.JMeterThread: Stopping because end time detected by thread: Threads: 50 -> 100 1-41
2025-12-09 17:35:49,448 INFO o.a.j.t.JMeterThread: Thread finished: Threads: 50 -> 100 1-41
2025-12-09 17:35:49,456 INFO o.a.j.t.JMeterThread: Thread started: Threads: 50 -> 100 1-51
2025-12-09 17:35:49,474 INFO o.a.j.t.JMeterThread: Stopping because end time detected by thread: Threads: 50 -> 100 1-30
2025-12-09 17:35:49,474 INFO o.a.j.t.JMeterThread: Thread finished: Threads: 50 -> 100 1-30
2025-12-09 17:35:49,487 INFO o.a.j.t.JMeterThread: Stopping because end time detected by thread: Threads: 50 -> 100 1-51
2025-12-09 17:35:49,487 INFO o.a.j.t.JMeterThread: Thread finished: Threads: 50 -> 100 1-51
2025-12-09 17:35:50,653 INFO o.a.j.t.JMeterThread: Thread started: Threads: 50 -> 100 1-52
2025-12-09 17:35:50,658 INFO o.a.j.t.JMeterThread: Stopping because end time detected by thread: Threads: 50 -> 100 1-52
2025-12-09 17:35:50,659 INFO o.a.j.t.JMeterThread: Thread finished: Threads: 50 -> 100 1-52
2025-12-09 17:35:51,854 INFO o.a.j.t.JMeterThread: Thread started: Threads: 50 -> 100 1-53
2025-12-09 17:35:51,865 INFO o.a.j.t.JMeterThread: Stopping because end time detected by thread: Threads: 50 -> 100 1-53
2025-12-09 17:35:51,865 INFO o.a.j.t.JMeterThread: Thread finished: Threads: 50 -> 100 1-53
2025-12-09 17:35:53,051 INFO o.a.j.t.JMeterThread: Thread started: Threads: 50 -> 100 1-54
2025-12-09 17:35:53,062 INFO o.a.j.t.JMeterThread: Stopping because end time detected by thread: Threads: 50 -> 100 1-54
2025-12-09 17:35:53,062 INFO o.a.j.t.JMeterThread: Thread finished: Threads: 50 -> 100 1-54
2025-12-09 17:35:54,247 INFO o.a.j.t.JMeterThread: Thread started: Threads: 50 -> 100 1-55
2025-12-09 17:35:54,253 INFO o.a.j.t.JMeterThread: Stopping because end time detected by thread: Threads: 50 -> 100 1-55
2025-12-09 17:35:54,253 INFO o.a.j.t.JMeterThread: Thread finished: Threads: 50 -> 100 1-55
2025-12-09 17:35:54,370 ERROR o.a.j.v.b.i.HttpMetricsSender: Error writing metrics to influxDB Url: http://localhost:8086/write?db=jmeter, responseCode: 401, responseBody: {"code":"unauthorized","message":"unauthorized access"}
2025-12-09 17:35:55,454 INFO o.a.j.t.JMeterThread: Thread started: Threads: 50 -> 100 1-56
2025-12-09 17:35:55,457 INFO o.a.j.t.JMeterThread: Stopping because end time detected by thread: Threads: 50 -> 100 1-56
2025-12-09 17:35:55,457 INFO o.a.j.t.JMeterThread: Thread finished: Threads: 50 -> 100 1-56
2025-12-09 17:35:56,650 INFO o.a.j.t.JMeterThread: Thread started: Threads: 50 -> 100 1-57
2025-12-09 17:35:56,662 INFO o.a.j.t.JMeterThread: Stopping because end time detected by thread: Threads: 50 -> 100 1-57
2025-12-09 17:35:56,662 INFO o.a.j.t.JMeterThread: Thread finished: Threads: 50 -> 100 1-57
2025-12-09 17:35:57,850 INFO o.a.j.t.JMeterThread: Thread started: Threads: 50 -> 100 1-58
2025-12-09 17:35:57,861 INFO o.a.j.t.JMeterThread: Stopping because end time detected by thread: Threads: 50 -> 100 1-58
2025-12-09 17:35:57,861 INFO o.a.j.t.JMeterThread: Thread finished: Threads: 50 -> 100 1-58
2025-12-09 17:35:59,051 INFO o.a.j.t.JMeterThread: Thread started: Threads: 50 -> 100 1-59
2025-12-09 17:35:59,058 INFO o.a.j.t.JMeterThread: Stopping because end time detected by thread: Threads: 50 -> 100 1-59
2025-12-09 17:35:59,058 INFO o.a.j.t.JMeterThread: Thread finished: Threads: 50 -> 100 1-59
2025-12-09 17:35:59,368 ERROR o.a.j.v.b.i.HttpMetricsSender: Error writing metrics to influxDB Url: http://localhost:8086/write?db=jmeter, responseCode: 401, responseBody: {"code":"unauthorized","message":"unauthorized access"}
2025-12-09 17:36:00,246 INFO o.a.j.t.JMeterThread: Thread started: Threads: 50 -> 100 1-60
2025-12-09 17:36:00,250 INFO o.a.j.r.Summariser: summary +   8379 in 00:00:30 =  277.0/s Avg:    98 Min:     1 Max:   698 Err:  2838 (33.87%) Active: 1 Started: 60 Finished: 59
2025-12-09 17:36:00,251 INFO o.a.j.r.Summariser: summary =  24655 in 00:01:11 =  347.9/s Avg:    61 Min:     1 Max:   698 Err:  8291 (33.63%)
2025-12-09 17:36:00,251 INFO o.a.j.t.JMeterThread: Stopping because end time detected by thread: Threads: 50 -> 100 1-60
2025-12-09 17:36:00,251 INFO o.a.j.t.JMeterThread: Thread finished: Threads: 50 -> 100 1-60
2025-12-09 17:36:01,447 INFO o.a.j.t.JMeterThread: Thread started: Threads: 50 -> 100 1-61
2025-12-09 17:36:01,458 INFO o.a.j.t.JMeterThread: Stopping because end time detected by thread: Threads: 50 -> 100 1-61
2025-12-09 17:36:01,458 INFO o.a.j.t.JMeterThread: Thread finished: Threads: 50 -> 100 1-61
2025-12-09 17:36:02,648 INFO o.a.j.t.JMeterThread: Thread started: Threads: 50 -> 100 1-62
2025-12-09 17:36:02,659 INFO o.a.j.t.JMeterThread: Stopping because end time detected by thread: Threads: 50 -> 100 1-62
2025-12-09 17:36:02,659 INFO o.a.j.t.JMeterThread: Thread finished: Threads: 50 -> 100 1-62
2025-12-09 17:36:03,851 INFO o.a.j.t.JMeterThread: Thread started: Threads: 50 -> 100 1-63
2025-12-09 17:36:03,858 INFO o.a.j.t.JMeterThread: Stopping because end time detected by thread: Threads: 50 -> 100 1-63
2025-12-09 17:36:03,858 INFO o.a.j.t.JMeterThread: Thread finished: Threads: 50 -> 100 1-63
2025-12-09 17:36:04,368 ERROR o.a.j.v.b.i.HttpMetricsSender: Error writing metrics to influxDB Url: http://localhost:8086/write?db=jmeter, responseCode: 401, responseBody: {"code":"unauthorized","message":"unauthorized access"}
2025-12-09 17:36:05,039 INFO o.a.j.t.JMeterThread: Thread started: Threads: 50 -> 100 1-64
2025-12-09 17:36:05,044 INFO o.a.j.t.JMeterThread: Stopping because end time detected by thread: Threads: 50 -> 100 1-64
2025-12-09 17:36:05,044 INFO o.a.j.t.JMeterThread: Thread finished: Threads: 50 -> 100 1-64
2025-12-09 17:36:06,248 INFO o.a.j.t.JMeterThread: Thread started: Threads: 50 -> 100 1-65
2025-12-09 17:36:06,259 INFO o.a.j.t.JMeterThread: Stopping because end time detected by thread: Threads: 50 -> 100 1-65
2025-12-09 17:36:06,259 INFO o.a.j.t.JMeterThread: Thread finished: Threads: 50 -> 100 1-65
2025-12-09 17:36:07,449 INFO o.a.j.t.JMeterThread: Thread started: Threads: 50 -> 100 1-66
2025-12-09 17:36:07,460 INFO o.a.j.t.JMeterThread: Stopping because end time detected by thread: Threads: 50 -> 100 1-66
2025-12-09 17:36:07,460 INFO o.a.j.t.JMeterThread: Thread finished: Threads: 50 -> 100 1-66
2025-12-09 17:36:08,648 INFO o.a.j.t.JMeterThread: Thread started: Threads: 50 -> 100 1-67
2025-12-09 17:36:08,657 INFO o.a.j.t.JMeterThread: Stopping because end time detected by thread: Threads: 50 -> 100 1-67
2025-12-09 17:36:08,657 INFO o.a.j.t.JMeterThread: Thread finished: Threads: 50 -> 100 1-67
2025-12-09 17:36:09,368 ERROR o.a.j.v.b.i.HttpMetricsSender: Error writing metrics to influxDB Url: http://localhost:8086/write?db=jmeter, responseCode: 401, responseBody: {"code":"unauthorized","message":"unauthorized access"}
2025-12-09 17:36:09,849 INFO o.a.j.t.JMeterThread: Thread started: Threads: 50 -> 100 1-68
2025-12-09 17:36:09,853 INFO o.a.j.t.JMeterThread: Stopping because end time detected by thread: Threads: 50 -> 100 1-68
2025-12-09 17:36:09,853 INFO o.a.j.t.JMeterThread: Thread finished: Threads: 50 -> 100 1-68
2025-12-09 17:36:11,046 INFO o.a.j.t.JMeterThread: Thread started: Threads: 50 -> 100 1-69
2025-12-09 17:36:11,057 INFO o.a.j.t.JMeterThread: Stopping because end time detected by thread: Threads: 50 -> 100 1-69
2025-12-09 17:36:11,057 INFO o.a.j.t.JMeterThread: Thread finished: Threads: 50 -> 100 1-69
2025-12-09 17:36:12,243 INFO o.a.j.t.JMeterThread: Thread started: Threads: 50 -> 100 1-70
2025-12-09 17:36:12,254 INFO o.a.j.t.JMeterThread: Stopping because end time detected by thread: Threads: 50 -> 100 1-70
2025-12-09 17:36:12,254 INFO o.a.j.t.JMeterThread: Thread finished: Threads: 50 -> 100 1-70
2025-12-09 17:36:13,445 INFO o.a.j.t.JMeterThread: Thread started: Threads: 50 -> 100 1-71
2025-12-09 17:36:13,452 INFO o.a.j.t.JMeterThread: Stopping because end time detected by thread: Threads: 50 -> 100 1-71
2025-12-09 17:36:13,452 INFO o.a.j.t.JMeterThread: Thread finished: Threads: 50 -> 100 1-71
2025-12-09 17:36:14,369 ERROR o.a.j.v.b.i.HttpMetricsSender: Error writing metrics to influxDB Url: http://localhost:8086/write?db=jmeter, responseCode: 401, responseBody: {"code":"unauthorized","message":"unauthorized access"}
2025-12-09 17:36:14,643 INFO o.a.j.t.JMeterThread: Thread started: Threads: 50 -> 100 1-72
2025-12-09 17:36:14,647 INFO o.a.j.t.JMeterThread: Stopping because end time detected by thread: Threads: 50 -> 100 1-72
2025-12-09 17:36:14,647 INFO o.a.j.t.JMeterThread: Thread finished: Threads: 50 -> 100 1-72
2025-12-09 17:36:15,836 INFO o.a.j.t.JMeterThread: Thread started: Threads: 50 -> 100 1-73
2025-12-09 17:36:15,847 INFO o.a.j.t.JMeterThread: Stopping because end time detected by thread: Threads: 50 -> 100 1-73
2025-12-09 17:36:15,847 INFO o.a.j.t.JMeterThread: Thread finished: Threads: 50 -> 100 1-73
2025-12-09 17:36:17,044 INFO o.a.j.t.JMeterThread: Thread started: Threads: 50 -> 100 1-74
2025-12-09 17:36:17,055 INFO o.a.j.t.JMeterThread: Stopping because end time detected by thread: Threads: 50 -> 100 1-74
2025-12-09 17:36:17,055 INFO o.a.j.t.JMeterThread: Thread finished: Threads: 50 -> 100 1-74
2025-12-09 17:36:18,244 INFO o.a.j.t.JMeterThread: Thread started: Threads: 50 -> 100 1-75
2025-12-09 17:36:18,251 INFO o.a.j.t.JMeterThread: Stopping because end time detected by thread: Threads: 50 -> 100 1-75
2025-12-09 17:36:18,251 INFO o.a.j.t.JMeterThread: Thread finished: Threads: 50 -> 100 1-75
2025-12-09 17:36:19,369 ERROR o.a.j.v.b.i.HttpMetricsSender: Error writing metrics to influxDB Url: http://localhost:8086/write?db=jmeter, responseCode: 401, responseBody: {"code":"unauthorized","message":"unauthorized access"}
2025-12-09 17:36:19,446 INFO o.a.j.t.JMeterThread: Thread started: Threads: 50 -> 100 1-76
2025-12-09 17:36:19,450 INFO o.a.j.t.JMeterThread: Stopping because end time detected by thread: Threads: 50 -> 100 1-76
2025-12-09 17:36:19,450 INFO o.a.j.t.JMeterThread: Thread finished: Threads: 50 -> 100 1-76
2025-12-09 17:36:20,634 INFO o.a.j.t.JMeterThread: Thread started: Threads: 50 -> 100 1-77
2025-12-09 17:36:20,649 INFO o.a.j.t.JMeterThread: Stopping because end time detected by thread: Threads: 50 -> 100 1-77
2025-12-09 17:36:20,649 INFO o.a.j.t.JMeterThread: Thread finished: Threads: 50 -> 100 1-77
2025-12-09 17:36:21,838 INFO o.a.j.t.JMeterThread: Thread started: Threads: 50 -> 100 1-78
2025-12-09 17:36:21,849 INFO o.a.j.t.JMeterThread: Stopping because end time detected by thread: Threads: 50 -> 100 1-78
2025-12-09 17:36:21,849 INFO o.a.j.t.JMeterThread: Thread finished: Threads: 50 -> 100 1-78
2025-12-09 17:36:23,042 INFO o.a.j.t.JMeterThread: Thread started: Threads: 50 -> 100 1-79
2025-12-09 17:36:23,049 INFO o.a.j.t.JMeterThread: Stopping because end time detected by thread: Threads: 50 -> 100 1-79
2025-12-09 17:36:23,049 INFO o.a.j.t.JMeterThread: Thread finished: Threads: 50 -> 100 1-79
2025-12-09 17:36:24,246 INFO o.a.j.t.JMeterThread: Thread started: Threads: 50 -> 100 1-80
2025-12-09 17:36:24,250 INFO o.a.j.t.JMeterThread: Stopping because end time detected by thread: Threads: 50 -> 100 1-80
2025-12-09 17:36:24,250 INFO o.a.j.t.JMeterThread: Thread finished: Threads: 50 -> 100 1-80
2025-12-09 17:36:24,368 ERROR o.a.j.v.b.i.HttpMetricsSender: Error writing metrics to influxDB Url: http://localhost:8086/write?db=jmeter, responseCode: 401, responseBody: {"code":"unauthorized","message":"unauthorized access"}
2025-12-09 17:36:25,436 INFO o.a.j.t.JMeterThread: Thread started: Threads: 50 -> 100 1-81
2025-12-09 17:36:25,448 INFO o.a.j.t.JMeterThread: Stopping because end time detected by thread: Threads: 50 -> 100 1-81
2025-12-09 17:36:25,448 INFO o.a.j.t.JMeterThread: Thread finished: Threads: 50 -> 100 1-81
2025-12-09 17:36:26,641 INFO o.a.j.t.JMeterThread: Thread started: Threads: 50 -> 100 1-82
2025-12-09 17:36:26,652 INFO o.a.j.t.JMeterThread: Stopping because end time detected by thread: Threads: 50 -> 100 1-82
2025-12-09 17:36:26,653 INFO o.a.j.t.JMeterThread: Thread finished: Threads: 50 -> 100 1-82
2025-12-09 17:36:27,844 INFO o.a.j.t.JMeterThread: Thread started: Threads: 50 -> 100 1-83
2025-12-09 17:36:27,851 INFO o.a.j.t.JMeterThread: Stopping because end time detected by thread: Threads: 50 -> 100 1-83
2025-12-09 17:36:27,851 INFO o.a.j.t.JMeterThread: Thread finished: Threads: 50 -> 100 1-83
2025-12-09 17:36:29,042 INFO o.a.j.t.JMeterThread: Thread started: Threads: 50 -> 100 1-84
2025-12-09 17:36:29,046 INFO o.a.j.t.JMeterThread: Stopping because end time detected by thread: Threads: 50 -> 100 1-84
2025-12-09 17:36:29,046 INFO o.a.j.t.JMeterThread: Thread finished: Threads: 50 -> 100 1-84
2025-12-09 17:36:29,368 ERROR o.a.j.v.b.i.HttpMetricsSender: Error writing metrics to influxDB Url: http://localhost:8086/write?db=jmeter, responseCode: 401, responseBody: {"code":"unauthorized","message":"unauthorized access"}
2025-12-09 17:36:30,238 INFO o.a.j.t.JMeterThread: Thread started: Threads: 50 -> 100 1-85
2025-12-09 17:36:30,252 INFO o.a.j.r.Summariser: summary +     25 in 00:00:30 =    0.8/s Avg:     8 Min:     3 Max:    15 Err:     6 (24.00%) Active: 1 Started: 85 Finished: 84
2025-12-09 17:36:30,252 INFO o.a.j.r.Summariser: summary =  24680 in 00:01:41 =  244.6/s Avg:    61 Min:     1 Max:   698 Err:  8297 (33.62%)
2025-12-09 17:36:30,252 INFO o.a.j.t.JMeterThread: Stopping because end time detected by thread: Threads: 50 -> 100 1-85
2025-12-09 17:36:30,253 INFO o.a.j.t.JMeterThread: Thread finished: Threads: 50 -> 100 1-85
2025-12-09 17:36:31,442 INFO o.a.j.t.JMeterThread: Thread started: Threads: 50 -> 100 1-86
2025-12-09 17:36:31,444 INFO o.a.j.t.JMeterThread: Stopping because end time detected by thread: Threads: 50 -> 100 1-86
2025-12-09 17:36:31,444 INFO o.a.j.t.JMeterThread: Thread finished: Threads: 50 -> 100 1-86
2025-12-09 17:36:32,636 INFO o.a.j.t.JMeterThread: Thread started: Threads: 50 -> 100 1-87
2025-12-09 17:36:32,644 INFO o.a.j.t.JMeterThread: Stopping because end time detected by thread: Threads: 50 -> 100 1-87
2025-12-09 17:36:32,644 INFO o.a.j.t.JMeterThread: Thread finished: Threads: 50 -> 100 1-87
2025-12-09 17:36:33,839 INFO o.a.j.t.JMeterThread: Thread started: Threads: 50 -> 100 1-88
2025-12-09 17:36:33,843 INFO o.a.j.t.JMeterThread: Stopping because end time detected by thread: Threads: 50 -> 100 1-88
2025-12-09 17:36:33,843 INFO o.a.j.t.JMeterThread: Thread finished: Threads: 50 -> 100 1-88
2025-12-09 17:36:34,367 ERROR o.a.j.v.b.i.HttpMetricsSender: Error writing metrics to influxDB Url: http://localhost:8086/write?db=jmeter, responseCode: 401, responseBody: {"code":"unauthorized","message":"unauthorized access"}
2025-12-09 17:36:35,038 INFO o.a.j.t.JMeterThread: Thread started: Threads: 50 -> 100 1-89
2025-12-09 17:36:35,050 INFO o.a.j.t.JMeterThread: Stopping because end time detected by thread: Threads: 50 -> 100 1-89
2025-12-09 17:36:35,050 INFO o.a.j.t.JMeterThread: Thread finished: Threads: 50 -> 100 1-89
2025-12-09 17:36:36,232 INFO o.a.j.t.JMeterThread: Thread started: Threads: 50 -> 100 1-90
2025-12-09 17:36:36,244 INFO o.a.j.t.JMeterThread: Stopping because end time detected by thread: Threads: 50 -> 100 1-90
2025-12-09 17:36:36,244 INFO o.a.j.t.JMeterThread: Thread finished: Threads: 50 -> 100 1-90
2025-12-09 17:36:37,438 INFO o.a.j.t.JMeterThread: Thread started: Threads: 50 -> 100 1-91
2025-12-09 17:36:37,446 INFO o.a.j.t.JMeterThread: Stopping because end time detected by thread: Threads: 50 -> 100 1-91
2025-12-09 17:36:37,447 INFO o.a.j.t.JMeterThread: Thread finished: Threads: 50 -> 100 1-91
2025-12-09 17:36:38,641 INFO o.a.j.t.JMeterThread: Thread started: Threads: 50 -> 100 1-92
2025-12-09 17:36:38,645 INFO o.a.j.t.JMeterThread: Stopping because end time detected by thread: Threads: 50 -> 100 1-92
2025-12-09 17:36:38,645 INFO o.a.j.t.JMeterThread: Thread finished: Threads: 50 -> 100 1-92
2025-12-09 17:36:39,368 ERROR o.a.j.v.b.i.HttpMetricsSender: Error writing metrics to influxDB Url: http://localhost:8086/write?db=jmeter, responseCode: 401, responseBody: {"code":"unauthorized","message":"unauthorized access"}
2025-12-09 17:36:39,837 INFO o.a.j.t.JMeterThread: Thread started: Threads: 50 -> 100 1-93
2025-12-09 17:36:39,848 INFO o.a.j.t.JMeterThread: Stopping because end time detected by thread: Threads: 50 -> 100 1-93
2025-12-09 17:36:39,848 INFO o.a.j.t.JMeterThread: Thread finished: Threads: 50 -> 100 1-93
2025-12-09 17:36:41,037 INFO o.a.j.t.JMeterThread: Thread started: Threads: 50 -> 100 1-94
2025-12-09 17:36:41,049 INFO o.a.j.t.JMeterThread: Stopping because end time detected by thread: Threads: 50 -> 100 1-94
2025-12-09 17:36:41,049 INFO o.a.j.t.JMeterThread: Thread finished: Threads: 50 -> 100 1-94
2025-12-09 17:36:42,235 INFO o.a.j.t.JMeterThread: Thread started: Threads: 50 -> 100 1-95
2025-12-09 17:36:42,241 INFO o.a.j.t.JMeterThread: Stopping because end time detected by thread: Threads: 50 -> 100 1-95
2025-12-09 17:36:42,241 INFO o.a.j.t.JMeterThread: Thread finished: Threads: 50 -> 100 1-95
2025-12-09 17:36:43,433 INFO o.a.j.t.JMeterThread: Thread started: Threads: 50 -> 100 1-96
2025-12-09 17:36:43,437 INFO o.a.j.t.JMeterThread: Stopping because end time detected by thread: Threads: 50 -> 100 1-96
2025-12-09 17:36:43,437 INFO o.a.j.t.JMeterThread: Thread finished: Threads: 50 -> 100 1-96
2025-12-09 17:36:44,367 ERROR o.a.j.v.b.i.HttpMetricsSender: Error writing metrics to influxDB Url: http://localhost:8086/write?db=jmeter, responseCode: 401, responseBody: {"code":"unauthorized","message":"unauthorized access"}
2025-12-09 17:36:44,638 INFO o.a.j.t.JMeterThread: Thread started: Threads: 50 -> 100 1-97
2025-12-09 17:36:44,648 INFO o.a.j.t.JMeterThread: Stopping because end time detected by thread: Threads: 50 -> 100 1-97
2025-12-09 17:36:44,648 INFO o.a.j.t.JMeterThread: Thread finished: Threads: 50 -> 100 1-97
2025-12-09 17:36:45,833 INFO o.a.j.t.JMeterThread: Thread started: Threads: 50 -> 100 1-98
2025-12-09 17:36:45,844 INFO o.a.j.t.JMeterThread: Stopping because end time detected by thread: Threads: 50 -> 100 1-98
2025-12-09 17:36:45,844 INFO o.a.j.t.JMeterThread: Thread finished: Threads: 50 -> 100 1-98
2025-12-09 17:36:47,037 INFO o.a.j.t.JMeterThread: Thread started: Threads: 50 -> 100 1-99
2025-12-09 17:36:47,044 INFO o.a.j.t.JMeterThread: Stopping because end time detected by thread: Threads: 50 -> 100 1-99
2025-12-09 17:36:47,044 INFO o.a.j.t.JMeterThread: Thread finished: Threads: 50 -> 100 1-99
2025-12-09 17:36:48,234 INFO o.a.j.t.JMeterThread: Thread started: Threads: 50 -> 100 1-100
2025-12-09 17:36:48,239 INFO o.a.j.t.JMeterThread: Stopping because end time detected by thread: Threads: 50 -> 100 1-100
2025-12-09 17:36:48,239 INFO o.a.j.t.JMeterThread: Thread finished: Threads: 50 -> 100 1-100
2025-12-09 17:36:48,239 INFO o.a.j.e.StandardJMeterEngine: Notifying test listeners of end of test
2025-12-09 17:36:48,239 INFO o.a.j.s.FileServer: Close: ../data/item-ids.csv
2025-12-09 17:36:48,239 INFO o.a.j.s.FileServer: Close: ../data/category-ids.csv
2025-12-09 17:36:48,240 INFO o.a.j.v.b.BackendListener: Worker ended
2025-12-09 17:36:48,240 INFO o.a.j.v.b.i.InfluxdbBackendListenerClient: Sending last metrics to InfluxDB
2025-12-09 17:36:48,244 INFO o.a.j.v.b.i.HttpMetricsSender: Destroying 
2025-12-09 17:36:48,245 ERROR o.a.j.v.b.i.HttpMetricsSender: Error writing metrics to influxDB Url: http://localhost:8086/write?db=jmeter, responseCode: 401, responseBody: {"code":"unauthorized","message":"unauthorized access"}
2025-12-09 17:36:48,247 INFO o.a.j.r.Summariser: summary +     15 in 00:00:18 =    0.8/s Avg:     7 Min:     1 Max:    11 Err:     5 (33.33%) Active: 0 Started: 100 Finished: 100
2025-12-09 17:36:48,247 INFO o.a.j.r.Summariser: summary =  24695 in 00:01:59 =  207.7/s Avg:    61 Min:     1 Max:   698 Err:  8302 (33.62%)
