2025-12-09 17:36:50,800 INFO o.a.j.u.JMeterUtils: Setting Locale to en_EN
2025-12-09 17:36:50,839 INFO o.a.j.JMeter: Loading user properties from: C:\apache-jmeter\bin\user.properties
2025-12-09 17:36:50,843 INFO o.a.j.JMeter: Loading system properties from: C:\apache-jmeter\bin\system.properties
2025-12-09 17:36:50,845 INFO o.a.j.JMeter: Setting JMeter property: BASE_URL=http://localhost:8083
2025-12-09 17:36:50,846 INFO o.a.j.JMeter: Setting JMeter property: duration=300
2025-12-09 17:36:50,864 INFO o.a.j.JMeter: Copyright (c) 1998-2024 The Apache Software Foundation
2025-12-09 17:36:50,865 INFO o.a.j.JMeter: Version 5.6.3
2025-12-09 17:36:50,865 INFO o.a.j.JMeter: java.version=25.0.1
2025-12-09 17:36:50,866 INFO o.a.j.JMeter: java.vm.name=Java HotSpot(TM) 64-Bit Server VM
2025-12-09 17:36:50,866 INFO o.a.j.JMeter: os.name=Windows 10
2025-12-09 17:36:50,866 INFO o.a.j.JMeter: os.arch=amd64
2025-12-09 17:36:50,866 INFO o.a.j.JMeter: os.version=10.0
2025-12-09 17:36:50,866 INFO o.a.j.JMeter: file.encoding=UTF-8
2025-12-09 17:36:50,866 INFO o.a.j.JMeter: java.awt.headless=true
2025-12-09 17:36:50,866 INFO o.a.j.JMeter: Max memory     =1073741824
2025-12-09 17:36:50,868 INFO o.a.j.JMeter: Available Processors =16
2025-12-09 17:36:50,893 INFO o.a.j.JMeter: Default Locale=English (EN)
2025-12-09 17:36:50,894 INFO o.a.j.JMeter: JMeter  Locale=English (EN)
2025-12-09 17:36:50,894 INFO o.a.j.JMeter: JMeterHome=C:\apache-jmeter
2025-12-09 17:36:50,894 INFO o.a.j.JMeter: user.dir  =C:\Users\Imad ADAOUMOUM\Downloads\recordinglabs\benchmark-rest-services
2025-12-09 17:36:50,895 INFO o.a.j.JMeter: PWD       =C:\Users\Imad ADAOUMOUM\Downloads\recordinglabs\benchmark-rest-services
2025-12-09 17:36:50,897 INFO o.a.j.JMeter: IP: 10.5.0.2 Name: DESKTOP-T08ES81 FullName: 10.5.0.2
2025-12-09 17:36:50,915 INFO o.a.j.s.FileServer: Default base='C:\Users\Imad ADAOUMOUM\Downloads\recordinglabs\benchmark-rest-services'
2025-12-09 17:36:50,917 INFO o.a.j.s.FileServer: Set new base='C:\Users\Imad ADAOUMOUM\Downloads\recordinglabs\benchmark-rest-services\jmeter\test-plans'
2025-12-09 17:36:51,196 INFO o.a.j.s.SaveService: Testplan (JMX) version: 2.2. Testlog (JTL) version: 2.2
2025-12-09 17:36:51,216 INFO o.a.j.s.SaveService: Using SaveService properties version 5.0
2025-12-09 17:36:51,219 INFO o.a.j.s.SaveService: Using SaveService properties file encoding UTF-8
2025-12-09 17:36:51,222 INFO o.a.j.s.SaveService: Loading file: jmeter\test-plans\4-heavy-body.jmx
2025-12-09 17:36:51,279 INFO o.a.j.p.h.s.HTTPSamplerBase: Parser for text/html is org.apache.jmeter.protocol.http.parser.LagartoBasedHtmlParser
2025-12-09 17:36:51,279 INFO o.a.j.p.h.s.HTTPSamplerBase: Parser for application/xhtml+xml is org.apache.jmeter.protocol.http.parser.LagartoBasedHtmlParser
2025-12-09 17:36:51,279 INFO o.a.j.p.h.s.HTTPSamplerBase: Parser for application/xml is org.apache.jmeter.protocol.http.parser.LagartoBasedHtmlParser
2025-12-09 17:36:51,279 INFO o.a.j.p.h.s.HTTPSamplerBase: Parser for text/xml is org.apache.jmeter.protocol.http.parser.LagartoBasedHtmlParser
2025-12-09 17:36:51,280 INFO o.a.j.p.h.s.HTTPSamplerBase: Parser for text/vnd.wap.wml is org.apache.jmeter.protocol.http.parser.RegexpHTMLParser
2025-12-09 17:36:51,280 INFO o.a.j.p.h.s.HTTPSamplerBase: Parser for text/css is org.apache.jmeter.protocol.http.parser.CssParser
2025-12-09 17:36:51,295 INFO o.a.j.s.SampleResult: Note: Sample TimeStamps are START times
2025-12-09 17:36:51,295 INFO o.a.j.s.SampleResult: sampleresult.default.encoding is set to UTF-8
2025-12-09 17:36:51,295 INFO o.a.j.s.SampleResult: sampleresult.useNanoTime=true
2025-12-09 17:36:51,295 INFO o.a.j.s.SampleResult: sampleresult.nanoThreadSleep=5000
2025-12-09 17:36:51,305 INFO o.a.j.JMeter: Creating summariser <summary>
2025-12-09 17:36:51,316 INFO o.a.j.e.StandardJMeterEngine: Running the test!
2025-12-09 17:36:51,316 INFO o.a.j.s.SampleEvent: List of sample_variables: []
2025-12-09 17:36:51,317 INFO o.a.j.s.SampleEvent: List of sample_variables: []
2025-12-09 17:36:51,323 INFO o.a.j.e.u.CompoundVariable: Note: Function class names must contain the string: '.functions.'
2025-12-09 17:36:51,323 INFO o.a.j.e.u.CompoundVariable: Note: Function class names must not contain the string: '.gui.'
2025-12-09 17:36:51,400 INFO o.a.j.v.b.BackendListener: InfluxDB Backend Listener: Starting worker with class: class org.apache.jmeter.visualizers.backend.influxdb.InfluxdbBackendListenerClient and queue capacity: 5000
2025-12-09 17:36:51,401 INFO o.a.j.v.b.BackendListener: InfluxDB Backend Listener: Started  worker with class: class org.apache.jmeter.visualizers.backend.influxdb.InfluxdbBackendListenerClient
2025-12-09 17:36:51,641 INFO o.a.j.JMeter: Running test (1765298211641)
2025-12-09 17:36:51,656 INFO o.a.j.e.StandardJMeterEngine: Starting ThreadGroup: 1 : Phase 1: 30 threads (0-8 min)
2025-12-09 17:36:51,656 INFO o.a.j.e.StandardJMeterEngine: Starting 30 threads for group Phase 1: 30 threads (0-8 min).
2025-12-09 17:36:51,657 INFO o.a.j.e.StandardJMeterEngine: Thread will continue on error
2025-12-09 17:36:51,657 INFO o.a.j.t.ThreadGroup: Starting thread group... number=1 threads=30 ramp-up=60 delayedStart=false
2025-12-09 17:36:51,673 INFO o.a.j.t.ThreadGroup: Started thread group number 1
2025-12-09 17:36:51,673 INFO o.a.j.e.StandardJMeterEngine: Starting ThreadGroup: 2 : Phase 2: 60 threads (8-16 min)
2025-12-09 17:36:51,673 INFO o.a.j.e.StandardJMeterEngine: Starting 60 threads for group Phase 2: 60 threads (8-16 min).
2025-12-09 17:36:51,673 INFO o.a.j.e.StandardJMeterEngine: Thread will continue on error
2025-12-09 17:36:51,673 INFO o.a.j.t.ThreadGroup: Starting thread group... number=2 threads=60 ramp-up=60 delayedStart=false
2025-12-09 17:36:51,697 INFO o.a.j.t.ThreadGroup: Started thread group number 2
2025-12-09 17:36:51,697 INFO o.a.j.e.StandardJMeterEngine: All thread groups have been started
2025-12-09 17:36:51,759 INFO o.a.j.t.JMeterThread: Thread started: Phase 1: 30 threads (0-8 min) 1-1
2025-12-09 17:36:51,761 INFO o.a.j.s.FileServer: Stored: ../data/item-payload-heavy.csv
2025-12-09 17:36:51,764 ERROR o.a.j.v.b.i.HttpMetricsSender: Error writing metrics to influxDB Url: http://localhost:8086/write?db=jmeter, responseCode: 401, responseBody: {"code":"unauthorized","message":"unauthorized access"}
2025-12-09 17:36:51,788 INFO o.a.j.s.FileServer: Stored: ../data/item-ids.csv
2025-12-09 17:36:51,808 INFO o.a.j.p.h.s.HTTPHCAbstractImpl: Local host = DESKTOP-T08ES81
2025-12-09 17:36:51,814 INFO o.a.j.p.h.s.HTTPHC4Impl: HTTP request retry count = 0
2025-12-09 17:36:53,749 INFO o.a.j.t.JMeterThread: Thread started: Phase 1: 30 threads (0-8 min) 1-2
2025-12-09 17:36:55,748 INFO o.a.j.t.JMeterThread: Thread started: Phase 1: 30 threads (0-8 min) 1-3
2025-12-09 17:36:56,670 ERROR o.a.j.v.b.i.HttpMetricsSender: Error writing metrics to influxDB Url: http://localhost:8086/write?db=jmeter, responseCode: 401, responseBody: {"code":"unauthorized","message":"unauthorized access"}
2025-12-09 17:36:57,756 INFO o.a.j.t.JMeterThread: Thread started: Phase 1: 30 threads (0-8 min) 1-4
2025-12-09 17:36:59,756 INFO o.a.j.t.JMeterThread: Thread started: Phase 1: 30 threads (0-8 min) 1-5
2025-12-09 17:37:00,003 INFO o.a.j.r.Summariser: summary +   4148 in 00:00:08 =  496.1/s Avg:     4 Min:     1 Max:    29 Err:  4148 (100.00%) Active: 5 Started: 5 Finished: 0
2025-12-09 17:37:01,684 ERROR o.a.j.v.b.i.HttpMetricsSender: Error writing metrics to influxDB Url: http://localhost:8086/write?db=jmeter, responseCode: 401, responseBody: {"code":"unauthorized","message":"unauthorized access"}
2025-12-09 17:37:01,754 INFO o.a.j.t.JMeterThread: Thread started: Phase 1: 30 threads (0-8 min) 1-6
2025-12-09 17:37:03,757 INFO o.a.j.t.JMeterThread: Thread started: Phase 1: 30 threads (0-8 min) 1-7
2025-12-09 17:37:05,751 INFO o.a.j.t.JMeterThread: Thread started: Phase 1: 30 threads (0-8 min) 1-8
2025-12-09 17:37:06,711 ERROR o.a.j.v.b.i.HttpMetricsSender: Error writing metrics to influxDB Url: http://localhost:8086/write?db=jmeter, responseCode: 401, responseBody: {"code":"unauthorized","message":"unauthorized access"}
2025-12-09 17:37:07,749 INFO o.a.j.t.JMeterThread: Thread started: Phase 1: 30 threads (0-8 min) 1-9
2025-12-09 17:37:09,751 INFO o.a.j.t.JMeterThread: Thread started: Phase 1: 30 threads (0-8 min) 1-10
2025-12-09 17:37:11,663 ERROR o.a.j.v.b.i.HttpMetricsSender: Error writing metrics to influxDB Url: http://localhost:8086/write?db=jmeter, responseCode: 401, responseBody: {"code":"unauthorized","message":"unauthorized access"}
2025-12-09 17:37:11,746 INFO o.a.j.t.JMeterThread: Thread started: Phase 1: 30 threads (0-8 min) 1-11
2025-12-09 17:37:13,748 INFO o.a.j.t.JMeterThread: Thread started: Phase 1: 30 threads (0-8 min) 1-12
2025-12-09 17:37:15,750 INFO o.a.j.t.JMeterThread: Thread started: Phase 1: 30 threads (0-8 min) 1-13
2025-12-09 17:37:16,666 ERROR o.a.j.v.b.i.HttpMetricsSender: Error writing metrics to influxDB Url: http://localhost:8086/write?db=jmeter, responseCode: 401, responseBody: {"code":"unauthorized","message":"unauthorized access"}
2025-12-09 17:37:17,750 INFO o.a.j.t.JMeterThread: Thread started: Phase 1: 30 threads (0-8 min) 1-14
2025-12-09 17:37:19,748 INFO o.a.j.t.JMeterThread: Thread started: Phase 1: 30 threads (0-8 min) 1-15
2025-12-09 17:37:21,659 ERROR o.a.j.v.b.i.HttpMetricsSender: Error writing metrics to influxDB Url: http://localhost:8086/write?db=jmeter, responseCode: 401, responseBody: {"code":"unauthorized","message":"unauthorized access"}
2025-12-09 17:37:21,751 INFO o.a.j.t.JMeterThread: Thread started: Phase 1: 30 threads (0-8 min) 1-16
2025-12-09 17:37:23,750 INFO o.a.j.t.JMeterThread: Thread started: Phase 1: 30 threads (0-8 min) 1-17
2025-12-09 17:37:25,743 INFO o.a.j.t.JMeterThread: Thread started: Phase 1: 30 threads (0-8 min) 1-18
2025-12-09 17:37:26,678 ERROR o.a.j.v.b.i.HttpMetricsSender: Error writing metrics to influxDB Url: http://localhost:8086/write?db=jmeter, responseCode: 401, responseBody: {"code":"unauthorized","message":"unauthorized access"}
2025-12-09 17:37:27,743 INFO o.a.j.t.JMeterThread: Thread started: Phase 1: 30 threads (0-8 min) 1-19
2025-12-09 17:37:29,751 INFO o.a.j.t.JMeterThread: Thread started: Phase 1: 30 threads (0-8 min) 1-20
2025-12-09 17:37:30,000 INFO o.a.j.r.Summariser: summary +  20800 in 00:00:30 =  693.4/s Avg:    17 Min:     1 Max:   131 Err: 20800 (100.00%) Active: 20 Started: 20 Finished: 0
2025-12-09 17:37:30,001 INFO o.a.j.r.Summariser: summary =  24948 in 00:00:38 =  650.4/s Avg:    15 Min:     1 Max:   131 Err: 24948 (100.00%)
2025-12-09 17:37:31,695 ERROR o.a.j.v.b.i.HttpMetricsSender: Error writing metrics to influxDB Url: http://localhost:8086/write?db=jmeter, responseCode: 401, responseBody: {"code":"unauthorized","message":"unauthorized access"}
2025-12-09 17:37:31,748 INFO o.a.j.t.JMeterThread: Thread started: Phase 1: 30 threads (0-8 min) 1-21
2025-12-09 17:37:33,751 INFO o.a.j.t.JMeterThread: Thread started: Phase 1: 30 threads (0-8 min) 1-22
2025-12-09 17:37:35,749 INFO o.a.j.t.JMeterThread: Thread started: Phase 1: 30 threads (0-8 min) 1-23
2025-12-09 17:37:36,681 ERROR o.a.j.v.b.i.HttpMetricsSender: Error writing metrics to influxDB Url: http://localhost:8086/write?db=jmeter, responseCode: 401, responseBody: {"code":"unauthorized","message":"unauthorized access"}
2025-12-09 17:37:37,745 INFO o.a.j.t.JMeterThread: Thread started: Phase 1: 30 threads (0-8 min) 1-24
2025-12-09 17:37:39,745 INFO o.a.j.t.JMeterThread: Thread started: Phase 1: 30 threads (0-8 min) 1-25
2025-12-09 17:37:41,704 ERROR o.a.j.v.b.i.HttpMetricsSender: Error writing metrics to influxDB Url: http://localhost:8086/write?db=jmeter, responseCode: 401, responseBody: {"code":"unauthorized","message":"unauthorized access"}
2025-12-09 17:37:41,744 INFO o.a.j.t.JMeterThread: Thread started: Phase 1: 30 threads (0-8 min) 1-26
2025-12-09 17:37:43,746 INFO o.a.j.t.JMeterThread: Thread started: Phase 1: 30 threads (0-8 min) 1-27
2025-12-09 17:37:45,747 INFO o.a.j.t.JMeterThread: Thread started: Phase 1: 30 threads (0-8 min) 1-28
2025-12-09 17:37:46,709 ERROR o.a.j.v.b.i.HttpMetricsSender: Error writing metrics to influxDB Url: http://localhost:8086/write?db=jmeter, responseCode: 401, responseBody: {"code":"unauthorized","message":"unauthorized access"}
2025-12-09 17:37:47,738 INFO o.a.j.t.JMeterThread: Thread started: Phase 1: 30 threads (0-8 min) 1-29
2025-12-09 17:37:49,743 INFO o.a.j.t.JMeterThread: Thread started: Phase 1: 30 threads (0-8 min) 1-30
2025-12-09 17:37:51,664 INFO o.a.j.t.JMeterThread: Stopping because end time detected by thread: Phase 1: 30 threads (0-8 min) 1-8
2025-12-09 17:37:51,664 INFO o.a.j.t.JMeterThread: Stopping because end time detected by thread: Phase 1: 30 threads (0-8 min) 1-4
2025-12-09 17:37:51,664 INFO o.a.j.t.JMeterThread: Stopping because end time detected by thread: Phase 1: 30 threads (0-8 min) 1-10
2025-12-09 17:37:51,664 INFO o.a.j.t.JMeterThread: Stopping because end time detected by thread: Phase 1: 30 threads (0-8 min) 1-3
2025-12-09 17:37:51,664 INFO o.a.j.t.JMeterThread: Stopping because end time detected by thread: Phase 1: 30 threads (0-8 min) 1-6
2025-12-09 17:37:51,664 INFO o.a.j.t.JMeterThread: Stopping because end time detected by thread: Phase 1: 30 threads (0-8 min) 1-11
2025-12-09 17:37:51,664 INFO o.a.j.t.JMeterThread: Stopping because end time detected by thread: Phase 1: 30 threads (0-8 min) 1-7
2025-12-09 17:37:51,664 INFO o.a.j.t.JMeterThread: Stopping because end time detected by thread: Phase 1: 30 threads (0-8 min) 1-1
2025-12-09 17:37:51,664 INFO o.a.j.t.JMeterThread: Stopping because end time detected by thread: Phase 1: 30 threads (0-8 min) 1-9
2025-12-09 17:37:51,664 INFO o.a.j.t.JMeterThread: Thread finished: Phase 1: 30 threads (0-8 min) 1-3
2025-12-09 17:37:51,664 INFO o.a.j.t.JMeterThread: Stopping because end time detected by thread: Phase 1: 30 threads (0-8 min) 1-2
2025-12-09 17:37:51,664 INFO o.a.j.t.JMeterThread: Thread finished: Phase 1: 30 threads (0-8 min) 1-1
2025-12-09 17:37:51,665 INFO o.a.j.t.JMeterThread: Thread finished: Phase 1: 30 threads (0-8 min) 1-8
2025-12-09 17:37:51,665 INFO o.a.j.t.JMeterThread: Thread finished: Phase 1: 30 threads (0-8 min) 1-11
2025-12-09 17:37:51,665 INFO o.a.j.t.JMeterThread: Thread finished: Phase 1: 30 threads (0-8 min) 1-9
2025-12-09 17:37:51,665 INFO o.a.j.t.JMeterThread: Thread finished: Phase 1: 30 threads (0-8 min) 1-7
2025-12-09 17:37:51,665 INFO o.a.j.t.JMeterThread: Thread finished: Phase 1: 30 threads (0-8 min) 1-6
2025-12-09 17:37:51,665 INFO o.a.j.t.JMeterThread: Thread finished: Phase 1: 30 threads (0-8 min) 1-4
2025-12-09 17:37:51,665 INFO o.a.j.t.JMeterThread: Thread finished: Phase 1: 30 threads (0-8 min) 1-2
2025-12-09 17:37:51,665 INFO o.a.j.t.JMeterThread: Thread finished: Phase 1: 30 threads (0-8 min) 1-10
2025-12-09 17:37:51,669 INFO o.a.j.t.JMeterThread: Stopping because end time detected by thread: Phase 1: 30 threads (0-8 min) 1-12
2025-12-09 17:37:51,669 INFO o.a.j.t.JMeterThread: Stopping because end time detected by thread: Phase 1: 30 threads (0-8 min) 1-21
2025-12-09 17:37:51,669 INFO o.a.j.t.JMeterThread: Stopping because end time detected by thread: Phase 1: 30 threads (0-8 min) 1-13
2025-12-09 17:37:51,669 INFO o.a.j.t.JMeterThread: Stopping because end time detected by thread: Phase 1: 30 threads (0-8 min) 1-19
2025-12-09 17:37:51,669 INFO o.a.j.t.JMeterThread: Stopping because end time detected by thread: Phase 1: 30 threads (0-8 min) 1-23
2025-12-09 17:37:51,669 INFO o.a.j.t.JMeterThread: Stopping because end time detected by thread: Phase 1: 30 threads (0-8 min) 1-17
2025-12-09 17:37:51,669 INFO o.a.j.t.JMeterThread: Thread finished: Phase 1: 30 threads (0-8 min) 1-12
2025-12-09 17:37:51,669 INFO o.a.j.t.JMeterThread: Thread finished: Phase 1: 30 threads (0-8 min) 1-17
2025-12-09 17:37:51,669 INFO o.a.j.t.JMeterThread: Stopping because end time detected by thread: Phase 1: 30 threads (0-8 min) 1-15
2025-12-09 17:37:51,669 INFO o.a.j.t.JMeterThread: Thread finished: Phase 1: 30 threads (0-8 min) 1-15
2025-12-09 17:37:51,669 INFO o.a.j.t.JMeterThread: Thread finished: Phase 1: 30 threads (0-8 min) 1-23
2025-12-09 17:37:51,669 INFO o.a.j.t.JMeterThread: Thread finished: Phase 1: 30 threads (0-8 min) 1-19
2025-12-09 17:37:51,669 INFO o.a.j.t.JMeterThread: Thread finished: Phase 1: 30 threads (0-8 min) 1-21
2025-12-09 17:37:51,670 INFO o.a.j.t.JMeterThread: Thread finished: Phase 1: 30 threads (0-8 min) 1-13
2025-12-09 17:37:51,671 INFO o.a.j.t.JMeterThread: Stopping because end time detected by thread: Phase 1: 30 threads (0-8 min) 1-28
2025-12-09 17:37:51,671 INFO o.a.j.t.JMeterThread: Stopping because end time detected by thread: Phase 1: 30 threads (0-8 min) 1-24
2025-12-09 17:37:51,671 INFO o.a.j.t.JMeterThread: Thread finished: Phase 1: 30 threads (0-8 min) 1-24
2025-12-09 17:37:51,671 INFO o.a.j.t.JMeterThread: Thread finished: Phase 1: 30 threads (0-8 min) 1-28
2025-12-09 17:37:51,673 INFO o.a.j.t.JMeterThread: Stopping because end time detected by thread: Phase 1: 30 threads (0-8 min) 1-5
2025-12-09 17:37:51,673 INFO o.a.j.t.JMeterThread: Stopping because end time detected by thread: Phase 1: 30 threads (0-8 min) 1-29
2025-12-09 17:37:51,673 INFO o.a.j.t.JMeterThread: Stopping because end time detected by thread: Phase 1: 30 threads (0-8 min) 1-22
2025-12-09 17:37:51,673 INFO o.a.j.t.JMeterThread: Thread finished: Phase 1: 30 threads (0-8 min) 1-29
2025-12-09 17:37:51,673 INFO o.a.j.t.JMeterThread: Thread finished: Phase 1: 30 threads (0-8 min) 1-22
2025-12-09 17:37:51,673 INFO o.a.j.t.JMeterThread: Thread finished: Phase 1: 30 threads (0-8 min) 1-5
2025-12-09 17:37:51,673 INFO o.a.j.t.JMeterThread: Stopping because end time detected by thread: Phase 1: 30 threads (0-8 min) 1-20
2025-12-09 17:37:51,673 INFO o.a.j.t.JMeterThread: Thread finished: Phase 1: 30 threads (0-8 min) 1-20
2025-12-09 17:37:51,674 INFO o.a.j.t.JMeterThread: Stopping because end time detected by thread: Phase 1: 30 threads (0-8 min) 1-14
2025-12-09 17:37:51,674 INFO o.a.j.t.JMeterThread: Thread finished: Phase 1: 30 threads (0-8 min) 1-14
2025-12-09 17:37:51,674 INFO o.a.j.t.JMeterThread: Stopping because end time detected by thread: Phase 1: 30 threads (0-8 min) 1-16
2025-12-09 17:37:51,674 INFO o.a.j.t.JMeterThread: Thread finished: Phase 1: 30 threads (0-8 min) 1-16
2025-12-09 17:37:51,675 INFO o.a.j.t.JMeterThread: Stopping because end time detected by thread: Phase 1: 30 threads (0-8 min) 1-26
2025-12-09 17:37:51,675 INFO o.a.j.t.JMeterThread: Stopping because end time detected by thread: Phase 1: 30 threads (0-8 min) 1-18
2025-12-09 17:37:51,675 INFO o.a.j.t.JMeterThread: Thread finished: Phase 1: 30 threads (0-8 min) 1-18
2025-12-09 17:37:51,675 INFO o.a.j.t.JMeterThread: Thread finished: Phase 1: 30 threads (0-8 min) 1-26
2025-12-09 17:37:51,675 INFO o.a.j.t.JMeterThread: Stopping because end time detected by thread: Phase 1: 30 threads (0-8 min) 1-25
2025-12-09 17:37:51,675 INFO o.a.j.t.JMeterThread: Stopping because end time detected by thread: Phase 1: 30 threads (0-8 min) 1-27
2025-12-09 17:37:51,675 INFO o.a.j.t.JMeterThread: Thread finished: Phase 1: 30 threads (0-8 min) 1-25
2025-12-09 17:37:51,675 INFO o.a.j.t.JMeterThread: Thread finished: Phase 1: 30 threads (0-8 min) 1-27
2025-12-09 17:37:51,675 INFO o.a.j.t.JMeterThread: Stopping because end time detected by thread: Phase 1: 30 threads (0-8 min) 1-30
2025-12-09 17:37:51,675 INFO o.a.j.t.JMeterThread: Thread finished: Phase 1: 30 threads (0-8 min) 1-30
2025-12-09 17:37:51,694 ERROR o.a.j.v.b.i.HttpMetricsSender: Error writing metrics to influxDB Url: http://localhost:8086/write?db=jmeter, responseCode: 401, responseBody: {"code":"unauthorized","message":"unauthorized access"}
2025-12-09 17:37:56,657 ERROR o.a.j.v.b.i.HttpMetricsSender: Error writing metrics to influxDB Url: http://localhost:8086/write?db=jmeter, responseCode: 401, responseBody: {"code":"unauthorized","message":"unauthorized access"}
2025-12-09 17:38:01,653 ERROR o.a.j.v.b.i.HttpMetricsSender: Error writing metrics to influxDB Url: http://localhost:8086/write?db=jmeter, responseCode: 401, responseBody: {"code":"unauthorized","message":"unauthorized access"}
2025-12-09 17:38:06,653 ERROR o.a.j.v.b.i.HttpMetricsSender: Error writing metrics to influxDB Url: http://localhost:8086/write?db=jmeter, responseCode: 401, responseBody: {"code":"unauthorized","message":"unauthorized access"}
2025-12-09 17:38:11,656 ERROR o.a.j.v.b.i.HttpMetricsSender: Error writing metrics to influxDB Url: http://localhost:8086/write?db=jmeter, responseCode: 401, responseBody: {"code":"unauthorized","message":"unauthorized access"}
2025-12-09 17:38:16,675 ERROR o.a.j.v.b.i.HttpMetricsSender: Error writing metrics to influxDB Url: http://localhost:8086/write?db=jmeter, responseCode: 401, responseBody: {"code":"unauthorized","message":"unauthorized access"}
2025-12-09 17:38:21,656 ERROR o.a.j.v.b.i.HttpMetricsSender: Error writing metrics to influxDB Url: http://localhost:8086/write?db=jmeter, responseCode: 401, responseBody: {"code":"unauthorized","message":"unauthorized access"}
2025-12-09 17:38:26,666 ERROR o.a.j.v.b.i.HttpMetricsSender: Error writing metrics to influxDB Url: http://localhost:8086/write?db=jmeter, responseCode: 401, responseBody: {"code":"unauthorized","message":"unauthorized access"}
2025-12-09 17:38:31,658 ERROR o.a.j.v.b.i.HttpMetricsSender: Error writing metrics to influxDB Url: http://localhost:8086/write?db=jmeter, responseCode: 401, responseBody: {"code":"unauthorized","message":"unauthorized access"}
2025-12-09 17:38:36,653 ERROR o.a.j.v.b.i.HttpMetricsSender: Error writing metrics to influxDB Url: http://localhost:8086/write?db=jmeter, responseCode: 401, responseBody: {"code":"unauthorized","message":"unauthorized access"}
2025-12-09 17:38:41,654 ERROR o.a.j.v.b.i.HttpMetricsSender: Error writing metrics to influxDB Url: http://localhost:8086/write?db=jmeter, responseCode: 401, responseBody: {"code":"unauthorized","message":"unauthorized access"}
2025-12-09 17:38:46,654 ERROR o.a.j.v.b.i.HttpMetricsSender: Error writing metrics to influxDB Url: http://localhost:8086/write?db=jmeter, responseCode: 401, responseBody: {"code":"unauthorized","message":"unauthorized access"}
2025-12-09 17:38:51,653 ERROR o.a.j.v.b.i.HttpMetricsSender: Error writing metrics to influxDB Url: http://localhost:8086/write?db=jmeter, responseCode: 401, responseBody: {"code":"unauthorized","message":"unauthorized access"}
2025-12-09 17:38:56,653 ERROR o.a.j.v.b.i.HttpMetricsSender: Error writing metrics to influxDB Url: http://localhost:8086/write?db=jmeter, responseCode: 401, responseBody: {"code":"unauthorized","message":"unauthorized access"}
2025-12-09 17:39:01,653 ERROR o.a.j.v.b.i.HttpMetricsSender: Error writing metrics to influxDB Url: http://localhost:8086/write?db=jmeter, responseCode: 401, responseBody: {"code":"unauthorized","message":"unauthorized access"}
2025-12-09 17:39:06,654 ERROR o.a.j.v.b.i.HttpMetricsSender: Error writing metrics to influxDB Url: http://localhost:8086/write?db=jmeter, responseCode: 401, responseBody: {"code":"unauthorized","message":"unauthorized access"}
2025-12-09 17:39:11,653 ERROR o.a.j.v.b.i.HttpMetricsSender: Error writing metrics to influxDB Url: http://localhost:8086/write?db=jmeter, responseCode: 401, responseBody: {"code":"unauthorized","message":"unauthorized access"}
2025-12-09 17:39:16,653 ERROR o.a.j.v.b.i.HttpMetricsSender: Error writing metrics to influxDB Url: http://localhost:8086/write?db=jmeter, responseCode: 401, responseBody: {"code":"unauthorized","message":"unauthorized access"}
2025-12-09 17:39:21,653 ERROR o.a.j.v.b.i.HttpMetricsSender: Error writing metrics to influxDB Url: http://localhost:8086/write?db=jmeter, responseCode: 401, responseBody: {"code":"unauthorized","message":"unauthorized access"}
2025-12-09 17:39:26,653 ERROR o.a.j.v.b.i.HttpMetricsSender: Error writing metrics to influxDB Url: http://localhost:8086/write?db=jmeter, responseCode: 401, responseBody: {"code":"unauthorized","message":"unauthorized access"}
2025-12-09 17:39:31,656 ERROR o.a.j.v.b.i.HttpMetricsSender: Error writing metrics to influxDB Url: http://localhost:8086/write?db=jmeter, responseCode: 401, responseBody: {"code":"unauthorized","message":"unauthorized access"}
2025-12-09 17:39:36,653 ERROR o.a.j.v.b.i.HttpMetricsSender: Error writing metrics to influxDB Url: http://localhost:8086/write?db=jmeter, responseCode: 401, responseBody: {"code":"unauthorized","message":"unauthorized access"}
2025-12-09 17:39:41,653 ERROR o.a.j.v.b.i.HttpMetricsSender: Error writing metrics to influxDB Url: http://localhost:8086/write?db=jmeter, responseCode: 401, responseBody: {"code":"unauthorized","message":"unauthorized access"}
2025-12-09 17:39:46,653 ERROR o.a.j.v.b.i.HttpMetricsSender: Error writing metrics to influxDB Url: http://localhost:8086/write?db=jmeter, responseCode: 401, responseBody: {"code":"unauthorized","message":"unauthorized access"}
2025-12-09 17:39:51,656 ERROR o.a.j.v.b.i.HttpMetricsSender: Error writing metrics to influxDB Url: http://localhost:8086/write?db=jmeter, responseCode: 401, responseBody: {"code":"unauthorized","message":"unauthorized access"}
2025-12-09 17:39:56,666 ERROR o.a.j.v.b.i.HttpMetricsSender: Error writing metrics to influxDB Url: http://localhost:8086/write?db=jmeter, responseCode: 401, responseBody: {"code":"unauthorized","message":"unauthorized access"}
2025-12-09 17:40:01,654 ERROR o.a.j.v.b.i.HttpMetricsSender: Error writing metrics to influxDB Url: http://localhost:8086/write?db=jmeter, responseCode: 401, responseBody: {"code":"unauthorized","message":"unauthorized access"}
2025-12-09 17:40:06,659 ERROR o.a.j.v.b.i.HttpMetricsSender: Error writing metrics to influxDB Url: http://localhost:8086/write?db=jmeter, responseCode: 401, responseBody: {"code":"unauthorized","message":"unauthorized access"}
2025-12-09 17:40:11,654 ERROR o.a.j.v.b.i.HttpMetricsSender: Error writing metrics to influxDB Url: http://localhost:8086/write?db=jmeter, responseCode: 401, responseBody: {"code":"unauthorized","message":"unauthorized access"}
2025-12-09 17:40:16,653 ERROR o.a.j.v.b.i.HttpMetricsSender: Error writing metrics to influxDB Url: http://localhost:8086/write?db=jmeter, responseCode: 401, responseBody: {"code":"unauthorized","message":"unauthorized access"}
2025-12-09 17:40:21,653 ERROR o.a.j.v.b.i.HttpMetricsSender: Error writing metrics to influxDB Url: http://localhost:8086/write?db=jmeter, responseCode: 401, responseBody: {"code":"unauthorized","message":"unauthorized access"}
2025-12-09 17:40:26,654 ERROR o.a.j.v.b.i.HttpMetricsSender: Error writing metrics to influxDB Url: http://localhost:8086/write?db=jmeter, responseCode: 401, responseBody: {"code":"unauthorized","message":"unauthorized access"}
2025-12-09 17:40:31,655 ERROR o.a.j.v.b.i.HttpMetricsSender: Error writing metrics to influxDB Url: http://localhost:8086/write?db=jmeter, responseCode: 401, responseBody: {"code":"unauthorized","message":"unauthorized access"}
2025-12-09 17:40:36,654 ERROR o.a.j.v.b.i.HttpMetricsSender: Error writing metrics to influxDB Url: http://localhost:8086/write?db=jmeter, responseCode: 401, responseBody: {"code":"unauthorized","message":"unauthorized access"}
2025-12-09 17:40:41,652 ERROR o.a.j.v.b.i.HttpMetricsSender: Error writing metrics to influxDB Url: http://localhost:8086/write?db=jmeter, responseCode: 401, responseBody: {"code":"unauthorized","message":"unauthorized access"}
2025-12-09 17:40:46,652 ERROR o.a.j.v.b.i.HttpMetricsSender: Error writing metrics to influxDB Url: http://localhost:8086/write?db=jmeter, responseCode: 401, responseBody: {"code":"unauthorized","message":"unauthorized access"}
2025-12-09 17:40:51,653 ERROR o.a.j.v.b.i.HttpMetricsSender: Error writing metrics to influxDB Url: http://localhost:8086/write?db=jmeter, responseCode: 401, responseBody: {"code":"unauthorized","message":"unauthorized access"}
2025-12-09 17:40:56,653 ERROR o.a.j.v.b.i.HttpMetricsSender: Error writing metrics to influxDB Url: http://localhost:8086/write?db=jmeter, responseCode: 401, responseBody: {"code":"unauthorized","message":"unauthorized access"}
2025-12-09 17:41:01,653 ERROR o.a.j.v.b.i.HttpMetricsSender: Error writing metrics to influxDB Url: http://localhost:8086/write?db=jmeter, responseCode: 401, responseBody: {"code":"unauthorized","message":"unauthorized access"}
2025-12-09 17:41:06,654 ERROR o.a.j.v.b.i.HttpMetricsSender: Error writing metrics to influxDB Url: http://localhost:8086/write?db=jmeter, responseCode: 401, responseBody: {"code":"unauthorized","message":"unauthorized access"}
2025-12-09 17:41:11,653 ERROR o.a.j.v.b.i.HttpMetricsSender: Error writing metrics to influxDB Url: http://localhost:8086/write?db=jmeter, responseCode: 401, responseBody: {"code":"unauthorized","message":"unauthorized access"}
2025-12-09 17:41:16,654 ERROR o.a.j.v.b.i.HttpMetricsSender: Error writing metrics to influxDB Url: http://localhost:8086/write?db=jmeter, responseCode: 401, responseBody: {"code":"unauthorized","message":"unauthorized access"}
2025-12-09 17:41:21,653 ERROR o.a.j.v.b.i.HttpMetricsSender: Error writing metrics to influxDB Url: http://localhost:8086/write?db=jmeter, responseCode: 401, responseBody: {"code":"unauthorized","message":"unauthorized access"}
2025-12-09 17:41:26,652 ERROR o.a.j.v.b.i.HttpMetricsSender: Error writing metrics to influxDB Url: http://localhost:8086/write?db=jmeter, responseCode: 401, responseBody: {"code":"unauthorized","message":"unauthorized access"}
2025-12-09 17:41:31,654 ERROR o.a.j.v.b.i.HttpMetricsSender: Error writing metrics to influxDB Url: http://localhost:8086/write?db=jmeter, responseCode: 401, responseBody: {"code":"unauthorized","message":"unauthorized access"}
2025-12-09 17:41:36,653 ERROR o.a.j.v.b.i.HttpMetricsSender: Error writing metrics to influxDB Url: http://localhost:8086/write?db=jmeter, responseCode: 401, responseBody: {"code":"unauthorized","message":"unauthorized access"}
2025-12-09 17:41:41,653 ERROR o.a.j.v.b.i.HttpMetricsSender: Error writing metrics to influxDB Url: http://localhost:8086/write?db=jmeter, responseCode: 401, responseBody: {"code":"unauthorized","message":"unauthorized access"}
2025-12-09 17:41:46,652 ERROR o.a.j.v.b.i.HttpMetricsSender: Error writing metrics to influxDB Url: http://localhost:8086/write?db=jmeter, responseCode: 401, responseBody: {"code":"unauthorized","message":"unauthorized access"}
2025-12-09 17:41:51,653 ERROR o.a.j.v.b.i.HttpMetricsSender: Error writing metrics to influxDB Url: http://localhost:8086/write?db=jmeter, responseCode: 401, responseBody: {"code":"unauthorized","message":"unauthorized access"}
2025-12-09 17:41:56,653 ERROR o.a.j.v.b.i.HttpMetricsSender: Error writing metrics to influxDB Url: http://localhost:8086/write?db=jmeter, responseCode: 401, responseBody: {"code":"unauthorized","message":"unauthorized access"}
2025-12-09 17:42:01,652 ERROR o.a.j.v.b.i.HttpMetricsSender: Error writing metrics to influxDB Url: http://localhost:8086/write?db=jmeter, responseCode: 401, responseBody: {"code":"unauthorized","message":"unauthorized access"}
2025-12-09 17:42:06,652 ERROR o.a.j.v.b.i.HttpMetricsSender: Error writing metrics to influxDB Url: http://localhost:8086/write?db=jmeter, responseCode: 401, responseBody: {"code":"unauthorized","message":"unauthorized access"}
2025-12-09 17:42:11,653 ERROR o.a.j.v.b.i.HttpMetricsSender: Error writing metrics to influxDB Url: http://localhost:8086/write?db=jmeter, responseCode: 401, responseBody: {"code":"unauthorized","message":"unauthorized access"}
2025-12-09 17:42:16,652 ERROR o.a.j.v.b.i.HttpMetricsSender: Error writing metrics to influxDB Url: http://localhost:8086/write?db=jmeter, responseCode: 401, responseBody: {"code":"unauthorized","message":"unauthorized access"}
2025-12-09 17:42:21,653 ERROR o.a.j.v.b.i.HttpMetricsSender: Error writing metrics to influxDB Url: http://localhost:8086/write?db=jmeter, responseCode: 401, responseBody: {"code":"unauthorized","message":"unauthorized access"}
2025-12-09 17:42:26,652 ERROR o.a.j.v.b.i.HttpMetricsSender: Error writing metrics to influxDB Url: http://localhost:8086/write?db=jmeter, responseCode: 401, responseBody: {"code":"unauthorized","message":"unauthorized access"}
2025-12-09 17:42:31,653 ERROR o.a.j.v.b.i.HttpMetricsSender: Error writing metrics to influxDB Url: http://localhost:8086/write?db=jmeter, responseCode: 401, responseBody: {"code":"unauthorized","message":"unauthorized access"}
2025-12-09 17:42:36,654 ERROR o.a.j.v.b.i.HttpMetricsSender: Error writing metrics to influxDB Url: http://localhost:8086/write?db=jmeter, responseCode: 401, responseBody: {"code":"unauthorized","message":"unauthorized access"}
2025-12-09 17:42:41,652 ERROR o.a.j.v.b.i.HttpMetricsSender: Error writing metrics to influxDB Url: http://localhost:8086/write?db=jmeter, responseCode: 401, responseBody: {"code":"unauthorized","message":"unauthorized access"}
2025-12-09 17:42:46,652 ERROR o.a.j.v.b.i.HttpMetricsSender: Error writing metrics to influxDB Url: http://localhost:8086/write?db=jmeter, responseCode: 401, responseBody: {"code":"unauthorized","message":"unauthorized access"}
2025-12-09 17:42:51,652 ERROR o.a.j.v.b.i.HttpMetricsSender: Error writing metrics to influxDB Url: http://localhost:8086/write?db=jmeter, responseCode: 401, responseBody: {"code":"unauthorized","message":"unauthorized access"}
2025-12-09 17:42:56,652 ERROR o.a.j.v.b.i.HttpMetricsSender: Error writing metrics to influxDB Url: http://localhost:8086/write?db=jmeter, responseCode: 401, responseBody: {"code":"unauthorized","message":"unauthorized access"}
2025-12-09 17:43:01,654 ERROR o.a.j.v.b.i.HttpMetricsSender: Error writing metrics to influxDB Url: http://localhost:8086/write?db=jmeter, responseCode: 401, responseBody: {"code":"unauthorized","message":"unauthorized access"}
2025-12-09 17:43:06,653 ERROR o.a.j.v.b.i.HttpMetricsSender: Error writing metrics to influxDB Url: http://localhost:8086/write?db=jmeter, responseCode: 401, responseBody: {"code":"unauthorized","message":"unauthorized access"}
2025-12-09 17:43:11,653 ERROR o.a.j.v.b.i.HttpMetricsSender: Error writing metrics to influxDB Url: http://localhost:8086/write?db=jmeter, responseCode: 401, responseBody: {"code":"unauthorized","message":"unauthorized access"}
2025-12-09 17:43:16,654 ERROR o.a.j.v.b.i.HttpMetricsSender: Error writing metrics to influxDB Url: http://localhost:8086/write?db=jmeter, responseCode: 401, responseBody: {"code":"unauthorized","message":"unauthorized access"}
2025-12-09 17:43:21,653 ERROR o.a.j.v.b.i.HttpMetricsSender: Error writing metrics to influxDB Url: http://localhost:8086/write?db=jmeter, responseCode: 401, responseBody: {"code":"unauthorized","message":"unauthorized access"}
2025-12-09 17:43:26,654 ERROR o.a.j.v.b.i.HttpMetricsSender: Error writing metrics to influxDB Url: http://localhost:8086/write?db=jmeter, responseCode: 401, responseBody: {"code":"unauthorized","message":"unauthorized access"}
2025-12-09 17:43:31,654 ERROR o.a.j.v.b.i.HttpMetricsSender: Error writing metrics to influxDB Url: http://localhost:8086/write?db=jmeter, responseCode: 401, responseBody: {"code":"unauthorized","message":"unauthorized access"}
2025-12-09 17:43:36,656 ERROR o.a.j.v.b.i.HttpMetricsSender: Error writing metrics to influxDB Url: http://localhost:8086/write?db=jmeter, responseCode: 401, responseBody: {"code":"unauthorized","message":"unauthorized access"}
2025-12-09 17:43:41,652 ERROR o.a.j.v.b.i.HttpMetricsSender: Error writing metrics to influxDB Url: http://localhost:8086/write?db=jmeter, responseCode: 401, responseBody: {"code":"unauthorized","message":"unauthorized access"}
2025-12-09 17:43:46,654 ERROR o.a.j.v.b.i.HttpMetricsSender: Error writing metrics to influxDB Url: http://localhost:8086/write?db=jmeter, responseCode: 401, responseBody: {"code":"unauthorized","message":"unauthorized access"}
2025-12-09 17:43:51,653 ERROR o.a.j.v.b.i.HttpMetricsSender: Error writing metrics to influxDB Url: http://localhost:8086/write?db=jmeter, responseCode: 401, responseBody: {"code":"unauthorized","message":"unauthorized access"}
2025-12-09 17:43:56,653 ERROR o.a.j.v.b.i.HttpMetricsSender: Error writing metrics to influxDB Url: http://localhost:8086/write?db=jmeter, responseCode: 401, responseBody: {"code":"unauthorized","message":"unauthorized access"}
2025-12-09 17:44:01,656 ERROR o.a.j.v.b.i.HttpMetricsSender: Error writing metrics to influxDB Url: http://localhost:8086/write?db=jmeter, responseCode: 401, responseBody: {"code":"unauthorized","message":"unauthorized access"}
2025-12-09 17:44:06,654 ERROR o.a.j.v.b.i.HttpMetricsSender: Error writing metrics to influxDB Url: http://localhost:8086/write?db=jmeter, responseCode: 401, responseBody: {"code":"unauthorized","message":"unauthorized access"}
2025-12-09 17:44:11,653 ERROR o.a.j.v.b.i.HttpMetricsSender: Error writing metrics to influxDB Url: http://localhost:8086/write?db=jmeter, responseCode: 401, responseBody: {"code":"unauthorized","message":"unauthorized access"}
2025-12-09 17:44:16,655 ERROR o.a.j.v.b.i.HttpMetricsSender: Error writing metrics to influxDB Url: http://localhost:8086/write?db=jmeter, responseCode: 401, responseBody: {"code":"unauthorized","message":"unauthorized access"}
2025-12-09 17:44:21,653 ERROR o.a.j.v.b.i.HttpMetricsSender: Error writing metrics to influxDB Url: http://localhost:8086/write?db=jmeter, responseCode: 401, responseBody: {"code":"unauthorized","message":"unauthorized access"}
2025-12-09 17:44:26,654 ERROR o.a.j.v.b.i.HttpMetricsSender: Error writing metrics to influxDB Url: http://localhost:8086/write?db=jmeter, responseCode: 401, responseBody: {"code":"unauthorized","message":"unauthorized access"}
2025-12-09 17:44:31,653 ERROR o.a.j.v.b.i.HttpMetricsSender: Error writing metrics to influxDB Url: http://localhost:8086/write?db=jmeter, responseCode: 401, responseBody: {"code":"unauthorized","message":"unauthorized access"}
2025-12-09 17:44:36,652 ERROR o.a.j.v.b.i.HttpMetricsSender: Error writing metrics to influxDB Url: http://localhost:8086/write?db=jmeter, responseCode: 401, responseBody: {"code":"unauthorized","message":"unauthorized access"}
2025-12-09 17:44:41,652 ERROR o.a.j.v.b.i.HttpMetricsSender: Error writing metrics to influxDB Url: http://localhost:8086/write?db=jmeter, responseCode: 401, responseBody: {"code":"unauthorized","message":"unauthorized access"}
2025-12-09 17:44:46,655 ERROR o.a.j.v.b.i.HttpMetricsSender: Error writing metrics to influxDB Url: http://localhost:8086/write?db=jmeter, responseCode: 401, responseBody: {"code":"unauthorized","message":"unauthorized access"}
2025-12-09 17:44:51,654 ERROR o.a.j.v.b.i.HttpMetricsSender: Error writing metrics to influxDB Url: http://localhost:8086/write?db=jmeter, responseCode: 401, responseBody: {"code":"unauthorized","message":"unauthorized access"}
2025-12-09 17:44:51,674 INFO o.a.j.t.JMeterThread: Thread started: Phase 2: 60 threads (8-16 min) 2-1
2025-12-09 17:44:52,675 INFO o.a.j.t.JMeterThread: Thread started: Phase 2: 60 threads (8-16 min) 2-2
2025-12-09 17:44:53,674 INFO o.a.j.t.JMeterThread: Thread started: Phase 2: 60 threads (8-16 min) 2-3
2025-12-09 17:44:54,674 INFO o.a.j.t.JMeterThread: Thread started: Phase 2: 60 threads (8-16 min) 2-4
2025-12-09 17:44:55,676 INFO o.a.j.t.JMeterThread: Thread started: Phase 2: 60 threads (8-16 min) 2-5
2025-12-09 17:44:56,675 INFO o.a.j.t.JMeterThread: Thread started: Phase 2: 60 threads (8-16 min) 2-6
2025-12-09 17:44:56,696 ERROR o.a.j.v.b.i.HttpMetricsSender: Error writing metrics to influxDB Url: http://localhost:8086/write?db=jmeter, responseCode: 401, responseBody: {"code":"unauthorized","message":"unauthorized access"}
2025-12-09 17:44:57,674 INFO o.a.j.t.JMeterThread: Thread started: Phase 2: 60 threads (8-16 min) 2-7
2025-12-09 17:44:58,675 INFO o.a.j.t.JMeterThread: Thread started: Phase 2: 60 threads (8-16 min) 2-8
2025-12-09 17:44:59,674 INFO o.a.j.t.JMeterThread: Thread started: Phase 2: 60 threads (8-16 min) 2-9
2025-12-09 17:45:00,001 INFO o.a.j.r.Summariser: summary +  35098 in 00:07:30 =   78.0/s Avg:    16 Min:     1 Max:   243 Err: 35098 (100.00%) Active: 9 Started: 39 Finished: 30
2025-12-09 17:45:00,001 INFO o.a.j.r.Summariser: summary =  60046 in 00:08:08 =  123.0/s Avg:    15 Min:     1 Max:   243 Err: 60046 (100.00%)
2025-12-09 17:45:00,675 INFO o.a.j.t.JMeterThread: Thread started: Phase 2: 60 threads (8-16 min) 2-10
2025-12-09 17:45:01,675 INFO o.a.j.t.JMeterThread: Thread started: Phase 2: 60 threads (8-16 min) 2-11
2025-12-09 17:45:01,678 ERROR o.a.j.v.b.i.HttpMetricsSender: Error writing metrics to influxDB Url: http://localhost:8086/write?db=jmeter, responseCode: 401, responseBody: {"code":"unauthorized","message":"unauthorized access"}
2025-12-09 17:45:02,674 INFO o.a.j.t.JMeterThread: Thread started: Phase 2: 60 threads (8-16 min) 2-12
2025-12-09 17:45:03,675 INFO o.a.j.t.JMeterThread: Thread started: Phase 2: 60 threads (8-16 min) 2-13
2025-12-09 17:45:04,674 INFO o.a.j.t.JMeterThread: Thread started: Phase 2: 60 threads (8-16 min) 2-14
2025-12-09 17:45:05,674 INFO o.a.j.t.JMeterThread: Thread started: Phase 2: 60 threads (8-16 min) 2-15
2025-12-09 17:45:06,674 INFO o.a.j.t.JMeterThread: Thread started: Phase 2: 60 threads (8-16 min) 2-16
2025-12-09 17:45:06,691 ERROR o.a.j.v.b.i.HttpMetricsSender: Error writing metrics to influxDB Url: http://localhost:8086/write?db=jmeter, responseCode: 401, responseBody: {"code":"unauthorized","message":"unauthorized access"}
2025-12-09 17:45:07,674 INFO o.a.j.t.JMeterThread: Thread started: Phase 2: 60 threads (8-16 min) 2-17
2025-12-09 17:45:08,674 INFO o.a.j.t.JMeterThread: Thread started: Phase 2: 60 threads (8-16 min) 2-18
2025-12-09 17:45:09,675 INFO o.a.j.t.JMeterThread: Thread started: Phase 2: 60 threads (8-16 min) 2-19
2025-12-09 17:45:10,674 INFO o.a.j.t.JMeterThread: Thread started: Phase 2: 60 threads (8-16 min) 2-20
2025-12-09 17:45:11,675 INFO o.a.j.t.JMeterThread: Thread started: Phase 2: 60 threads (8-16 min) 2-21
2025-12-09 17:45:11,683 ERROR o.a.j.v.b.i.HttpMetricsSender: Error writing metrics to influxDB Url: http://localhost:8086/write?db=jmeter, responseCode: 401, responseBody: {"code":"unauthorized","message":"unauthorized access"}
2025-12-09 17:45:12,675 INFO o.a.j.t.JMeterThread: Thread started: Phase 2: 60 threads (8-16 min) 2-22
2025-12-09 17:45:13,674 INFO o.a.j.t.JMeterThread: Thread started: Phase 2: 60 threads (8-16 min) 2-23
2025-12-09 17:45:14,675 INFO o.a.j.t.JMeterThread: Thread started: Phase 2: 60 threads (8-16 min) 2-24
2025-12-09 17:45:15,677 INFO o.a.j.t.JMeterThread: Thread started: Phase 2: 60 threads (8-16 min) 2-25
2025-12-09 17:45:16,674 INFO o.a.j.t.JMeterThread: Thread started: Phase 2: 60 threads (8-16 min) 2-26
2025-12-09 17:45:16,708 ERROR o.a.j.v.b.i.HttpMetricsSender: Error writing metrics to influxDB Url: http://localhost:8086/write?db=jmeter, responseCode: 401, responseBody: {"code":"unauthorized","message":"unauthorized access"}
2025-12-09 17:45:17,674 INFO o.a.j.t.JMeterThread: Thread started: Phase 2: 60 threads (8-16 min) 2-27
2025-12-09 17:45:18,675 INFO o.a.j.t.JMeterThread: Thread started: Phase 2: 60 threads (8-16 min) 2-28
2025-12-09 17:45:19,675 INFO o.a.j.t.JMeterThread: Thread started: Phase 2: 60 threads (8-16 min) 2-29
2025-12-09 17:45:20,675 INFO o.a.j.t.JMeterThread: Thread started: Phase 2: 60 threads (8-16 min) 2-30
2025-12-09 17:45:21,676 INFO o.a.j.t.JMeterThread: Thread started: Phase 2: 60 threads (8-16 min) 2-31
2025-12-09 17:45:21,719 ERROR o.a.j.v.b.i.HttpMetricsSender: Error writing metrics to influxDB Url: http://localhost:8086/write?db=jmeter, responseCode: 401, responseBody: {"code":"unauthorized","message":"unauthorized access"}
2025-12-09 17:45:22,675 INFO o.a.j.t.JMeterThread: Thread started: Phase 2: 60 threads (8-16 min) 2-32
2025-12-09 17:45:23,676 INFO o.a.j.t.JMeterThread: Thread started: Phase 2: 60 threads (8-16 min) 2-33
2025-12-09 17:45:24,676 INFO o.a.j.t.JMeterThread: Thread started: Phase 2: 60 threads (8-16 min) 2-34
2025-12-09 17:45:25,674 INFO o.a.j.t.JMeterThread: Thread started: Phase 2: 60 threads (8-16 min) 2-35
2025-12-09 17:45:26,674 INFO o.a.j.t.JMeterThread: Thread started: Phase 2: 60 threads (8-16 min) 2-36
2025-12-09 17:45:26,706 ERROR o.a.j.v.b.i.HttpMetricsSender: Error writing metrics to influxDB Url: http://localhost:8086/write?db=jmeter, responseCode: 401, responseBody: {"code":"unauthorized","message":"unauthorized access"}
2025-12-09 17:45:27,674 INFO o.a.j.t.JMeterThread: Thread started: Phase 2: 60 threads (8-16 min) 2-37
2025-12-09 17:45:28,676 INFO o.a.j.t.JMeterThread: Thread started: Phase 2: 60 threads (8-16 min) 2-38
2025-12-09 17:45:29,675 INFO o.a.j.t.JMeterThread: Thread started: Phase 2: 60 threads (8-16 min) 2-39
2025-12-09 17:45:30,002 INFO o.a.j.r.Summariser: summary +  16224 in 00:00:30 =  540.8/s Avg:    43 Min:     1 Max:   470 Err: 16224 (100.00%) Active: 39 Started: 69 Finished: 30
2025-12-09 17:45:30,003 INFO o.a.j.r.Summariser: summary =  76270 in 00:08:38 =  147.1/s Avg:    21 Min:     1 Max:   470 Err: 76270 (100.00%)
2025-12-09 17:45:30,674 INFO o.a.j.t.JMeterThread: Thread started: Phase 2: 60 threads (8-16 min) 2-40
2025-12-09 17:45:31,675 INFO o.a.j.t.JMeterThread: Thread started: Phase 2: 60 threads (8-16 min) 2-41
2025-12-09 17:45:31,800 ERROR o.a.j.v.b.i.HttpMetricsSender: Error writing metrics to influxDB Url: http://localhost:8086/write?db=jmeter, responseCode: 401, responseBody: {"code":"unauthorized","message":"unauthorized access"}
2025-12-09 17:45:32,677 INFO o.a.j.t.JMeterThread: Thread started: Phase 2: 60 threads (8-16 min) 2-42
2025-12-09 17:45:33,676 INFO o.a.j.t.JMeterThread: Thread started: Phase 2: 60 threads (8-16 min) 2-43
2025-12-09 17:45:34,676 INFO o.a.j.t.JMeterThread: Thread started: Phase 2: 60 threads (8-16 min) 2-44
2025-12-09 17:45:35,675 INFO o.a.j.t.JMeterThread: Thread started: Phase 2: 60 threads (8-16 min) 2-45
2025-12-09 17:45:36,677 INFO o.a.j.t.JMeterThread: Thread started: Phase 2: 60 threads (8-16 min) 2-46
2025-12-09 17:45:36,738 ERROR o.a.j.v.b.i.HttpMetricsSender: Error writing metrics to influxDB Url: http://localhost:8086/write?db=jmeter, responseCode: 401, responseBody: {"code":"unauthorized","message":"unauthorized access"}
2025-12-09 17:45:37,675 INFO o.a.j.t.JMeterThread: Thread started: Phase 2: 60 threads (8-16 min) 2-47
2025-12-09 17:45:38,676 INFO o.a.j.t.JMeterThread: Thread started: Phase 2: 60 threads (8-16 min) 2-48
2025-12-09 17:45:39,675 INFO o.a.j.t.JMeterThread: Thread started: Phase 2: 60 threads (8-16 min) 2-49
2025-12-09 17:45:40,674 INFO o.a.j.t.JMeterThread: Thread started: Phase 2: 60 threads (8-16 min) 2-50
2025-12-09 17:45:41,674 INFO o.a.j.t.JMeterThread: Thread started: Phase 2: 60 threads (8-16 min) 2-51
2025-12-09 17:45:41,681 ERROR o.a.j.v.b.i.HttpMetricsSender: Error writing metrics to influxDB Url: http://localhost:8086/write?db=jmeter, responseCode: 401, responseBody: {"code":"unauthorized","message":"unauthorized access"}
2025-12-09 17:45:42,675 INFO o.a.j.t.JMeterThread: Thread started: Phase 2: 60 threads (8-16 min) 2-52
2025-12-09 17:45:43,675 INFO o.a.j.t.JMeterThread: Thread started: Phase 2: 60 threads (8-16 min) 2-53
2025-12-09 17:45:44,675 INFO o.a.j.t.JMeterThread: Thread started: Phase 2: 60 threads (8-16 min) 2-54
2025-12-09 17:45:45,679 INFO o.a.j.t.JMeterThread: Thread started: Phase 2: 60 threads (8-16 min) 2-55
2025-12-09 17:45:46,680 INFO o.a.j.t.JMeterThread: Thread started: Phase 2: 60 threads (8-16 min) 2-56
2025-12-09 17:45:46,736 ERROR o.a.j.v.b.i.HttpMetricsSender: Error writing metrics to influxDB Url: http://localhost:8086/write?db=jmeter, responseCode: 401, responseBody: {"code":"unauthorized","message":"unauthorized access"}
2025-12-09 17:45:47,675 INFO o.a.j.t.JMeterThread: Thread started: Phase 2: 60 threads (8-16 min) 2-57
2025-12-09 17:45:48,675 INFO o.a.j.t.JMeterThread: Thread started: Phase 2: 60 threads (8-16 min) 2-58
2025-12-09 17:45:49,680 INFO o.a.j.t.JMeterThread: Thread started: Phase 2: 60 threads (8-16 min) 2-59
2025-12-09 17:45:50,675 INFO o.a.j.t.JMeterThread: Thread started: Phase 2: 60 threads (8-16 min) 2-60
2025-12-09 17:45:51,675 INFO o.a.j.t.JMeterThread: Stopping because end time detected by thread: Phase 2: 60 threads (8-16 min) 2-4
2025-12-09 17:45:51,675 INFO o.a.j.t.JMeterThread: Thread finished: Phase 2: 60 threads (8-16 min) 2-4
2025-12-09 17:45:51,678 INFO o.a.j.t.JMeterThread: Stopping because end time detected by thread: Phase 2: 60 threads (8-16 min) 2-7
2025-12-09 17:45:51,678 INFO o.a.j.t.JMeterThread: Thread finished: Phase 2: 60 threads (8-16 min) 2-7
2025-12-09 17:45:51,680 INFO o.a.j.t.JMeterThread: Stopping because end time detected by thread: Phase 2: 60 threads (8-16 min) 2-12
2025-12-09 17:45:51,680 INFO o.a.j.t.JMeterThread: Stopping because end time detected by thread: Phase 2: 60 threads (8-16 min) 2-16
2025-12-09 17:45:51,680 INFO o.a.j.t.JMeterThread: Thread finished: Phase 2: 60 threads (8-16 min) 2-12
2025-12-09 17:45:51,680 INFO o.a.j.t.JMeterThread: Thread finished: Phase 2: 60 threads (8-16 min) 2-16
2025-12-09 17:45:51,681 INFO o.a.j.t.JMeterThread: Stopping because end time detected by thread: Phase 2: 60 threads (8-16 min) 2-20
2025-12-09 17:45:51,681 INFO o.a.j.t.JMeterThread: Thread finished: Phase 2: 60 threads (8-16 min) 2-20
2025-12-09 17:45:51,684 INFO o.a.j.t.JMeterThread: Stopping because end time detected by thread: Phase 2: 60 threads (8-16 min) 2-13
2025-12-09 17:45:51,684 INFO o.a.j.t.JMeterThread: Thread finished: Phase 2: 60 threads (8-16 min) 2-13
2025-12-09 17:45:51,687 INFO o.a.j.t.JMeterThread: Stopping because end time detected by thread: Phase 2: 60 threads (8-16 min) 2-15
2025-12-09 17:45:51,687 INFO o.a.j.t.JMeterThread: Stopping because end time detected by thread: Phase 2: 60 threads (8-16 min) 2-30
2025-12-09 17:45:51,687 INFO o.a.j.t.JMeterThread: Thread finished: Phase 2: 60 threads (8-16 min) 2-15
2025-12-09 17:45:51,687 INFO o.a.j.t.JMeterThread: Thread finished: Phase 2: 60 threads (8-16 min) 2-30
2025-12-09 17:45:51,687 ERROR o.a.j.v.b.i.HttpMetricsSender: Error writing metrics to influxDB Url: http://localhost:8086/write?db=jmeter, responseCode: 401, responseBody: {"code":"unauthorized","message":"unauthorized access"}
2025-12-09 17:45:51,689 INFO o.a.j.t.JMeterThread: Stopping because end time detected by thread: Phase 2: 60 threads (8-16 min) 2-36
2025-12-09 17:45:51,689 INFO o.a.j.t.JMeterThread: Thread finished: Phase 2: 60 threads (8-16 min) 2-36
2025-12-09 17:45:51,691 INFO o.a.j.t.JMeterThread: Stopping because end time detected by thread: Phase 2: 60 threads (8-16 min) 2-6
2025-12-09 17:45:51,691 INFO o.a.j.t.JMeterThread: Stopping because end time detected by thread: Phase 2: 60 threads (8-16 min) 2-40
2025-12-09 17:45:51,691 INFO o.a.j.t.JMeterThread: Thread finished: Phase 2: 60 threads (8-16 min) 2-6
2025-12-09 17:45:51,691 INFO o.a.j.t.JMeterThread: Thread finished: Phase 2: 60 threads (8-16 min) 2-40
2025-12-09 17:45:51,694 INFO o.a.j.t.JMeterThread: Stopping because end time detected by thread: Phase 2: 60 threads (8-16 min) 2-52
2025-12-09 17:45:51,694 INFO o.a.j.t.JMeterThread: Stopping because end time detected by thread: Phase 2: 60 threads (8-16 min) 2-41
2025-12-09 17:45:51,694 INFO o.a.j.t.JMeterThread: Stopping because end time detected by thread: Phase 2: 60 threads (8-16 min) 2-24
2025-12-09 17:45:51,694 INFO o.a.j.t.JMeterThread: Thread finished: Phase 2: 60 threads (8-16 min) 2-41
2025-12-09 17:45:51,694 INFO o.a.j.t.JMeterThread: Stopping because end time detected by thread: Phase 2: 60 threads (8-16 min) 2-29
2025-12-09 17:45:51,694 INFO o.a.j.t.JMeterThread: Stopping because end time detected by thread: Phase 2: 60 threads (8-16 min) 2-50
2025-12-09 17:45:51,694 INFO o.a.j.t.JMeterThread: Thread finished: Phase 2: 60 threads (8-16 min) 2-29
2025-12-09 17:45:51,694 INFO o.a.j.t.JMeterThread: Thread finished: Phase 2: 60 threads (8-16 min) 2-50
2025-12-09 17:45:51,694 INFO o.a.j.t.JMeterThread: Stopping because end time detected by thread: Phase 2: 60 threads (8-16 min) 2-47
2025-12-09 17:45:51,694 INFO o.a.j.t.JMeterThread: Thread finished: Phase 2: 60 threads (8-16 min) 2-52
2025-12-09 17:45:51,695 INFO o.a.j.t.JMeterThread: Thread finished: Phase 2: 60 threads (8-16 min) 2-24
2025-12-09 17:45:51,695 INFO o.a.j.t.JMeterThread: Thread finished: Phase 2: 60 threads (8-16 min) 2-47
2025-12-09 17:45:51,697 INFO o.a.j.t.JMeterThread: Stopping because end time detected by thread: Phase 2: 60 threads (8-16 min) 2-38
2025-12-09 17:45:51,697 INFO o.a.j.t.JMeterThread: Stopping because end time detected by thread: Phase 2: 60 threads (8-16 min) 2-43
2025-12-09 17:45:51,697 INFO o.a.j.t.JMeterThread: Stopping because end time detected by thread: Phase 2: 60 threads (8-16 min) 2-27
2025-12-09 17:45:51,697 INFO o.a.j.t.JMeterThread: Stopping because end time detected by thread: Phase 2: 60 threads (8-16 min) 2-56
2025-12-09 17:45:51,697 INFO o.a.j.t.JMeterThread: Stopping because end time detected by thread: Phase 2: 60 threads (8-16 min) 2-54
2025-12-09 17:45:51,697 INFO o.a.j.t.JMeterThread: Thread finished: Phase 2: 60 threads (8-16 min) 2-38
2025-12-09 17:45:51,697 INFO o.a.j.t.JMeterThread: Thread finished: Phase 2: 60 threads (8-16 min) 2-27
2025-12-09 17:45:51,697 INFO o.a.j.t.JMeterThread: Stopping because end time detected by thread: Phase 2: 60 threads (8-16 min) 2-59
2025-12-09 17:45:51,697 INFO o.a.j.t.JMeterThread: Stopping because end time detected by thread: Phase 2: 60 threads (8-16 min) 2-60
2025-12-09 17:45:51,697 INFO o.a.j.t.JMeterThread: Thread finished: Phase 2: 60 threads (8-16 min) 2-59
2025-12-09 17:45:51,697 INFO o.a.j.t.JMeterThread: Thread finished: Phase 2: 60 threads (8-16 min) 2-60
2025-12-09 17:45:51,697 INFO o.a.j.t.JMeterThread: Thread finished: Phase 2: 60 threads (8-16 min) 2-56
2025-12-09 17:45:51,697 INFO o.a.j.t.JMeterThread: Thread finished: Phase 2: 60 threads (8-16 min) 2-54
2025-12-09 17:45:51,697 INFO o.a.j.t.JMeterThread: Thread finished: Phase 2: 60 threads (8-16 min) 2-43
2025-12-09 17:45:51,697 INFO o.a.j.t.JMeterThread: Stopping because end time detected by thread: Phase 2: 60 threads (8-16 min) 2-37
2025-12-09 17:45:51,697 INFO o.a.j.t.JMeterThread: Thread finished: Phase 2: 60 threads (8-16 min) 2-37
2025-12-09 17:45:51,698 INFO o.a.j.t.JMeterThread: Stopping because end time detected by thread: Phase 2: 60 threads (8-16 min) 2-35
2025-12-09 17:45:51,698 INFO o.a.j.t.JMeterThread: Stopping because end time detected by thread: Phase 2: 60 threads (8-16 min) 2-8
2025-12-09 17:45:51,698 INFO o.a.j.t.JMeterThread: Thread finished: Phase 2: 60 threads (8-16 min) 2-35
2025-12-09 17:45:51,698 INFO o.a.j.t.JMeterThread: Thread finished: Phase 2: 60 threads (8-16 min) 2-8
2025-12-09 17:45:51,698 INFO o.a.j.t.JMeterThread: Stopping because end time detected by thread: Phase 2: 60 threads (8-16 min) 2-2
2025-12-09 17:45:51,698 INFO o.a.j.t.JMeterThread: Thread finished: Phase 2: 60 threads (8-16 min) 2-2
2025-12-09 17:45:51,698 INFO o.a.j.t.JMeterThread: Stopping because end time detected by thread: Phase 2: 60 threads (8-16 min) 2-32
2025-12-09 17:45:51,698 INFO o.a.j.t.JMeterThread: Thread finished: Phase 2: 60 threads (8-16 min) 2-32
2025-12-09 17:45:51,699 INFO o.a.j.t.JMeterThread: Stopping because end time detected by thread: Phase 2: 60 threads (8-16 min) 2-14
2025-12-09 17:45:51,699 INFO o.a.j.t.JMeterThread: Stopping because end time detected by thread: Phase 2: 60 threads (8-16 min) 2-5
2025-12-09 17:45:51,699 INFO o.a.j.t.JMeterThread: Thread finished: Phase 2: 60 threads (8-16 min) 2-5
2025-12-09 17:45:51,699 INFO o.a.j.t.JMeterThread: Thread finished: Phase 2: 60 threads (8-16 min) 2-14
2025-12-09 17:45:51,699 INFO o.a.j.t.JMeterThread: Stopping because end time detected by thread: Phase 2: 60 threads (8-16 min) 2-3
2025-12-09 17:45:51,699 INFO o.a.j.t.JMeterThread: Thread finished: Phase 2: 60 threads (8-16 min) 2-3
2025-12-09 17:45:51,699 INFO o.a.j.t.JMeterThread: Stopping because end time detected by thread: Phase 2: 60 threads (8-16 min) 2-11
2025-12-09 17:45:51,699 INFO o.a.j.t.JMeterThread: Stopping because end time detected by thread: Phase 2: 60 threads (8-16 min) 2-1
2025-12-09 17:45:51,699 INFO o.a.j.t.JMeterThread: Thread finished: Phase 2: 60 threads (8-16 min) 2-1
2025-12-09 17:45:51,700 INFO o.a.j.t.JMeterThread: Thread finished: Phase 2: 60 threads (8-16 min) 2-11
2025-12-09 17:45:51,700 INFO o.a.j.t.JMeterThread: Stopping because end time detected by thread: Phase 2: 60 threads (8-16 min) 2-55
2025-12-09 17:45:51,700 INFO o.a.j.t.JMeterThread: Thread finished: Phase 2: 60 threads (8-16 min) 2-55
2025-12-09 17:45:51,700 INFO o.a.j.t.JMeterThread: Stopping because end time detected by thread: Phase 2: 60 threads (8-16 min) 2-23
2025-12-09 17:45:51,700 INFO o.a.j.t.JMeterThread: Thread finished: Phase 2: 60 threads (8-16 min) 2-23
2025-12-09 17:45:51,700 INFO o.a.j.t.JMeterThread: Stopping because end time detected by thread: Phase 2: 60 threads (8-16 min) 2-9
2025-12-09 17:45:51,700 INFO o.a.j.t.JMeterThread: Thread finished: Phase 2: 60 threads (8-16 min) 2-9
2025-12-09 17:45:51,700 INFO o.a.j.t.JMeterThread: Stopping because end time detected by thread: Phase 2: 60 threads (8-16 min) 2-19
2025-12-09 17:45:51,701 INFO o.a.j.t.JMeterThread: Thread finished: Phase 2: 60 threads (8-16 min) 2-19
2025-12-09 17:45:51,701 INFO o.a.j.t.JMeterThread: Stopping because end time detected by thread: Phase 2: 60 threads (8-16 min) 2-58
2025-12-09 17:45:51,701 INFO o.a.j.t.JMeterThread: Thread finished: Phase 2: 60 threads (8-16 min) 2-58
2025-12-09 17:45:51,701 INFO o.a.j.t.JMeterThread: Stopping because end time detected by thread: Phase 2: 60 threads (8-16 min) 2-22
2025-12-09 17:45:51,701 INFO o.a.j.t.JMeterThread: Stopping because end time detected by thread: Phase 2: 60 threads (8-16 min) 2-17
2025-12-09 17:45:51,701 INFO o.a.j.t.JMeterThread: Thread finished: Phase 2: 60 threads (8-16 min) 2-22
2025-12-09 17:45:51,701 INFO o.a.j.t.JMeterThread: Thread finished: Phase 2: 60 threads (8-16 min) 2-17
2025-12-09 17:45:51,701 INFO o.a.j.t.JMeterThread: Stopping because end time detected by thread: Phase 2: 60 threads (8-16 min) 2-34
2025-12-09 17:45:51,701 INFO o.a.j.t.JMeterThread: Thread finished: Phase 2: 60 threads (8-16 min) 2-34
2025-12-09 17:45:51,702 INFO o.a.j.t.JMeterThread: Stopping because end time detected by thread: Phase 2: 60 threads (8-16 min) 2-21
2025-12-09 17:45:51,702 INFO o.a.j.t.JMeterThread: Stopping because end time detected by thread: Phase 2: 60 threads (8-16 min) 2-25
2025-12-09 17:45:51,702 INFO o.a.j.t.JMeterThread: Thread finished: Phase 2: 60 threads (8-16 min) 2-21
2025-12-09 17:45:51,702 INFO o.a.j.t.JMeterThread: Thread finished: Phase 2: 60 threads (8-16 min) 2-25
2025-12-09 17:45:51,702 INFO o.a.j.t.JMeterThread: Stopping because end time detected by thread: Phase 2: 60 threads (8-16 min) 2-26
2025-12-09 17:45:51,702 INFO o.a.j.t.JMeterThread: Stopping because end time detected by thread: Phase 2: 60 threads (8-16 min) 2-57
2025-12-09 17:45:51,702 INFO o.a.j.t.JMeterThread: Thread finished: Phase 2: 60 threads (8-16 min) 2-57
2025-12-09 17:45:51,702 INFO o.a.j.t.JMeterThread: Thread finished: Phase 2: 60 threads (8-16 min) 2-26
2025-12-09 17:45:51,703 INFO o.a.j.t.JMeterThread: Stopping because end time detected by thread: Phase 2: 60 threads (8-16 min) 2-10
2025-12-09 17:45:51,703 INFO o.a.j.t.JMeterThread: Thread finished: Phase 2: 60 threads (8-16 min) 2-10
2025-12-09 17:45:51,703 INFO o.a.j.t.JMeterThread: Stopping because end time detected by thread: Phase 2: 60 threads (8-16 min) 2-33
2025-12-09 17:45:51,703 INFO o.a.j.t.JMeterThread: Thread finished: Phase 2: 60 threads (8-16 min) 2-33
2025-12-09 17:45:51,703 INFO o.a.j.t.JMeterThread: Stopping because end time detected by thread: Phase 2: 60 threads (8-16 min) 2-28
2025-12-09 17:45:51,703 INFO o.a.j.t.JMeterThread: Thread finished: Phase 2: 60 threads (8-16 min) 2-28
2025-12-09 17:45:51,703 INFO o.a.j.t.JMeterThread: Stopping because end time detected by thread: Phase 2: 60 threads (8-16 min) 2-48
2025-12-09 17:45:51,703 INFO o.a.j.t.JMeterThread: Stopping because end time detected by thread: Phase 2: 60 threads (8-16 min) 2-49
2025-12-09 17:45:51,703 INFO o.a.j.t.JMeterThread: Thread finished: Phase 2: 60 threads (8-16 min) 2-48
2025-12-09 17:45:51,703 INFO o.a.j.t.JMeterThread: Thread finished: Phase 2: 60 threads (8-16 min) 2-49
2025-12-09 17:45:51,703 INFO o.a.j.t.JMeterThread: Stopping because end time detected by thread: Phase 2: 60 threads (8-16 min) 2-39
2025-12-09 17:45:51,704 INFO o.a.j.t.JMeterThread: Stopping because end time detected by thread: Phase 2: 60 threads (8-16 min) 2-51
2025-12-09 17:45:51,704 INFO o.a.j.t.JMeterThread: Thread finished: Phase 2: 60 threads (8-16 min) 2-51
2025-12-09 17:45:51,704 INFO o.a.j.t.JMeterThread: Thread finished: Phase 2: 60 threads (8-16 min) 2-39
2025-12-09 17:45:51,704 INFO o.a.j.t.JMeterThread: Stopping because end time detected by thread: Phase 2: 60 threads (8-16 min) 2-31
2025-12-09 17:45:51,704 INFO o.a.j.t.JMeterThread: Thread finished: Phase 2: 60 threads (8-16 min) 2-31
2025-12-09 17:45:51,704 INFO o.a.j.t.JMeterThread: Stopping because end time detected by thread: Phase 2: 60 threads (8-16 min) 2-53
2025-12-09 17:45:51,704 INFO o.a.j.t.JMeterThread: Thread finished: Phase 2: 60 threads (8-16 min) 2-53
2025-12-09 17:45:51,704 INFO o.a.j.t.JMeterThread: Stopping because end time detected by thread: Phase 2: 60 threads (8-16 min) 2-42
2025-12-09 17:45:51,704 INFO o.a.j.t.JMeterThread: Thread finished: Phase 2: 60 threads (8-16 min) 2-42
2025-12-09 17:45:51,705 INFO o.a.j.t.JMeterThread: Stopping because end time detected by thread: Phase 2: 60 threads (8-16 min) 2-44
2025-12-09 17:45:51,705 INFO o.a.j.t.JMeterThread: Stopping because end time detected by thread: Phase 2: 60 threads (8-16 min) 2-18
2025-12-09 17:45:51,705 INFO o.a.j.t.JMeterThread: Stopping because end time detected by thread: Phase 2: 60 threads (8-16 min) 2-46
2025-12-09 17:45:51,705 INFO o.a.j.t.JMeterThread: Stopping because end time detected by thread: Phase 2: 60 threads (8-16 min) 2-45
2025-12-09 17:45:51,705 INFO o.a.j.t.JMeterThread: Thread finished: Phase 2: 60 threads (8-16 min) 2-46
2025-12-09 17:45:51,705 INFO o.a.j.t.JMeterThread: Thread finished: Phase 2: 60 threads (8-16 min) 2-18
2025-12-09 17:45:51,705 INFO o.a.j.t.JMeterThread: Thread finished: Phase 2: 60 threads (8-16 min) 2-44
2025-12-09 17:45:51,705 INFO o.a.j.t.JMeterThread: Thread finished: Phase 2: 60 threads (8-16 min) 2-45
2025-12-09 17:45:51,705 INFO o.a.j.e.StandardJMeterEngine: Notifying test listeners of end of test
2025-12-09 17:45:51,705 INFO o.a.j.s.FileServer: Close: ../data/item-ids.csv
2025-12-09 17:45:51,705 INFO o.a.j.s.FileServer: Close: ../data/item-payload-heavy.csv
2025-12-09 17:45:51,706 INFO o.a.j.v.b.BackendListener: Worker ended
2025-12-09 17:45:51,706 INFO o.a.j.v.b.i.InfluxdbBackendListenerClient: Sending last metrics to InfluxDB
2025-12-09 17:45:51,759 INFO o.a.j.v.b.i.HttpMetricsSender: Destroying 
2025-12-09 17:45:51,766 ERROR o.a.j.v.b.i.HttpMetricsSender: Error writing metrics to influxDB Url: http://localhost:8086/write?db=jmeter, responseCode: 401, responseBody: {"code":"unauthorized","message":"unauthorized access"}
2025-12-09 17:45:51,769 INFO o.a.j.r.Summariser: summary +   5058 in 00:00:22 =  232.4/s Avg:   214 Min:     1 Max:  1596 Err:  5058 (100.00%) Active: 0 Started: 90 Finished: 90
2025-12-09 17:45:51,769 INFO o.a.j.r.Summariser: summary =  81328 in 00:09:00 =  150.6/s Avg:    33 Min:     1 Max:  1596 Err: 81328 (100.00%)
