2025-12-09 17:34:48,723 INFO o.a.j.u.JMeterUtils: Setting Locale to en_EN
2025-12-09 17:34:48,740 INFO o.a.j.JMeter: Loading user properties from: C:\apache-jmeter\bin\user.properties
2025-12-09 17:34:48,740 INFO o.a.j.JMeter: Loading system properties from: C:\apache-jmeter\bin\system.properties
2025-12-09 17:34:48,741 INFO o.a.j.JMeter: Setting JMeter property: BASE_URL=http://localhost:8083
2025-12-09 17:34:48,741 INFO o.a.j.JMeter: Setting JMeter property: duration=300
2025-12-09 17:34:48,751 INFO o.a.j.JMeter: Copyright (c) 1998-2024 The Apache Software Foundation
2025-12-09 17:34:48,751 INFO o.a.j.JMeter: Version 5.6.3
2025-12-09 17:34:48,751 INFO o.a.j.JMeter: java.version=25.0.1
2025-12-09 17:34:48,751 INFO o.a.j.JMeter: java.vm.name=Java HotSpot(TM) 64-Bit Server VM
2025-12-09 17:34:48,751 INFO o.a.j.JMeter: os.name=Windows 10
2025-12-09 17:34:48,752 INFO o.a.j.JMeter: os.arch=amd64
2025-12-09 17:34:48,752 INFO o.a.j.JMeter: os.version=10.0
2025-12-09 17:34:48,752 INFO o.a.j.JMeter: file.encoding=UTF-8
2025-12-09 17:34:48,752 INFO o.a.j.JMeter: java.awt.headless=true
2025-12-09 17:34:48,752 INFO o.a.j.JMeter: Max memory     =1073741824
2025-12-09 17:34:48,752 INFO o.a.j.JMeter: Available Processors =16
2025-12-09 17:34:48,769 INFO o.a.j.JMeter: Default Locale=English (EN)
2025-12-09 17:34:48,769 INFO o.a.j.JMeter: JMeter  Locale=English (EN)
2025-12-09 17:34:48,770 INFO o.a.j.JMeter: JMeterHome=C:\apache-jmeter
2025-12-09 17:34:48,770 INFO o.a.j.JMeter: user.dir  =C:\Users\Imad ADAOUMOUM\Downloads\recordinglabs\benchmark-rest-services
2025-12-09 17:34:48,770 INFO o.a.j.JMeter: PWD       =C:\Users\Imad ADAOUMOUM\Downloads\recordinglabs\benchmark-rest-services
2025-12-09 17:34:48,773 INFO o.a.j.JMeter: IP: 10.5.0.2 Name: DESKTOP-T08ES81 FullName: 10.5.0.2
2025-12-09 17:34:48,788 INFO o.a.j.s.FileServer: Default base='C:\Users\Imad ADAOUMOUM\Downloads\recordinglabs\benchmark-rest-services'
2025-12-09 17:34:48,789 INFO o.a.j.s.FileServer: Set new base='C:\Users\Imad ADAOUMOUM\Downloads\recordinglabs\benchmark-rest-services\jmeter\test-plans'
2025-12-09 17:34:49,004 INFO o.a.j.s.SaveService: Testplan (JMX) version: 2.2. Testlog (JTL) version: 2.2
2025-12-09 17:34:49,023 INFO o.a.j.s.SaveService: Using SaveService properties version 5.0
2025-12-09 17:34:49,026 INFO o.a.j.s.SaveService: Using SaveService properties file encoding UTF-8
2025-12-09 17:34:49,028 INFO o.a.j.s.SaveService: Loading file: jmeter\test-plans\3-mixed-operations.jmx
2025-12-09 17:34:49,080 INFO o.a.j.p.h.s.HTTPSamplerBase: Parser for text/html is org.apache.jmeter.protocol.http.parser.LagartoBasedHtmlParser
2025-12-09 17:34:49,080 INFO o.a.j.p.h.s.HTTPSamplerBase: Parser for application/xhtml+xml is org.apache.jmeter.protocol.http.parser.LagartoBasedHtmlParser
2025-12-09 17:34:49,080 INFO o.a.j.p.h.s.HTTPSamplerBase: Parser for application/xml is org.apache.jmeter.protocol.http.parser.LagartoBasedHtmlParser
2025-12-09 17:34:49,080 INFO o.a.j.p.h.s.HTTPSamplerBase: Parser for text/xml is org.apache.jmeter.protocol.http.parser.LagartoBasedHtmlParser
2025-12-09 17:34:49,080 INFO o.a.j.p.h.s.HTTPSamplerBase: Parser for text/vnd.wap.wml is org.apache.jmeter.protocol.http.parser.RegexpHTMLParser
2025-12-09 17:34:49,080 INFO o.a.j.p.h.s.HTTPSamplerBase: Parser for text/css is org.apache.jmeter.protocol.http.parser.CssParser
2025-12-09 17:34:49,109 INFO o.a.j.s.SampleResult: Note: Sample TimeStamps are START times
2025-12-09 17:34:49,109 INFO o.a.j.s.SampleResult: sampleresult.default.encoding is set to UTF-8
2025-12-09 17:34:49,109 INFO o.a.j.s.SampleResult: sampleresult.useNanoTime=true
2025-12-09 17:34:49,109 INFO o.a.j.s.SampleResult: sampleresult.nanoThreadSleep=5000
2025-12-09 17:34:49,118 INFO o.a.j.JMeter: Creating summariser <summary>
2025-12-09 17:34:49,127 INFO o.a.j.e.StandardJMeterEngine: Running the test!
2025-12-09 17:34:49,128 INFO o.a.j.s.SampleEvent: List of sample_variables: []
2025-12-09 17:34:49,128 INFO o.a.j.s.SampleEvent: List of sample_variables: []
2025-12-09 17:34:49,135 INFO o.a.j.e.u.CompoundVariable: Note: Function class names must contain the string: '.functions.'
2025-12-09 17:34:49,135 INFO o.a.j.e.u.CompoundVariable: Note: Function class names must not contain the string: '.gui.'
2025-12-09 17:34:49,225 INFO o.a.j.v.b.BackendListener: InfluxDB Backend Listener: Starting worker with class: class org.apache.jmeter.visualizers.backend.influxdb.InfluxdbBackendListenerClient and queue capacity: 5000
2025-12-09 17:34:49,226 INFO o.a.j.v.b.BackendListener: InfluxDB Backend Listener: Started  worker with class: class org.apache.jmeter.visualizers.backend.influxdb.InfluxdbBackendListenerClient
2025-12-09 17:34:49,460 INFO o.a.j.JMeter: Running test (1765298089460)
2025-12-09 17:34:49,482 INFO o.a.j.e.StandardJMeterEngine: Starting ThreadGroup: 1 : Threads: 50 -> 100
2025-12-09 17:34:49,483 INFO o.a.j.e.StandardJMeterEngine: Starting 100 threads for group Threads: 50 -> 100.
2025-12-09 17:34:49,483 INFO o.a.j.e.StandardJMeterEngine: Thread will continue on error
2025-12-09 17:34:49,483 INFO o.a.j.t.ThreadGroup: Starting thread group... number=1 threads=100 ramp-up=120 delayedStart=false
2025-12-09 17:34:49,544 INFO o.a.j.t.ThreadGroup: Started thread group number 1
2025-12-09 17:34:49,544 INFO o.a.j.e.StandardJMeterEngine: All thread groups have been started
2025-12-09 17:34:49,603 INFO o.a.j.t.JMeterThread: Thread started: Threads: 50 -> 100 1-1
2025-12-09 17:34:49,604 ERROR o.a.j.v.b.i.HttpMetricsSender: Error writing metrics to influxDB Url: http://localhost:8086/write?db=jmeter, responseCode: 401, responseBody: {"code":"unauthorized","message":"unauthorized access"}
2025-12-09 17:34:49,605 INFO o.a.j.s.FileServer: Stored: ../data/item-ids.csv
2025-12-09 17:34:49,623 INFO o.a.j.s.FileServer: Stored: ../data/category-ids.csv
2025-12-09 17:34:49,638 INFO o.a.j.p.h.s.HTTPHCAbstractImpl: Local host = DESKTOP-T08ES81
2025-12-09 17:34:49,648 INFO o.a.j.p.h.s.HTTPHC4Impl: HTTP request retry count = 0
2025-12-09 17:34:50,786 INFO o.a.j.t.JMeterThread: Thread started: Threads: 50 -> 100 1-2
2025-12-09 17:34:51,997 INFO o.a.j.t.JMeterThread: Thread started: Threads: 50 -> 100 1-3
2025-12-09 17:34:53,195 INFO o.a.j.t.JMeterThread: Thread started: Threads: 50 -> 100 1-4
2025-12-09 17:34:54,391 INFO o.a.j.t.JMeterThread: Thread started: Threads: 50 -> 100 1-5
2025-12-09 17:34:54,474 ERROR o.a.j.v.b.i.HttpMetricsSender: Error writing metrics to influxDB Url: http://localhost:8086/write?db=jmeter, responseCode: 401, responseBody: {"code":"unauthorized","message":"unauthorized access"}
2025-12-09 17:34:55,587 INFO o.a.j.t.JMeterThread: Thread started: Threads: 50 -> 100 1-6
2025-12-09 17:34:56,776 INFO o.a.j.t.JMeterThread: Thread started: Threads: 50 -> 100 1-7
2025-12-09 17:34:57,988 INFO o.a.j.t.JMeterThread: Thread started: Threads: 50 -> 100 1-8
2025-12-09 17:34:59,184 INFO o.a.j.t.JMeterThread: Thread started: Threads: 50 -> 100 1-9
2025-12-09 17:34:59,460 ERROR o.a.j.v.b.i.HttpMetricsSender: Error writing metrics to influxDB Url: http://localhost:8086/write?db=jmeter, responseCode: 401, responseBody: {"code":"unauthorized","message":"unauthorized access"}
2025-12-09 17:35:00,004 INFO o.a.j.r.Summariser: summary +   2211 in 00:00:11 =  209.7/s Avg:    21 Min:     4 Max:   200 Err:  1228 (55.54%) Active: 9 Started: 9 Finished: 0
2025-12-09 17:35:00,382 INFO o.a.j.t.JMeterThread: Thread started: Threads: 50 -> 100 1-10
2025-12-09 17:35:01,583 INFO o.a.j.t.JMeterThread: Thread started: Threads: 50 -> 100 1-11
2025-12-09 17:35:02,778 INFO o.a.j.t.JMeterThread: Thread started: Threads: 50 -> 100 1-12
2025-12-09 17:35:03,986 INFO o.a.j.t.JMeterThread: Thread started: Threads: 50 -> 100 1-13
2025-12-09 17:35:04,477 ERROR o.a.j.v.b.i.HttpMetricsSender: Error writing metrics to influxDB Url: http://localhost:8086/write?db=jmeter, responseCode: 401, responseBody: {"code":"unauthorized","message":"unauthorized access"}
2025-12-09 17:35:05,169 INFO o.a.j.t.JMeterThread: Thread started: Threads: 50 -> 100 1-14
2025-12-09 17:35:06,376 INFO o.a.j.t.JMeterThread: Thread started: Threads: 50 -> 100 1-15
2025-12-09 17:35:07,585 INFO o.a.j.t.JMeterThread: Thread started: Threads: 50 -> 100 1-16
2025-12-09 17:35:08,762 INFO o.a.j.t.JMeterThread: Thread started: Threads: 50 -> 100 1-17
2025-12-09 17:35:09,526 ERROR o.a.j.v.b.i.HttpMetricsSender: Error writing metrics to influxDB Url: http://localhost:8086/write?db=jmeter, responseCode: 401, responseBody: {"code":"unauthorized","message":"unauthorized access"}
2025-12-09 17:35:09,982 INFO o.a.j.t.JMeterThread: Thread started: Threads: 50 -> 100 1-18
2025-12-09 17:35:11,174 INFO o.a.j.t.JMeterThread: Thread started: Threads: 50 -> 100 1-19
2025-12-09 17:35:12,380 INFO o.a.j.t.JMeterThread: Thread started: Threads: 50 -> 100 1-20
2025-12-09 17:35:13,576 INFO o.a.j.t.JMeterThread: Thread started: Threads: 50 -> 100 1-21
2025-12-09 17:35:14,465 ERROR o.a.j.v.b.i.HttpMetricsSender: Error writing metrics to influxDB Url: http://localhost:8086/write?db=jmeter, responseCode: 401, responseBody: {"code":"unauthorized","message":"unauthorized access"}
2025-12-09 17:35:14,778 INFO o.a.j.t.JMeterThread: Thread started: Threads: 50 -> 100 1-22
2025-12-09 17:35:15,965 INFO o.a.j.t.JMeterThread: Thread started: Threads: 50 -> 100 1-23
2025-12-09 17:35:17,170 INFO o.a.j.t.JMeterThread: Thread started: Threads: 50 -> 100 1-24
2025-12-09 17:35:18,369 INFO o.a.j.t.JMeterThread: Thread started: Threads: 50 -> 100 1-25
2025-12-09 17:35:19,467 ERROR o.a.j.v.b.i.HttpMetricsSender: Error writing metrics to influxDB Url: http://localhost:8086/write?db=jmeter, responseCode: 401, responseBody: {"code":"unauthorized","message":"unauthorized access"}
2025-12-09 17:35:19,571 INFO o.a.j.t.JMeterThread: Thread started: Threads: 50 -> 100 1-26
2025-12-09 17:35:20,772 INFO o.a.j.t.JMeterThread: Thread started: Threads: 50 -> 100 1-27
2025-12-09 17:35:21,971 INFO o.a.j.t.JMeterThread: Thread started: Threads: 50 -> 100 1-28
2025-12-09 17:35:23,161 INFO o.a.j.t.JMeterThread: Thread started: Threads: 50 -> 100 1-29
2025-12-09 17:35:24,375 INFO o.a.j.t.JMeterThread: Thread started: Threads: 50 -> 100 1-30
2025-12-09 17:35:24,468 ERROR o.a.j.v.b.i.HttpMetricsSender: Error writing metrics to influxDB Url: http://localhost:8086/write?db=jmeter, responseCode: 401, responseBody: {"code":"unauthorized","message":"unauthorized access"}
2025-12-09 17:35:25,564 INFO o.a.j.t.JMeterThread: Thread started: Threads: 50 -> 100 1-31
2025-12-09 17:35:26,772 INFO o.a.j.t.JMeterThread: Thread started: Threads: 50 -> 100 1-32
2025-12-09 17:35:27,970 INFO o.a.j.t.JMeterThread: Thread started: Threads: 50 -> 100 1-33
2025-12-09 17:35:29,171 INFO o.a.j.t.JMeterThread: Thread started: Threads: 50 -> 100 1-34
2025-12-09 17:35:29,468 ERROR o.a.j.v.b.i.HttpMetricsSender: Error writing metrics to influxDB Url: http://localhost:8086/write?db=jmeter, responseCode: 401, responseBody: {"code":"unauthorized","message":"unauthorized access"}
2025-12-09 17:35:30,012 INFO o.a.j.r.Summariser: summary +  11310 in 00:00:30 =  376.9/s Avg:    57 Min:     3 Max:   552 Err:  6286 (55.58%) Active: 34 Started: 34 Finished: 0
2025-12-09 17:35:30,013 INFO o.a.j.r.Summariser: summary =  13521 in 00:00:41 =  333.4/s Avg:    51 Min:     3 Max:   552 Err:  7514 (55.57%)
2025-12-09 17:35:30,372 INFO o.a.j.t.JMeterThread: Thread started: Threads: 50 -> 100 1-35
2025-12-09 17:35:31,555 INFO o.a.j.t.JMeterThread: Thread started: Threads: 50 -> 100 1-36
2025-12-09 17:35:32,773 INFO o.a.j.t.JMeterThread: Thread started: Threads: 50 -> 100 1-37
2025-12-09 17:35:33,971 INFO o.a.j.t.JMeterThread: Thread started: Threads: 50 -> 100 1-38
2025-12-09 17:35:34,464 ERROR o.a.j.v.b.i.HttpMetricsSender: Error writing metrics to influxDB Url: http://localhost:8086/write?db=jmeter, responseCode: 401, responseBody: {"code":"unauthorized","message":"unauthorized access"}
2025-12-09 17:35:35,169 INFO o.a.j.t.JMeterThread: Thread started: Threads: 50 -> 100 1-39
2025-12-09 17:35:36,351 INFO o.a.j.t.JMeterThread: Thread started: Threads: 50 -> 100 1-40
2025-12-09 17:35:37,565 INFO o.a.j.t.JMeterThread: Thread started: Threads: 50 -> 100 1-41
2025-12-09 17:35:38,768 INFO o.a.j.t.JMeterThread: Thread started: Threads: 50 -> 100 1-42
2025-12-09 17:35:39,460 ERROR o.a.j.v.b.i.HttpMetricsSender: Error writing metrics to influxDB Url: http://localhost:8086/write?db=jmeter, responseCode: 401, responseBody: {"code":"unauthorized","message":"unauthorized access"}
2025-12-09 17:35:39,967 INFO o.a.j.t.JMeterThread: Thread started: Threads: 50 -> 100 1-43
2025-12-09 17:35:41,166 INFO o.a.j.t.JMeterThread: Thread started: Threads: 50 -> 100 1-44
2025-12-09 17:35:42,347 INFO o.a.j.t.JMeterThread: Thread started: Threads: 50 -> 100 1-45
2025-12-09 17:35:43,556 INFO o.a.j.t.JMeterThread: Thread started: Threads: 50 -> 100 1-46
2025-12-09 17:35:44,474 ERROR o.a.j.v.b.i.HttpMetricsSender: Error writing metrics to influxDB Url: http://localhost:8086/write?db=jmeter, responseCode: 401, responseBody: {"code":"unauthorized","message":"unauthorized access"}
2025-12-09 17:35:44,765 INFO o.a.j.t.JMeterThread: Thread started: Threads: 50 -> 100 1-47
2025-12-09 17:35:45,966 INFO o.a.j.t.JMeterThread: Thread started: Threads: 50 -> 100 1-48
2025-12-09 17:35:47,165 INFO o.a.j.t.JMeterThread: Thread started: Threads: 50 -> 100 1-49
2025-12-09 17:35:48,362 INFO o.a.j.t.JMeterThread: Thread started: Threads: 50 -> 100 1-50
2025-12-09 17:35:49,456 ERROR o.a.j.v.b.i.HttpMetricsSender: Error writing metrics to influxDB Url: http://localhost:8086/write?db=jmeter, responseCode: 401, responseBody: {"code":"unauthorized","message":"unauthorized access"}
2025-12-09 17:35:49,503 INFO o.a.j.t.JMeterThread: Stopping because end time detected by thread: Threads: 50 -> 100 1-12
2025-12-09 17:35:49,503 INFO o.a.j.t.JMeterThread: Stopping because end time detected by thread: Threads: 50 -> 100 1-10
2025-12-09 17:35:49,503 INFO o.a.j.t.JMeterThread: Thread finished: Threads: 50 -> 100 1-12
2025-12-09 17:35:49,503 INFO o.a.j.t.JMeterThread: Thread finished: Threads: 50 -> 100 1-10
2025-12-09 17:35:49,504 INFO o.a.j.t.JMeterThread: Stopping because end time detected by thread: Threads: 50 -> 100 1-3
2025-12-09 17:35:49,504 INFO o.a.j.t.JMeterThread: Thread finished: Threads: 50 -> 100 1-3
2025-12-09 17:35:49,505 INFO o.a.j.t.JMeterThread: Stopping because end time detected by thread: Threads: 50 -> 100 1-2
2025-12-09 17:35:49,505 INFO o.a.j.t.JMeterThread: Thread finished: Threads: 50 -> 100 1-2
2025-12-09 17:35:49,508 INFO o.a.j.t.JMeterThread: Stopping because end time detected by thread: Threads: 50 -> 100 1-8
2025-12-09 17:35:49,508 INFO o.a.j.t.JMeterThread: Thread finished: Threads: 50 -> 100 1-8
2025-12-09 17:35:49,509 INFO o.a.j.t.JMeterThread: Stopping because end time detected by thread: Threads: 50 -> 100 1-25
2025-12-09 17:35:49,510 INFO o.a.j.t.JMeterThread: Stopping because end time detected by thread: Threads: 50 -> 100 1-13
2025-12-09 17:35:49,510 INFO o.a.j.t.JMeterThread: Thread finished: Threads: 50 -> 100 1-13
2025-12-09 17:35:49,510 INFO o.a.j.t.JMeterThread: Stopping because end time detected by thread: Threads: 50 -> 100 1-17
2025-12-09 17:35:49,510 INFO o.a.j.t.JMeterThread: Thread finished: Threads: 50 -> 100 1-17
2025-12-09 17:35:49,510 INFO o.a.j.t.JMeterThread: Thread finished: Threads: 50 -> 100 1-25
2025-12-09 17:35:49,511 INFO o.a.j.t.JMeterThread: Stopping because end time detected by thread: Threads: 50 -> 100 1-11
2025-12-09 17:35:49,511 INFO o.a.j.t.JMeterThread: Stopping because end time detected by thread: Threads: 50 -> 100 1-21
2025-12-09 17:35:49,511 INFO o.a.j.t.JMeterThread: Thread finished: Threads: 50 -> 100 1-21
2025-12-09 17:35:49,511 INFO o.a.j.t.JMeterThread: Thread finished: Threads: 50 -> 100 1-11
2025-12-09 17:35:49,513 INFO o.a.j.t.JMeterThread: Stopping because end time detected by thread: Threads: 50 -> 100 1-15
2025-12-09 17:35:49,513 INFO o.a.j.t.JMeterThread: Thread finished: Threads: 50 -> 100 1-15
2025-12-09 17:35:49,513 INFO o.a.j.t.JMeterThread: Stopping because end time detected by thread: Threads: 50 -> 100 1-9
2025-12-09 17:35:49,513 INFO o.a.j.t.JMeterThread: Thread finished: Threads: 50 -> 100 1-9
2025-12-09 17:35:49,514 INFO o.a.j.t.JMeterThread: Stopping because end time detected by thread: Threads: 50 -> 100 1-18
2025-12-09 17:35:49,514 INFO o.a.j.t.JMeterThread: Stopping because end time detected by thread: Threads: 50 -> 100 1-7
2025-12-09 17:35:49,514 INFO o.a.j.t.JMeterThread: Thread finished: Threads: 50 -> 100 1-18
2025-12-09 17:35:49,514 INFO o.a.j.t.JMeterThread: Thread finished: Threads: 50 -> 100 1-7
2025-12-09 17:35:49,526 INFO o.a.j.t.JMeterThread: Stopping because end time detected by thread: Threads: 50 -> 100 1-19
2025-12-09 17:35:49,526 INFO o.a.j.t.JMeterThread: Stopping because end time detected by thread: Threads: 50 -> 100 1-6
2025-12-09 17:35:49,526 INFO o.a.j.t.JMeterThread: Stopping because end time detected by thread: Threads: 50 -> 100 1-36
2025-12-09 17:35:49,526 INFO o.a.j.t.JMeterThread: Stopping because end time detected by thread: Threads: 50 -> 100 1-40
2025-12-09 17:35:49,526 INFO o.a.j.t.JMeterThread: Thread finished: Threads: 50 -> 100 1-6
2025-12-09 17:35:49,526 INFO o.a.j.t.JMeterThread: Thread finished: Threads: 50 -> 100 1-40
2025-12-09 17:35:49,526 INFO o.a.j.t.JMeterThread: Stopping because end time detected by thread: Threads: 50 -> 100 1-38
2025-12-09 17:35:49,526 INFO o.a.j.t.JMeterThread: Thread finished: Threads: 50 -> 100 1-36
2025-12-09 17:35:49,526 INFO o.a.j.t.JMeterThread: Thread finished: Threads: 50 -> 100 1-38
2025-12-09 17:35:49,526 INFO o.a.j.t.JMeterThread: Stopping because end time detected by thread: Threads: 50 -> 100 1-14
2025-12-09 17:35:49,527 INFO o.a.j.t.JMeterThread: Thread finished: Threads: 50 -> 100 1-14
2025-12-09 17:35:49,527 INFO o.a.j.t.JMeterThread: Stopping because end time detected by thread: Threads: 50 -> 100 1-28
2025-12-09 17:35:49,527 INFO o.a.j.t.JMeterThread: Thread finished: Threads: 50 -> 100 1-28
2025-12-09 17:35:49,526 INFO o.a.j.t.JMeterThread: Thread finished: Threads: 50 -> 100 1-19
2025-12-09 17:35:49,527 INFO o.a.j.t.JMeterThread: Stopping because end time detected by thread: Threads: 50 -> 100 1-31
2025-12-09 17:35:49,527 INFO o.a.j.t.JMeterThread: Thread finished: Threads: 50 -> 100 1-31
2025-12-09 17:35:49,527 INFO o.a.j.t.JMeterThread: Stopping because end time detected by thread: Threads: 50 -> 100 1-4
2025-12-09 17:35:49,527 INFO o.a.j.t.JMeterThread: Stopping because end time detected by thread: Threads: 50 -> 100 1-29
2025-12-09 17:35:49,527 INFO o.a.j.t.JMeterThread: Thread finished: Threads: 50 -> 100 1-4
2025-12-09 17:35:49,527 INFO o.a.j.t.JMeterThread: Thread finished: Threads: 50 -> 100 1-29
2025-12-09 17:35:49,527 INFO o.a.j.t.JMeterThread: Stopping because end time detected by thread: Threads: 50 -> 100 1-39
2025-12-09 17:35:49,527 INFO o.a.j.t.JMeterThread: Stopping because end time detected by thread: Threads: 50 -> 100 1-16
2025-12-09 17:35:49,527 INFO o.a.j.t.JMeterThread: Thread finished: Threads: 50 -> 100 1-39
2025-12-09 17:35:49,528 INFO o.a.j.t.JMeterThread: Thread finished: Threads: 50 -> 100 1-16
2025-12-09 17:35:49,528 INFO o.a.j.t.JMeterThread: Stopping because end time detected by thread: Threads: 50 -> 100 1-20
2025-12-09 17:35:49,528 INFO o.a.j.t.JMeterThread: Thread finished: Threads: 50 -> 100 1-20
2025-12-09 17:35:49,531 INFO o.a.j.t.JMeterThread: Stopping because end time detected by thread: Threads: 50 -> 100 1-41
2025-12-09 17:35:49,531 INFO o.a.j.t.JMeterThread: Thread finished: Threads: 50 -> 100 1-41
2025-12-09 17:35:49,533 INFO o.a.j.t.JMeterThread: Stopping because end time detected by thread: Threads: 50 -> 100 1-32
2025-12-09 17:35:49,533 INFO o.a.j.t.JMeterThread: Thread finished: Threads: 50 -> 100 1-32
2025-12-09 17:35:49,537 INFO o.a.j.t.JMeterThread: Stopping because end time detected by thread: Threads: 50 -> 100 1-44
2025-12-09 17:35:49,537 INFO o.a.j.t.JMeterThread: Stopping because end time detected by thread: Threads: 50 -> 100 1-22
2025-12-09 17:35:49,537 INFO o.a.j.t.JMeterThread: Stopping because end time detected by thread: Threads: 50 -> 100 1-35
2025-12-09 17:35:49,537 INFO o.a.j.t.JMeterThread: Stopping because end time detected by thread: Threads: 50 -> 100 1-27
2025-12-09 17:35:49,537 INFO o.a.j.t.JMeterThread: Thread finished: Threads: 50 -> 100 1-44
2025-12-09 17:35:49,537 INFO o.a.j.t.JMeterThread: Stopping because end time detected by thread: Threads: 50 -> 100 1-24
2025-12-09 17:35:49,537 INFO o.a.j.t.JMeterThread: Thread finished: Threads: 50 -> 100 1-27
2025-12-09 17:35:49,537 INFO o.a.j.t.JMeterThread: Thread finished: Threads: 50 -> 100 1-22
2025-12-09 17:35:49,537 INFO o.a.j.t.JMeterThread: Thread finished: Threads: 50 -> 100 1-35
2025-12-09 17:35:49,537 INFO o.a.j.t.JMeterThread: Thread finished: Threads: 50 -> 100 1-24
2025-12-09 17:35:49,538 INFO o.a.j.t.JMeterThread: Stopping because end time detected by thread: Threads: 50 -> 100 1-50
2025-12-09 17:35:49,538 INFO o.a.j.t.JMeterThread: Thread finished: Threads: 50 -> 100 1-50
2025-12-09 17:35:49,538 INFO o.a.j.t.JMeterThread: Stopping because end time detected by thread: Threads: 50 -> 100 1-5
2025-12-09 17:35:49,538 INFO o.a.j.t.JMeterThread: Thread finished: Threads: 50 -> 100 1-5
2025-12-09 17:35:49,538 INFO o.a.j.t.JMeterThread: Stopping because end time detected by thread: Threads: 50 -> 100 1-1
2025-12-09 17:35:49,538 INFO o.a.j.t.JMeterThread: Stopping because end time detected by thread: Threads: 50 -> 100 1-42
2025-12-09 17:35:49,538 INFO o.a.j.t.JMeterThread: Thread finished: Threads: 50 -> 100 1-1
2025-12-09 17:35:49,538 INFO o.a.j.t.JMeterThread: Thread finished: Threads: 50 -> 100 1-42
2025-12-09 17:35:49,539 INFO o.a.j.t.JMeterThread: Stopping because end time detected by thread: Threads: 50 -> 100 1-46
2025-12-09 17:35:49,539 INFO o.a.j.t.JMeterThread: Thread finished: Threads: 50 -> 100 1-46
2025-12-09 17:35:49,539 INFO o.a.j.t.JMeterThread: Stopping because end time detected by thread: Threads: 50 -> 100 1-34
2025-12-09 17:35:49,539 INFO o.a.j.t.JMeterThread: Stopping because end time detected by thread: Threads: 50 -> 100 1-45
2025-12-09 17:35:49,539 INFO o.a.j.t.JMeterThread: Thread finished: Threads: 50 -> 100 1-45
2025-12-09 17:35:49,539 INFO o.a.j.t.JMeterThread: Thread finished: Threads: 50 -> 100 1-34
2025-12-09 17:35:49,541 INFO o.a.j.t.JMeterThread: Stopping because end time detected by thread: Threads: 50 -> 100 1-48
2025-12-09 17:35:49,541 INFO o.a.j.t.JMeterThread: Thread finished: Threads: 50 -> 100 1-48
2025-12-09 17:35:49,542 INFO o.a.j.t.JMeterThread: Stopping because end time detected by thread: Threads: 50 -> 100 1-30
2025-12-09 17:35:49,543 INFO o.a.j.t.JMeterThread: Thread finished: Threads: 50 -> 100 1-30
2025-12-09 17:35:49,543 INFO o.a.j.t.JMeterThread: Stopping because end time detected by thread: Threads: 50 -> 100 1-43
2025-12-09 17:35:49,543 INFO o.a.j.t.JMeterThread: Thread finished: Threads: 50 -> 100 1-43
2025-12-09 17:35:49,543 INFO o.a.j.t.JMeterThread: Stopping because end time detected by thread: Threads: 50 -> 100 1-23
2025-12-09 17:35:49,543 INFO o.a.j.t.JMeterThread: Thread finished: Threads: 50 -> 100 1-23
2025-12-09 17:35:49,545 INFO o.a.j.t.JMeterThread: Stopping because end time detected by thread: Threads: 50 -> 100 1-33
2025-12-09 17:35:49,545 INFO o.a.j.t.JMeterThread: Thread finished: Threads: 50 -> 100 1-33
2025-12-09 17:35:49,545 INFO o.a.j.t.JMeterThread: Stopping because end time detected by thread: Threads: 50 -> 100 1-47
2025-12-09 17:35:49,545 INFO o.a.j.t.JMeterThread: Thread finished: Threads: 50 -> 100 1-47
2025-12-09 17:35:49,546 INFO o.a.j.t.JMeterThread: Stopping because end time detected by thread: Threads: 50 -> 100 1-37
2025-12-09 17:35:49,546 INFO o.a.j.t.JMeterThread: Thread finished: Threads: 50 -> 100 1-37
2025-12-09 17:35:49,547 INFO o.a.j.t.JMeterThread: Stopping because end time detected by thread: Threads: 50 -> 100 1-49
2025-12-09 17:35:49,547 INFO o.a.j.t.JMeterThread: Thread finished: Threads: 50 -> 100 1-49
2025-12-09 17:35:49,554 INFO o.a.j.t.JMeterThread: Stopping because end time detected by thread: Threads: 50 -> 100 1-26
2025-12-09 17:35:49,554 INFO o.a.j.t.JMeterThread: Thread finished: Threads: 50 -> 100 1-26
2025-12-09 17:35:49,564 INFO o.a.j.t.JMeterThread: Thread started: Threads: 50 -> 100 1-51
2025-12-09 17:35:49,584 INFO o.a.j.t.JMeterThread: Stopping because end time detected by thread: Threads: 50 -> 100 1-51
2025-12-09 17:35:49,584 INFO o.a.j.t.JMeterThread: Thread finished: Threads: 50 -> 100 1-51
2025-12-09 17:35:50,744 INFO o.a.j.t.JMeterThread: Thread started: Threads: 50 -> 100 1-52
2025-12-09 17:35:50,760 INFO o.a.j.t.JMeterThread: Stopping because end time detected by thread: Threads: 50 -> 100 1-52
2025-12-09 17:35:50,760 INFO o.a.j.t.JMeterThread: Thread finished: Threads: 50 -> 100 1-52
2025-12-09 17:35:51,946 INFO o.a.j.t.JMeterThread: Thread started: Threads: 50 -> 100 1-53
2025-12-09 17:35:51,959 INFO o.a.j.t.JMeterThread: Stopping because end time detected by thread: Threads: 50 -> 100 1-53
2025-12-09 17:35:51,959 INFO o.a.j.t.JMeterThread: Thread finished: Threads: 50 -> 100 1-53
2025-12-09 17:35:53,150 INFO o.a.j.t.JMeterThread: Thread started: Threads: 50 -> 100 1-54
2025-12-09 17:35:53,155 INFO o.a.j.t.JMeterThread: Stopping because end time detected by thread: Threads: 50 -> 100 1-54
2025-12-09 17:35:53,155 INFO o.a.j.t.JMeterThread: Thread finished: Threads: 50 -> 100 1-54
2025-12-09 17:35:54,361 INFO o.a.j.t.JMeterThread: Thread started: Threads: 50 -> 100 1-55
2025-12-09 17:35:54,368 INFO o.a.j.t.JMeterThread: Stopping because end time detected by thread: Threads: 50 -> 100 1-55
2025-12-09 17:35:54,369 INFO o.a.j.t.JMeterThread: Thread finished: Threads: 50 -> 100 1-55
2025-12-09 17:35:54,448 ERROR o.a.j.v.b.i.HttpMetricsSender: Error writing metrics to influxDB Url: http://localhost:8086/write?db=jmeter, responseCode: 401, responseBody: {"code":"unauthorized","message":"unauthorized access"}
2025-12-09 17:35:55,548 INFO o.a.j.t.JMeterThread: Thread started: Threads: 50 -> 100 1-56
2025-12-09 17:35:55,560 INFO o.a.j.t.JMeterThread: Stopping because end time detected by thread: Threads: 50 -> 100 1-56
2025-12-09 17:35:55,560 INFO o.a.j.t.JMeterThread: Thread finished: Threads: 50 -> 100 1-56
2025-12-09 17:35:56,756 INFO o.a.j.t.JMeterThread: Thread started: Threads: 50 -> 100 1-57
2025-12-09 17:35:56,768 INFO o.a.j.t.JMeterThread: Stopping because end time detected by thread: Threads: 50 -> 100 1-57
2025-12-09 17:35:56,768 INFO o.a.j.t.JMeterThread: Thread finished: Threads: 50 -> 100 1-57
2025-12-09 17:35:57,958 INFO o.a.j.t.JMeterThread: Thread started: Threads: 50 -> 100 1-58
2025-12-09 17:35:57,963 INFO o.a.j.t.JMeterThread: Stopping because end time detected by thread: Threads: 50 -> 100 1-58
2025-12-09 17:35:57,963 INFO o.a.j.t.JMeterThread: Thread finished: Threads: 50 -> 100 1-58
2025-12-09 17:35:59,157 INFO o.a.j.t.JMeterThread: Thread started: Threads: 50 -> 100 1-59
2025-12-09 17:35:59,163 INFO o.a.j.t.JMeterThread: Stopping because end time detected by thread: Threads: 50 -> 100 1-59
2025-12-09 17:35:59,163 INFO o.a.j.t.JMeterThread: Thread finished: Threads: 50 -> 100 1-59
2025-12-09 17:35:59,447 ERROR o.a.j.v.b.i.HttpMetricsSender: Error writing metrics to influxDB Url: http://localhost:8086/write?db=jmeter, responseCode: 401, responseBody: {"code":"unauthorized","message":"unauthorized access"}
2025-12-09 17:36:00,347 INFO o.a.j.t.JMeterThread: Thread started: Threads: 50 -> 100 1-60
2025-12-09 17:36:00,360 INFO o.a.j.r.Summariser: summary +   8285 in 00:00:30 =  273.0/s Avg:    99 Min:     1 Max:   547 Err:  4631 (55.90%) Active: 1 Started: 60 Finished: 59
2025-12-09 17:36:00,360 INFO o.a.j.r.Summariser: summary =  21806 in 00:01:11 =  307.6/s Avg:    69 Min:     1 Max:   552 Err: 12145 (55.70%)
2025-12-09 17:36:00,360 INFO o.a.j.t.JMeterThread: Stopping because end time detected by thread: Threads: 50 -> 100 1-60
2025-12-09 17:36:00,360 INFO o.a.j.t.JMeterThread: Thread finished: Threads: 50 -> 100 1-60
2025-12-09 17:36:01,560 INFO o.a.j.t.JMeterThread: Thread started: Threads: 50 -> 100 1-61
2025-12-09 17:36:01,572 INFO o.a.j.t.JMeterThread: Stopping because end time detected by thread: Threads: 50 -> 100 1-61
2025-12-09 17:36:01,572 INFO o.a.j.t.JMeterThread: Thread finished: Threads: 50 -> 100 1-61
2025-12-09 17:36:02,759 INFO o.a.j.t.JMeterThread: Thread started: Threads: 50 -> 100 1-62
2025-12-09 17:36:02,761 INFO o.a.j.t.JMeterThread: Stopping because end time detected by thread: Threads: 50 -> 100 1-62
2025-12-09 17:36:02,761 INFO o.a.j.t.JMeterThread: Thread finished: Threads: 50 -> 100 1-62
2025-12-09 17:36:03,957 INFO o.a.j.t.JMeterThread: Thread started: Threads: 50 -> 100 1-63
2025-12-09 17:36:03,959 INFO o.a.j.t.JMeterThread: Stopping because end time detected by thread: Threads: 50 -> 100 1-63
2025-12-09 17:36:03,960 INFO o.a.j.t.JMeterThread: Thread finished: Threads: 50 -> 100 1-63
2025-12-09 17:36:04,447 ERROR o.a.j.v.b.i.HttpMetricsSender: Error writing metrics to influxDB Url: http://localhost:8086/write?db=jmeter, responseCode: 401, responseBody: {"code":"unauthorized","message":"unauthorized access"}
2025-12-09 17:36:05,157 INFO o.a.j.t.JMeterThread: Thread started: Threads: 50 -> 100 1-64
2025-12-09 17:36:05,169 INFO o.a.j.t.JMeterThread: Stopping because end time detected by thread: Threads: 50 -> 100 1-64
2025-12-09 17:36:05,169 INFO o.a.j.t.JMeterThread: Thread finished: Threads: 50 -> 100 1-64
2025-12-09 17:36:06,353 INFO o.a.j.t.JMeterThread: Thread started: Threads: 50 -> 100 1-65
2025-12-09 17:36:06,364 INFO o.a.j.t.JMeterThread: Stopping because end time detected by thread: Threads: 50 -> 100 1-65
2025-12-09 17:36:06,365 INFO o.a.j.t.JMeterThread: Thread finished: Threads: 50 -> 100 1-65
2025-12-09 17:36:07,555 INFO o.a.j.t.JMeterThread: Thread started: Threads: 50 -> 100 1-66
2025-12-09 17:36:07,560 INFO o.a.j.t.JMeterThread: Stopping because end time detected by thread: Threads: 50 -> 100 1-66
2025-12-09 17:36:07,560 INFO o.a.j.t.JMeterThread: Thread finished: Threads: 50 -> 100 1-66
2025-12-09 17:36:08,746 INFO o.a.j.t.JMeterThread: Thread started: Threads: 50 -> 100 1-67
2025-12-09 17:36:08,753 INFO o.a.j.t.JMeterThread: Stopping because end time detected by thread: Threads: 50 -> 100 1-67
2025-12-09 17:36:08,753 INFO o.a.j.t.JMeterThread: Thread finished: Threads: 50 -> 100 1-67
2025-12-09 17:36:09,447 ERROR o.a.j.v.b.i.HttpMetricsSender: Error writing metrics to influxDB Url: http://localhost:8086/write?db=jmeter, responseCode: 401, responseBody: {"code":"unauthorized","message":"unauthorized access"}
2025-12-09 17:36:09,948 INFO o.a.j.t.JMeterThread: Thread started: Threads: 50 -> 100 1-68
2025-12-09 17:36:09,959 INFO o.a.j.t.JMeterThread: Stopping because end time detected by thread: Threads: 50 -> 100 1-68
2025-12-09 17:36:09,959 INFO o.a.j.t.JMeterThread: Thread finished: Threads: 50 -> 100 1-68
2025-12-09 17:36:11,146 INFO o.a.j.t.JMeterThread: Thread started: Threads: 50 -> 100 1-69
2025-12-09 17:36:11,158 INFO o.a.j.t.JMeterThread: Stopping because end time detected by thread: Threads: 50 -> 100 1-69
2025-12-09 17:36:11,158 INFO o.a.j.t.JMeterThread: Thread finished: Threads: 50 -> 100 1-69
2025-12-09 17:36:12,353 INFO o.a.j.t.JMeterThread: Thread started: Threads: 50 -> 100 1-70
2025-12-09 17:36:12,359 INFO o.a.j.t.JMeterThread: Stopping because end time detected by thread: Threads: 50 -> 100 1-70
2025-12-09 17:36:12,359 INFO o.a.j.t.JMeterThread: Thread finished: Threads: 50 -> 100 1-70
2025-12-09 17:36:13,549 INFO o.a.j.t.JMeterThread: Thread started: Threads: 50 -> 100 1-71
2025-12-09 17:36:13,555 INFO o.a.j.t.JMeterThread: Stopping because end time detected by thread: Threads: 50 -> 100 1-71
2025-12-09 17:36:13,555 INFO o.a.j.t.JMeterThread: Thread finished: Threads: 50 -> 100 1-71
2025-12-09 17:36:14,447 ERROR o.a.j.v.b.i.HttpMetricsSender: Error writing metrics to influxDB Url: http://localhost:8086/write?db=jmeter, responseCode: 401, responseBody: {"code":"unauthorized","message":"unauthorized access"}
2025-12-09 17:36:14,749 INFO o.a.j.t.JMeterThread: Thread started: Threads: 50 -> 100 1-72
2025-12-09 17:36:14,761 INFO o.a.j.t.JMeterThread: Stopping because end time detected by thread: Threads: 50 -> 100 1-72
2025-12-09 17:36:14,761 INFO o.a.j.t.JMeterThread: Thread finished: Threads: 50 -> 100 1-72
2025-12-09 17:36:15,949 INFO o.a.j.t.JMeterThread: Thread started: Threads: 50 -> 100 1-73
2025-12-09 17:36:15,961 INFO o.a.j.t.JMeterThread: Stopping because end time detected by thread: Threads: 50 -> 100 1-73
2025-12-09 17:36:15,961 INFO o.a.j.t.JMeterThread: Thread finished: Threads: 50 -> 100 1-73
2025-12-09 17:36:17,151 INFO o.a.j.t.JMeterThread: Thread started: Threads: 50 -> 100 1-74
2025-12-09 17:36:17,156 INFO o.a.j.t.JMeterThread: Stopping because end time detected by thread: Threads: 50 -> 100 1-74
2025-12-09 17:36:17,156 INFO o.a.j.t.JMeterThread: Thread finished: Threads: 50 -> 100 1-74
2025-12-09 17:36:18,349 INFO o.a.j.t.JMeterThread: Thread started: Threads: 50 -> 100 1-75
2025-12-09 17:36:18,351 INFO o.a.j.t.JMeterThread: Stopping because end time detected by thread: Threads: 50 -> 100 1-75
2025-12-09 17:36:18,351 INFO o.a.j.t.JMeterThread: Thread finished: Threads: 50 -> 100 1-75
2025-12-09 17:36:19,447 ERROR o.a.j.v.b.i.HttpMetricsSender: Error writing metrics to influxDB Url: http://localhost:8086/write?db=jmeter, responseCode: 401, responseBody: {"code":"unauthorized","message":"unauthorized access"}
2025-12-09 17:36:19,550 INFO o.a.j.t.JMeterThread: Thread started: Threads: 50 -> 100 1-76
2025-12-09 17:36:19,568 INFO o.a.j.t.JMeterThread: Stopping because end time detected by thread: Threads: 50 -> 100 1-76
2025-12-09 17:36:19,568 INFO o.a.j.t.JMeterThread: Thread finished: Threads: 50 -> 100 1-76
2025-12-09 17:36:20,747 INFO o.a.j.t.JMeterThread: Thread started: Threads: 50 -> 100 1-77
2025-12-09 17:36:20,764 INFO o.a.j.t.JMeterThread: Stopping because end time detected by thread: Threads: 50 -> 100 1-77
2025-12-09 17:36:20,764 INFO o.a.j.t.JMeterThread: Thread finished: Threads: 50 -> 100 1-77
2025-12-09 17:36:21,943 INFO o.a.j.t.JMeterThread: Thread started: Threads: 50 -> 100 1-78
2025-12-09 17:36:21,948 INFO o.a.j.t.JMeterThread: Stopping because end time detected by thread: Threads: 50 -> 100 1-78
2025-12-09 17:36:21,949 INFO o.a.j.t.JMeterThread: Thread finished: Threads: 50 -> 100 1-78
2025-12-09 17:36:23,149 INFO o.a.j.t.JMeterThread: Thread started: Threads: 50 -> 100 1-79
2025-12-09 17:36:23,156 INFO o.a.j.t.JMeterThread: Stopping because end time detected by thread: Threads: 50 -> 100 1-79
2025-12-09 17:36:23,156 INFO o.a.j.t.JMeterThread: Thread finished: Threads: 50 -> 100 1-79
2025-12-09 17:36:24,335 INFO o.a.j.t.JMeterThread: Thread started: Threads: 50 -> 100 1-80
2025-12-09 17:36:24,348 INFO o.a.j.t.JMeterThread: Stopping because end time detected by thread: Threads: 50 -> 100 1-80
2025-12-09 17:36:24,349 INFO o.a.j.t.JMeterThread: Thread finished: Threads: 50 -> 100 1-80
2025-12-09 17:36:24,448 ERROR o.a.j.v.b.i.HttpMetricsSender: Error writing metrics to influxDB Url: http://localhost:8086/write?db=jmeter, responseCode: 401, responseBody: {"code":"unauthorized","message":"unauthorized access"}
2025-12-09 17:36:25,548 INFO o.a.j.t.JMeterThread: Thread started: Threads: 50 -> 100 1-81
2025-12-09 17:36:25,561 INFO o.a.j.t.JMeterThread: Stopping because end time detected by thread: Threads: 50 -> 100 1-81
2025-12-09 17:36:25,561 INFO o.a.j.t.JMeterThread: Thread finished: Threads: 50 -> 100 1-81
2025-12-09 17:36:26,749 INFO o.a.j.t.JMeterThread: Thread started: Threads: 50 -> 100 1-82
2025-12-09 17:36:26,755 INFO o.a.j.t.JMeterThread: Stopping because end time detected by thread: Threads: 50 -> 100 1-82
2025-12-09 17:36:26,756 INFO o.a.j.t.JMeterThread: Thread finished: Threads: 50 -> 100 1-82
2025-12-09 17:36:27,939 INFO o.a.j.t.JMeterThread: Thread started: Threads: 50 -> 100 1-83
2025-12-09 17:36:27,942 INFO o.a.j.t.JMeterThread: Stopping because end time detected by thread: Threads: 50 -> 100 1-83
2025-12-09 17:36:27,942 INFO o.a.j.t.JMeterThread: Thread finished: Threads: 50 -> 100 1-83
2025-12-09 17:36:29,147 INFO o.a.j.t.JMeterThread: Thread started: Threads: 50 -> 100 1-84
2025-12-09 17:36:29,159 INFO o.a.j.t.JMeterThread: Stopping because end time detected by thread: Threads: 50 -> 100 1-84
2025-12-09 17:36:29,159 INFO o.a.j.t.JMeterThread: Thread finished: Threads: 50 -> 100 1-84
2025-12-09 17:36:29,448 ERROR o.a.j.v.b.i.HttpMetricsSender: Error writing metrics to influxDB Url: http://localhost:8086/write?db=jmeter, responseCode: 401, responseBody: {"code":"unauthorized","message":"unauthorized access"}
2025-12-09 17:36:30,337 INFO o.a.j.t.JMeterThread: Thread started: Threads: 50 -> 100 1-85
2025-12-09 17:36:30,350 INFO o.a.j.r.Summariser: summary +     25 in 00:00:30 =    0.8/s Avg:     8 Min:     1 Max:    17 Err:    12 (48.00%) Active: 1 Started: 85 Finished: 84
2025-12-09 17:36:30,351 INFO o.a.j.r.Summariser: summary =  21831 in 00:01:41 =  216.4/s Avg:    69 Min:     1 Max:   552 Err: 12157 (55.69%)
2025-12-09 17:36:30,351 INFO o.a.j.t.JMeterThread: Stopping because end time detected by thread: Threads: 50 -> 100 1-85
2025-12-09 17:36:30,351 INFO o.a.j.t.JMeterThread: Thread finished: Threads: 50 -> 100 1-85
2025-12-09 17:36:31,548 INFO o.a.j.t.JMeterThread: Thread started: Threads: 50 -> 100 1-86
2025-12-09 17:36:31,551 INFO o.a.j.t.JMeterThread: Stopping because end time detected by thread: Threads: 50 -> 100 1-86
2025-12-09 17:36:31,551 INFO o.a.j.t.JMeterThread: Thread finished: Threads: 50 -> 100 1-86
2025-12-09 17:36:32,746 INFO o.a.j.t.JMeterThread: Thread started: Threads: 50 -> 100 1-87
2025-12-09 17:36:32,752 INFO o.a.j.t.JMeterThread: Stopping because end time detected by thread: Threads: 50 -> 100 1-87
2025-12-09 17:36:32,753 INFO o.a.j.t.JMeterThread: Thread finished: Threads: 50 -> 100 1-87
2025-12-09 17:36:33,946 INFO o.a.j.t.JMeterThread: Thread started: Threads: 50 -> 100 1-88
2025-12-09 17:36:33,958 INFO o.a.j.t.JMeterThread: Stopping because end time detected by thread: Threads: 50 -> 100 1-88
2025-12-09 17:36:33,958 INFO o.a.j.t.JMeterThread: Thread finished: Threads: 50 -> 100 1-88
2025-12-09 17:36:34,447 ERROR o.a.j.v.b.i.HttpMetricsSender: Error writing metrics to influxDB Url: http://localhost:8086/write?db=jmeter, responseCode: 401, responseBody: {"code":"unauthorized","message":"unauthorized access"}
2025-12-09 17:36:35,138 INFO o.a.j.t.JMeterThread: Thread started: Threads: 50 -> 100 1-89
2025-12-09 17:36:35,150 INFO o.a.j.t.JMeterThread: Stopping because end time detected by thread: Threads: 50 -> 100 1-89
2025-12-09 17:36:35,150 INFO o.a.j.t.JMeterThread: Thread finished: Threads: 50 -> 100 1-89
2025-12-09 17:36:36,342 INFO o.a.j.t.JMeterThread: Thread started: Threads: 50 -> 100 1-90
2025-12-09 17:36:36,344 INFO o.a.j.t.JMeterThread: Stopping because end time detected by thread: Threads: 50 -> 100 1-90
2025-12-09 17:36:36,344 INFO o.a.j.t.JMeterThread: Thread finished: Threads: 50 -> 100 1-90
2025-12-09 17:36:37,544 INFO o.a.j.t.JMeterThread: Thread started: Threads: 50 -> 100 1-91
2025-12-09 17:36:37,551 INFO o.a.j.t.JMeterThread: Stopping because end time detected by thread: Threads: 50 -> 100 1-91
2025-12-09 17:36:37,551 INFO o.a.j.t.JMeterThread: Thread finished: Threads: 50 -> 100 1-91
2025-12-09 17:36:38,746 INFO o.a.j.t.JMeterThread: Thread started: Threads: 50 -> 100 1-92
2025-12-09 17:36:38,749 INFO o.a.j.t.JMeterThread: Stopping because end time detected by thread: Threads: 50 -> 100 1-92
2025-12-09 17:36:38,749 INFO o.a.j.t.JMeterThread: Thread finished: Threads: 50 -> 100 1-92
2025-12-09 17:36:39,449 ERROR o.a.j.v.b.i.HttpMetricsSender: Error writing metrics to influxDB Url: http://localhost:8086/write?db=jmeter, responseCode: 401, responseBody: {"code":"unauthorized","message":"unauthorized access"}
2025-12-09 17:36:39,945 INFO o.a.j.t.JMeterThread: Thread started: Threads: 50 -> 100 1-93
2025-12-09 17:36:39,958 INFO o.a.j.t.JMeterThread: Stopping because end time detected by thread: Threads: 50 -> 100 1-93
2025-12-09 17:36:39,958 INFO o.a.j.t.JMeterThread: Thread finished: Threads: 50 -> 100 1-93
2025-12-09 17:36:41,144 INFO o.a.j.t.JMeterThread: Thread started: Threads: 50 -> 100 1-94
2025-12-09 17:36:41,149 INFO o.a.j.t.JMeterThread: Stopping because end time detected by thread: Threads: 50 -> 100 1-94
2025-12-09 17:36:41,150 INFO o.a.j.t.JMeterThread: Thread finished: Threads: 50 -> 100 1-94
2025-12-09 17:36:42,343 INFO o.a.j.t.JMeterThread: Thread started: Threads: 50 -> 100 1-95
2025-12-09 17:36:42,349 INFO o.a.j.t.JMeterThread: Stopping because end time detected by thread: Threads: 50 -> 100 1-95
2025-12-09 17:36:42,350 INFO o.a.j.t.JMeterThread: Thread finished: Threads: 50 -> 100 1-95
2025-12-09 17:36:43,542 INFO o.a.j.t.JMeterThread: Thread started: Threads: 50 -> 100 1-96
2025-12-09 17:36:43,554 INFO o.a.j.t.JMeterThread: Stopping because end time detected by thread: Threads: 50 -> 100 1-96
2025-12-09 17:36:43,554 INFO o.a.j.t.JMeterThread: Thread finished: Threads: 50 -> 100 1-96
2025-12-09 17:36:44,447 ERROR o.a.j.v.b.i.HttpMetricsSender: Error writing metrics to influxDB Url: http://localhost:8086/write?db=jmeter, responseCode: 401, responseBody: {"code":"unauthorized","message":"unauthorized access"}
2025-12-09 17:36:44,743 INFO o.a.j.t.JMeterThread: Thread started: Threads: 50 -> 100 1-97
2025-12-09 17:36:44,755 INFO o.a.j.t.JMeterThread: Stopping because end time detected by thread: Threads: 50 -> 100 1-97
2025-12-09 17:36:44,755 INFO o.a.j.t.JMeterThread: Thread finished: Threads: 50 -> 100 1-97
2025-12-09 17:36:45,940 INFO o.a.j.t.JMeterThread: Thread started: Threads: 50 -> 100 1-98
2025-12-09 17:36:45,945 INFO o.a.j.t.JMeterThread: Stopping because end time detected by thread: Threads: 50 -> 100 1-98
2025-12-09 17:36:45,945 INFO o.a.j.t.JMeterThread: Thread finished: Threads: 50 -> 100 1-98
2025-12-09 17:36:47,140 INFO o.a.j.t.JMeterThread: Thread started: Threads: 50 -> 100 1-99
2025-12-09 17:36:47,147 INFO o.a.j.t.JMeterThread: Stopping because end time detected by thread: Threads: 50 -> 100 1-99
2025-12-09 17:36:47,147 INFO o.a.j.t.JMeterThread: Thread finished: Threads: 50 -> 100 1-99
2025-12-09 17:36:48,328 INFO o.a.j.t.JMeterThread: Thread started: Threads: 50 -> 100 1-100
2025-12-09 17:36:48,340 INFO o.a.j.t.JMeterThread: Stopping because end time detected by thread: Threads: 50 -> 100 1-100
2025-12-09 17:36:48,340 INFO o.a.j.t.JMeterThread: Thread finished: Threads: 50 -> 100 1-100
2025-12-09 17:36:48,340 INFO o.a.j.e.StandardJMeterEngine: Notifying test listeners of end of test
2025-12-09 17:36:48,340 INFO o.a.j.s.FileServer: Close: ../data/item-ids.csv
2025-12-09 17:36:48,340 INFO o.a.j.s.FileServer: Close: ../data/category-ids.csv
2025-12-09 17:36:48,341 INFO o.a.j.v.b.BackendListener: Worker ended
2025-12-09 17:36:48,342 INFO o.a.j.v.b.i.InfluxdbBackendListenerClient: Sending last metrics to InfluxDB
2025-12-09 17:36:48,344 INFO o.a.j.v.b.i.HttpMetricsSender: Destroying 
2025-12-09 17:36:48,345 ERROR o.a.j.v.b.i.HttpMetricsSender: Error writing metrics to influxDB Url: http://localhost:8086/write?db=jmeter, responseCode: 401, responseBody: {"code":"unauthorized","message":"unauthorized access"}
2025-12-09 17:36:48,347 INFO o.a.j.r.Summariser: summary +     15 in 00:00:18 =    0.8/s Avg:     7 Min:     1 Max:    12 Err:     9 (60.00%) Active: 0 Started: 100 Finished: 100
2025-12-09 17:36:48,347 INFO o.a.j.r.Summariser: summary =  21846 in 00:01:59 =  183.8/s Avg:    69 Min:     1 Max:   552 Err: 12166 (55.69%)
